---------------------------------------------------------------
[ 2019-01-17T17:20:12+08:00 ] 127.0.0.1 127.0.0.1 GET /
[ info ] jfshopt.gxwdbg.com/ [运行时间：0.246500s][吞吐率：4.06req/s] [内存消耗：1,772.36kb] [文件加载：46]
[ info ] [ LANG ] /Library/WebServer/Documents/jfshop.gxwdbg.com/thinkphp/lang/zh-cn.php
[ info ] [ ROUTE ] array (
  'type' => 'module',
  'module' => 
  array (
    0 => '',
    1 => NULL,
    2 => NULL,
  ),
)
[ info ] [ HEADER ] array (
  'host' => 'jfshopt.gxwdbg.com',
  'connection' => 'keep-alive',
  'upgrade-insecure-requests' => '1',
  'user-agent' => 'Mozilla/5.0 (Macintosh; Intel Mac OS X 10_14_2) AppleWebKit/537.36 (KHTML, like Gecko) Chrome/71.0.3578.98 Safari/537.36',
  'accept' => 'text/html,application/xhtml+xml,application/xml;q=0.9,image/webp,image/apng,*/*;q=0.8',
  'accept-encoding' => 'gzip, deflate',
  'accept-language' => 'zh-CN,zh;q=0.9,ja;q=0.8',
  'cookie' => 'Hm_lvt_32e3cb4cf7e5c6772c4dc1f5d496b6af=1542696907,1542869413,1544175225,1545213127; Hm_lvt_920c9eb6c337fe682f18b68f6d2b2464=1542696907,1542869412,1544175225,1545213237',
)
[ info ] [ PARAM ] array (
)
[ info ] [ CACHE ] INIT File
[ info ] [ RUN ] osc\index\controller\Index->index[ /Library/WebServer/Documents/jfshop.gxwdbg.com/oscshop/index/controller/Index.php ]
[ info ] [ VIEW ] ./oscshop/index/view/index/index.html [ array (
  0 => 'top_nav',
  1 => 'empty',
  2 => 'list',
  3 => 'SEO',
) ]
[ info ] [ SESSION ] INIT array (
  'type' => '',
  'auto_start' => true,
)
[ info ] [ LOG ] INIT File
---------------------------------------------------------------
[ 2019-01-17T17:20:14+08:00 ] 127.0.0.1 127.0.0.1 GET /favicon.ico
[ info ] jfshopt.gxwdbg.com/favicon.ico [运行时间：0.028002s][吞吐率：35.71req/s] [内存消耗：1,220.95kb] [文件加载：33]
[ info ] [ LANG ] /Library/WebServer/Documents/jfshop.gxwdbg.com/thinkphp/lang/zh-cn.php
[ info ] [ ROUTE ] array (
  'type' => 'module',
  'module' => 
  array (
    0 => 'favicon',
    1 => NULL,
    2 => NULL,
  ),
)
[ info ] [ HEADER ] array (
  'host' => 'jfshopt.gxwdbg.com',
  'connection' => 'keep-alive',
  'user-agent' => 'Mozilla/5.0 (Macintosh; Intel Mac OS X 10_14_2) AppleWebKit/537.36 (KHTML, like Gecko) Chrome/71.0.3578.98 Safari/537.36',
  'accept' => 'image/webp,image/apng,image/*,*/*;q=0.8',
  'referer' => 'http://jfshopt.gxwdbg.com/',
  'accept-encoding' => 'gzip, deflate',
  'accept-language' => 'zh-CN,zh;q=0.9,ja;q=0.8',
  'cookie' => 'Hm_lvt_920c9eb6c337fe682f18b68f6d2b2464=1542696907,1542869412,1544175225,1545213237; PHPSESSID=888b9d81d58223f49e56958caa1a029b; Hm_lvt_32e3cb4cf7e5c6772c4dc1f5d496b6af=1545213127,1547716815; Hm_lpvt_32e3cb4cf7e5c6772c4dc1f5d496b6af=1547716815',
)
[ info ] [ PARAM ] array (
)
[ info ] [ LOG ] INIT File
---------------------------------------------------------------
[ 2019-01-17T17:21:45+08:00 ] 127.0.0.1 127.0.0.1 GET /
[ info ] jfshopt.gxwdbg.com/ [运行时间：0.304975s][吞吐率：3.28req/s] [内存消耗：1,773.21kb] [文件加载：46]
[ info ] [ LANG ] /Library/WebServer/Documents/jfshop.gxwdbg.com/thinkphp/lang/zh-cn.php
[ info ] [ ROUTE ] array (
  'type' => 'module',
  'module' => 
  array (
    0 => '',
    1 => NULL,
    2 => NULL,
  ),
)
[ info ] [ HEADER ] array (
  'host' => 'jfshopt.gxwdbg.com',
  'connection' => 'keep-alive',
  'cache-control' => 'max-age=0',
  'upgrade-insecure-requests' => '1',
  'user-agent' => 'Mozilla/5.0 (Macintosh; Intel Mac OS X 10_14_2) AppleWebKit/537.36 (KHTML, like Gecko) Chrome/71.0.3578.98 Safari/537.36',
  'accept' => 'text/html,application/xhtml+xml,application/xml;q=0.9,image/webp,image/apng,*/*;q=0.8',
  'accept-encoding' => 'gzip, deflate',
  'accept-language' => 'zh-CN,zh;q=0.9,ja;q=0.8',
  'cookie' => 'Hm_lvt_920c9eb6c337fe682f18b68f6d2b2464=1542696907,1542869412,1544175225,1545213237; PHPSESSID=888b9d81d58223f49e56958caa1a029b; Hm_lvt_32e3cb4cf7e5c6772c4dc1f5d496b6af=1545213127,1547716815; Hm_lpvt_32e3cb4cf7e5c6772c4dc1f5d496b6af=1547716815',
)
[ info ] [ PARAM ] array (
)
[ info ] [ CACHE ] INIT File
[ info ] [ RUN ] osc\index\controller\Index->index[ /Library/WebServer/Documents/jfshop.gxwdbg.com/oscshop/index/controller/Index.php ]
[ info ] [ VIEW ] ./oscshop/index/view/index/index.html [ array (
  0 => 'top_nav',
  1 => 'empty',
  2 => 'list',
  3 => 'SEO',
) ]
[ info ] [ SESSION ] INIT array (
  'type' => '',
  'auto_start' => true,
)
[ info ] [ LOG ] INIT File
---------------------------------------------------------------
[ 2019-01-17T17:21:55+08:00 ] 127.0.0.1 127.0.0.1 GET /
[ info ] jfshopt.gxwdbg.com/ [运行时间：0.043398s][吞吐率：23.04req/s] [内存消耗：1,500.33kb] [文件加载：40]
[ info ] [ LANG ] /Library/WebServer/Documents/jfshop.gxwdbg.com/thinkphp/lang/zh-cn.php
[ info ] [ ROUTE ] array (
  'type' => 'module',
  'module' => 
  array (
    0 => '',
    1 => NULL,
    2 => NULL,
  ),
)
[ info ] [ HEADER ] array (
  'host' => 'jfshopt.gxwdbg.com',
  'connection' => 'keep-alive',
  'cache-control' => 'max-age=0',
  'upgrade-insecure-requests' => '1',
  'user-agent' => 'Mozilla/5.0 (iPad; CPU OS 11_0 like Mac OS X) AppleWebKit/604.1.34 (KHTML, like Gecko) Version/11.0 Mobile/15A5341f Safari/604.1',
  'accept' => 'text/html,application/xhtml+xml,application/xml;q=0.9,image/webp,image/apng,*/*;q=0.8',
  'accept-encoding' => 'gzip, deflate',
  'accept-language' => 'zh-CN,zh;q=0.9,ja;q=0.8',
  'cookie' => 'Hm_lvt_920c9eb6c337fe682f18b68f6d2b2464=1542696907,1542869412,1544175225,1545213237; PHPSESSID=888b9d81d58223f49e56958caa1a029b; Hm_lvt_32e3cb4cf7e5c6772c4dc1f5d496b6af=1545213127,1547716815; Hm_lpvt_32e3cb4cf7e5c6772c4dc1f5d496b6af=1547716906',
)
[ info ] [ PARAM ] array (
)
[ info ] [ CACHE ] INIT File
[ info ] [ LOG ] INIT File
---------------------------------------------------------------
[ 2019-01-17T17:21:56+08:00 ] 127.0.0.1 127.0.0.1 GET /mobile/
[ info ] jfshopt.gxwdbg.com/mobile/ [运行时间：1.171545s][吞吐率：0.85req/s] [内存消耗：2,396.80kb] [文件加载：53]
[ info ] [ LANG ] /Library/WebServer/Documents/jfshop.gxwdbg.com/thinkphp/lang/zh-cn.php
[ info ] [ ROUTE ] array (
  'type' => 'module',
  'module' => 
  array (
    0 => 'mobile',
    1 => 'index',
    2 => 'index',
  ),
  'convert' => false,
)
[ info ] [ HEADER ] array (
  'host' => 'jfshopt.gxwdbg.com',
  'connection' => 'keep-alive',
  'cache-control' => 'max-age=0',
  'upgrade-insecure-requests' => '1',
  'user-agent' => 'Mozilla/5.0 (iPad; CPU OS 11_0 like Mac OS X) AppleWebKit/604.1.34 (KHTML, like Gecko) Version/11.0 Mobile/15A5341f Safari/604.1',
  'accept' => 'text/html,application/xhtml+xml,application/xml;q=0.9,image/webp,image/apng,*/*;q=0.8',
  'accept-encoding' => 'gzip, deflate',
  'accept-language' => 'zh-CN,zh;q=0.9,ja;q=0.8',
  'cookie' => 'Hm_lvt_920c9eb6c337fe682f18b68f6d2b2464=1542696907,1542869412,1544175225,1545213237; PHPSESSID=888b9d81d58223f49e56958caa1a029b; Hm_lvt_32e3cb4cf7e5c6772c4dc1f5d496b6af=1545213127,1547716815; Hm_lpvt_32e3cb4cf7e5c6772c4dc1f5d496b6af=1547716906',
)
[ info ] [ PARAM ] array (
)
[ info ] [ CACHE ] INIT File
[ info ] [ RUN ] osc\mobile\controller\Index->index[ /Library/WebServer/Documents/jfshop.gxwdbg.com/oscshop/mobile/controller/Index.php ]
[ info ] [ DB ] INIT mysql
[ info ] [ VIEW ] ./oscshop/mobile/view/index/index.html [ array (
  0 => 'list',
  1 => 'SEO',
  2 => 'flag',
) ]
[ info ] [ LOG ] INIT File
---------------------------------------------------------------
[ 2019-01-17T17:22:00+08:00 ] 127.0.0.1 127.0.0.1 GET /mobile/index/ajax_goods_list/page/0
[ info ] jfshopt.gxwdbg.com/mobile/index/ajax_goods_list/page/0 [运行时间：1.187347s][吞吐率：0.84req/s] [内存消耗：1,799.74kb] [文件加载：49]
[ info ] [ LANG ] /Library/WebServer/Documents/jfshop.gxwdbg.com/thinkphp/lang/zh-cn.php
[ info ] [ ROUTE ] array (
  'type' => 'module',
  'module' => 
  array (
    0 => 'mobile',
    1 => 'index',
    2 => 'ajax_goods_list',
  ),
)
[ info ] [ HEADER ] array (
  'host' => 'jfshopt.gxwdbg.com',
  'connection' => 'keep-alive',
  'accept' => '*/*',
  'x-requested-with' => 'XMLHttpRequest',
  'user-agent' => 'Mozilla/5.0 (iPad; CPU OS 11_0 like Mac OS X) AppleWebKit/604.1.34 (KHTML, like Gecko) Version/11.0 Mobile/15A5341f Safari/604.1',
  'referer' => 'http://jfshopt.gxwdbg.com/mobile/',
  'accept-encoding' => 'gzip, deflate',
  'accept-language' => 'zh-CN,zh;q=0.9,ja;q=0.8',
  'cookie' => 'Hm_lvt_920c9eb6c337fe682f18b68f6d2b2464=1542696907,1542869412,1544175225,1545213237; PHPSESSID=888b9d81d58223f49e56958caa1a029b; Hm_lvt_32e3cb4cf7e5c6772c4dc1f5d496b6af=1545213127,1547716815; Hm_lpvt_32e3cb4cf7e5c6772c4dc1f5d496b6af=1547716906; osc_jump_url=http%3A%2F%2Fjfshopt.gxwdbg.com%2Fmobile%2F',
)
[ info ] [ PARAM ] array (
  'page' => '0',
)
[ info ] [ CACHE ] INIT File
[ info ] [ RUN ] osc\mobile\controller\Index->ajax_goods_list[ /Library/WebServer/Documents/jfshop.gxwdbg.com/oscshop/mobile/controller/Index.php ]
[ info ] [ DB ] INIT mysql
[ info ] [ LOG ] INIT File
---------------------------------------------------------------
[ 2019-01-17T17:22:17+08:00 ] 127.0.0.1 127.0.0.1 GET /mobile/
[ info ] jfshopt.gxwdbg.com/mobile/ [运行时间：0.463867s][吞吐率：2.16req/s] [内存消耗：2,396.95kb] [文件加载：53]
[ info ] [ LANG ] /Library/WebServer/Documents/jfshop.gxwdbg.com/thinkphp/lang/zh-cn.php
[ info ] [ ROUTE ] array (
  'type' => 'module',
  'module' => 
  array (
    0 => 'mobile',
    1 => 'index',
    2 => 'index',
  ),
  'convert' => false,
)
[ info ] [ HEADER ] array (
  'host' => 'jfshopt.gxwdbg.com',
  'connection' => 'keep-alive',
  'cache-control' => 'max-age=0',
  'upgrade-insecure-requests' => '1',
  'user-agent' => 'Mozilla/5.0 (iPhone; CPU iPhone OS 11_0 like Mac OS X) AppleWebKit/604.1.38 (KHTML, like Gecko) Version/11.0 Mobile/15A372 Safari/604.1',
  'accept' => 'text/html,application/xhtml+xml,application/xml;q=0.9,image/webp,image/apng,*/*;q=0.8',
  'accept-encoding' => 'gzip, deflate',
  'accept-language' => 'zh-CN,zh;q=0.9,ja;q=0.8',
  'cookie' => 'PHPSESSID=888b9d81d58223f49e56958caa1a029b; Hm_lvt_32e3cb4cf7e5c6772c4dc1f5d496b6af=1545213127,1547716815; osc_jump_url=http%3A%2F%2Fjfshopt.gxwdbg.com%2Fmobile%2F; Hm_lvt_920c9eb6c337fe682f18b68f6d2b2464=1545213237,1547716918; Hm_lpvt_920c9eb6c337fe682f18b68f6d2b2464=1547716918; Hm_lpvt_32e3cb4cf7e5c6772c4dc1f5d496b6af=1547716918',
)
[ info ] [ PARAM ] array (
)
[ info ] [ CACHE ] INIT File
[ info ] [ RUN ] osc\mobile\controller\Index->index[ /Library/WebServer/Documents/jfshop.gxwdbg.com/oscshop/mobile/controller/Index.php ]
[ info ] [ DB ] INIT mysql
[ info ] [ VIEW ] ./oscshop/mobile/view/index/index.html [ array (
  0 => 'list',
  1 => 'SEO',
  2 => 'flag',
) ]
[ info ] [ LOG ] INIT File
---------------------------------------------------------------
[ 2019-01-17T17:22:18+08:00 ] 127.0.0.1 127.0.0.1 GET /mobile/index/ajax_goods_list/page/0
[ info ] jfshopt.gxwdbg.com/mobile/index/ajax_goods_list/page/0 [运行时间：0.116045s][吞吐率：8.62req/s] [内存消耗：1,799.74kb] [文件加载：49]
[ info ] [ LANG ] /Library/WebServer/Documents/jfshop.gxwdbg.com/thinkphp/lang/zh-cn.php
[ info ] [ ROUTE ] array (
  'type' => 'module',
  'module' => 
  array (
    0 => 'mobile',
    1 => 'index',
    2 => 'ajax_goods_list',
  ),
)
[ info ] [ HEADER ] array (
  'host' => 'jfshopt.gxwdbg.com',
  'connection' => 'keep-alive',
  'accept' => '*/*',
  'x-requested-with' => 'XMLHttpRequest',
  'user-agent' => 'Mozilla/5.0 (iPhone; CPU iPhone OS 11_0 like Mac OS X) AppleWebKit/604.1.38 (KHTML, like Gecko) Version/11.0 Mobile/15A372 Safari/604.1',
  'referer' => 'http://jfshopt.gxwdbg.com/mobile/',
  'accept-encoding' => 'gzip, deflate',
  'accept-language' => 'zh-CN,zh;q=0.9,ja;q=0.8',
  'cookie' => 'PHPSESSID=888b9d81d58223f49e56958caa1a029b; Hm_lvt_32e3cb4cf7e5c6772c4dc1f5d496b6af=1545213127,1547716815; osc_jump_url=http%3A%2F%2Fjfshopt.gxwdbg.com%2Fmobile%2F; Hm_lvt_920c9eb6c337fe682f18b68f6d2b2464=1545213237,1547716918; Hm_lpvt_920c9eb6c337fe682f18b68f6d2b2464=1547716918; Hm_lpvt_32e3cb4cf7e5c6772c4dc1f5d496b6af=1547716918',
)
[ info ] [ PARAM ] array (
  'page' => '0',
)
[ info ] [ CACHE ] INIT File
[ info ] [ RUN ] osc\mobile\controller\Index->ajax_goods_list[ /Library/WebServer/Documents/jfshop.gxwdbg.com/oscshop/mobile/controller/Index.php ]
[ info ] [ DB ] INIT mysql
[ info ] [ LOG ] INIT File
