---------------------------------------------------------------
[ 2019-01-31T14:39:44+08:00 ] 127.0.0.1 127.0.0.1 GET /admin
[ info ] jfshopt.gxwdbg.com/admin [运行时间：0.250963s][吞吐率：3.98req/s] [内存消耗：1,668.36kb] [文件加载：46]
[ info ] [ LANG ] /Library/WebServer/Documents/jfshop.gxwdbg.com/thinkphp/lang/zh-cn.php
[ info ] [ ROUTE ] array (
  'type' => 'module',
  'module' => 
  array (
    0 => 'admin',
    1 => NULL,
    2 => NULL,
  ),
)
[ info ] [ HEADER ] array (
  'host' => 'jfshopt.gxwdbg.com',
  'connection' => 'keep-alive',
  'upgrade-insecure-requests' => '1',
  'user-agent' => 'Mozilla/5.0 (Macintosh; Intel Mac OS X 10_14_2) AppleWebKit/537.36 (KHTML, like Gecko) Chrome/71.0.3578.98 Safari/537.36',
  'accept' => 'text/html,application/xhtml+xml,application/xml;q=0.9,image/webp,image/apng,*/*;q=0.8',
  'accept-encoding' => 'gzip, deflate',
  'accept-language' => 'zh-CN,zh;q=0.9,ja;q=0.8',
  'cookie' => 'Hm_lvt_32e3cb4cf7e5c6772c4dc1f5d496b6af=1548215462,1548402070,1548750583,1548812865; Hm_lvt_920c9eb6c337fe682f18b68f6d2b2464=1548215480,1548402085,1548750593,1548812871',
)
[ info ] [ PARAM ] array (
)
[ info ] [ CACHE ] INIT File
[ info ] [ SESSION ] INIT array (
  'type' => '',
  'auto_start' => true,
)
[ info ] [ LOG ] INIT File
---------------------------------------------------------------
[ 2019-01-31T14:39:44+08:00 ] 127.0.0.1 127.0.0.1 GET /admin/Login/login
[ info ] jfshopt.gxwdbg.com/admin/Login/login [运行时间：0.021768s][吞吐率：45.94req/s] [内存消耗：1,627.74kb] [文件加载：44]
[ info ] [ LANG ] /Library/WebServer/Documents/jfshop.gxwdbg.com/thinkphp/lang/zh-cn.php
[ info ] [ ROUTE ] array (
  'type' => 'module',
  'module' => 
  array (
    0 => 'admin',
    1 => 'Login',
    2 => 'login',
  ),
)
[ info ] [ HEADER ] array (
  'host' => 'jfshopt.gxwdbg.com',
  'connection' => 'keep-alive',
  'upgrade-insecure-requests' => '1',
  'user-agent' => 'Mozilla/5.0 (Macintosh; Intel Mac OS X 10_14_2) AppleWebKit/537.36 (KHTML, like Gecko) Chrome/71.0.3578.98 Safari/537.36',
  'accept' => 'text/html,application/xhtml+xml,application/xml;q=0.9,image/webp,image/apng,*/*;q=0.8',
  'accept-encoding' => 'gzip, deflate',
  'accept-language' => 'zh-CN,zh;q=0.9,ja;q=0.8',
  'cookie' => 'Hm_lvt_32e3cb4cf7e5c6772c4dc1f5d496b6af=1548215462,1548402070,1548750583,1548812865; Hm_lvt_920c9eb6c337fe682f18b68f6d2b2464=1548215480,1548402085,1548750593,1548812871; PHPSESSID=abe32ea2fd065cc51e50c9573ab13fb4',
)
[ info ] [ PARAM ] array (
)
[ info ] [ CACHE ] INIT File
[ info ] [ RUN ] osc\admin\controller\Login->login[ /Library/WebServer/Documents/jfshop.gxwdbg.com/oscshop/admin/controller/Login.php ]
[ info ] [ SESSION ] INIT array (
  'type' => '',
  'auto_start' => true,
)
[ info ] [ VIEW ] ./oscshop/admin/view/public/login.html [ array (
) ]
[ info ] [ LOG ] INIT File
---------------------------------------------------------------
[ 2019-01-31T14:39:47+08:00 ] 127.0.0.1 127.0.0.1 GET /favicon.ico
[ info ] jfshopt.gxwdbg.com/favicon.ico [运行时间：0.366307s][吞吐率：2.73req/s] [内存消耗：1,221.15kb] [文件加载：33]
[ info ] [ LANG ] /Library/WebServer/Documents/jfshop.gxwdbg.com/thinkphp/lang/zh-cn.php
[ info ] [ ROUTE ] array (
  'type' => 'module',
  'module' => 
  array (
    0 => 'favicon',
    1 => NULL,
    2 => NULL,
  ),
)
[ info ] [ HEADER ] array (
  'host' => 'jfshopt.gxwdbg.com',
  'connection' => 'keep-alive',
  'user-agent' => 'Mozilla/5.0 (Macintosh; Intel Mac OS X 10_14_2) AppleWebKit/537.36 (KHTML, like Gecko) Chrome/71.0.3578.98 Safari/537.36',
  'accept' => 'image/webp,image/apng,image/*,*/*;q=0.8',
  'referer' => 'http://jfshopt.gxwdbg.com/admin/Login/login',
  'accept-encoding' => 'gzip, deflate',
  'accept-language' => 'zh-CN,zh;q=0.9,ja;q=0.8',
  'cookie' => 'Hm_lvt_32e3cb4cf7e5c6772c4dc1f5d496b6af=1548215462,1548402070,1548750583,1548812865; Hm_lvt_920c9eb6c337fe682f18b68f6d2b2464=1548215480,1548402085,1548750593,1548812871; PHPSESSID=abe32ea2fd065cc51e50c9573ab13fb4',
)
[ info ] [ PARAM ] array (
)
[ info ] [ LOG ] INIT File
---------------------------------------------------------------
[ 2019-01-31T14:39:48+08:00 ] 127.0.0.1 127.0.0.1 GET /
[ info ] jfshopt.gxwdbg.com/ [运行时间：0.705588s][吞吐率：1.42req/s] [内存消耗：1,772.75kb] [文件加载：46]
[ info ] [ LANG ] /Library/WebServer/Documents/jfshop.gxwdbg.com/thinkphp/lang/zh-cn.php
[ info ] [ ROUTE ] array (
  'type' => 'module',
  'module' => 
  array (
    0 => '',
    1 => NULL,
    2 => NULL,
  ),
)
[ info ] [ HEADER ] array (
  'host' => 'jfshopt.gxwdbg.com',
  'connection' => 'keep-alive',
  'upgrade-insecure-requests' => '1',
  'user-agent' => 'Mozilla/5.0 (Macintosh; Intel Mac OS X 10_14_2) AppleWebKit/537.36 (KHTML, like Gecko) Chrome/71.0.3578.98 Safari/537.36',
  'accept' => 'text/html,application/xhtml+xml,application/xml;q=0.9,image/webp,image/apng,*/*;q=0.8',
  'accept-encoding' => 'gzip, deflate',
  'accept-language' => 'zh-CN,zh;q=0.9,ja;q=0.8',
  'cookie' => 'Hm_lvt_32e3cb4cf7e5c6772c4dc1f5d496b6af=1548215462,1548402070,1548750583,1548812865; Hm_lvt_920c9eb6c337fe682f18b68f6d2b2464=1548215480,1548402085,1548750593,1548812871; PHPSESSID=abe32ea2fd065cc51e50c9573ab13fb4',
)
[ info ] [ PARAM ] array (
)
[ info ] [ CACHE ] INIT File
[ info ] [ RUN ] osc\index\controller\Index->index[ /Library/WebServer/Documents/jfshop.gxwdbg.com/oscshop/index/controller/Index.php ]
[ info ] [ VIEW ] ./oscshop/index/view/index/index.html [ array (
  0 => 'top_nav',
  1 => 'empty',
  2 => 'list',
  3 => 'SEO',
) ]
[ info ] [ SESSION ] INIT array (
  'type' => '',
  'auto_start' => true,
)
[ info ] [ LOG ] INIT File
---------------------------------------------------------------
[ 2019-01-31T14:39:57+08:00 ] 127.0.0.1 127.0.0.1 GET /mobile/
[ info ] jfshopt.gxwdbg.com/mobile/ [运行时间：2.198575s][吞吐率：0.45req/s] [内存消耗：2,489.62kb] [文件加载：56]
[ info ] [ LANG ] /Library/WebServer/Documents/jfshop.gxwdbg.com/thinkphp/lang/zh-cn.php
[ info ] [ ROUTE ] array (
  'type' => 'module',
  'module' => 
  array (
    0 => 'mobile',
    1 => 'index',
    2 => 'index',
  ),
  'convert' => false,
)
[ info ] [ HEADER ] array (
  'host' => 'jfshopt.gxwdbg.com',
  'connection' => 'keep-alive',
  'upgrade-insecure-requests' => '1',
  'user-agent' => 'Mozilla/5.0 (Macintosh; Intel Mac OS X 10_14_2) AppleWebKit/537.36 (KHTML, like Gecko) Chrome/71.0.3578.98 Safari/537.36',
  'accept' => 'text/html,application/xhtml+xml,application/xml;q=0.9,image/webp,image/apng,*/*;q=0.8',
  'accept-encoding' => 'gzip, deflate',
  'accept-language' => 'zh-CN,zh;q=0.9,ja;q=0.8',
  'cookie' => 'Hm_lvt_920c9eb6c337fe682f18b68f6d2b2464=1548215480,1548402085,1548750593,1548812871; PHPSESSID=abe32ea2fd065cc51e50c9573ab13fb4; Hm_lvt_32e3cb4cf7e5c6772c4dc1f5d496b6af=1548402070,1548750583,1548812865,1548916789; Hm_lpvt_32e3cb4cf7e5c6772c4dc1f5d496b6af=1548916789',
)
[ info ] [ PARAM ] array (
)
[ info ] [ CACHE ] INIT File
[ info ] [ RUN ] osc\mobile\controller\Index->index[ /Library/WebServer/Documents/jfshop.gxwdbg.com/oscshop/mobile/controller/Index.php ]
[ info ] [ DB ] INIT mysql
[ info ] [ VIEW ] ./oscshop/mobile/view/index/index.html [ array (
  0 => 'goods',
  1 => 'timeoff',
  2 => 'list',
  3 => 'SEO',
  4 => 'flag',
  5 => 'userinfo',
) ]
[ info ] [ LOG ] INIT File
[ error ] [8]Use of undefined constant UID - assumed 'UID'[/Library/WebServer/Documents/jfshop.gxwdbg.com/oscshop/mobile/controller/Index.php:53]
---------------------------------------------------------------
[ 2019-01-31T14:40:02+08:00 ] 127.0.0.1 127.0.0.1 GET /mobile/index/ajax_goods_list/page/0
[ info ] jfshopt.gxwdbg.com/mobile/index/ajax_goods_list/page/0 [运行时间：2.600922s][吞吐率：0.38req/s] [内存消耗：1,808.27kb] [文件加载：49]
[ info ] [ LANG ] /Library/WebServer/Documents/jfshop.gxwdbg.com/thinkphp/lang/zh-cn.php
[ info ] [ ROUTE ] array (
  'type' => 'module',
  'module' => 
  array (
    0 => 'mobile',
    1 => 'index',
    2 => 'ajax_goods_list',
  ),
)
[ info ] [ HEADER ] array (
  'host' => 'jfshopt.gxwdbg.com',
  'connection' => 'keep-alive',
  'accept' => '*/*',
  'x-requested-with' => 'XMLHttpRequest',
  'user-agent' => 'Mozilla/5.0 (Macintosh; Intel Mac OS X 10_14_2) AppleWebKit/537.36 (KHTML, like Gecko) Chrome/71.0.3578.98 Safari/537.36',
  'referer' => 'http://jfshopt.gxwdbg.com/mobile/',
  'accept-encoding' => 'gzip, deflate',
  'accept-language' => 'zh-CN,zh;q=0.9,ja;q=0.8',
  'cookie' => 'Hm_lvt_920c9eb6c337fe682f18b68f6d2b2464=1548215480,1548402085,1548750593,1548812871; PHPSESSID=abe32ea2fd065cc51e50c9573ab13fb4; Hm_lvt_32e3cb4cf7e5c6772c4dc1f5d496b6af=1548402070,1548750583,1548812865,1548916789; Hm_lpvt_32e3cb4cf7e5c6772c4dc1f5d496b6af=1548916789; osc_jump_url=http%3A%2F%2Fjfshopt.gxwdbg.com%2Fmobile%2F',
)
[ info ] [ PARAM ] array (
  'page' => '0',
)
[ info ] [ CACHE ] INIT File
[ info ] [ RUN ] osc\mobile\controller\Index->ajax_goods_list[ /Library/WebServer/Documents/jfshop.gxwdbg.com/oscshop/mobile/controller/Index.php ]
[ info ] [ DB ] INIT mysql
[ info ] [ LOG ] INIT File
---------------------------------------------------------------
[ 2019-01-31T14:40:04+08:00 ] 127.0.0.1 127.0.0.1 GET /mobile/user/index
[ info ] jfshopt.gxwdbg.com/mobile/user/index [运行时间：0.362430s][吞吐率：2.76req/s] [内存消耗：1,652.89kb] [文件加载：48]
[ info ] [ LANG ] /Library/WebServer/Documents/jfshop.gxwdbg.com/thinkphp/lang/zh-cn.php
[ info ] [ ROUTE ] array (
  'type' => 'module',
  'module' => 
  array (
    0 => 'mobile',
    1 => 'user',
    2 => 'index',
  ),
)
[ info ] [ HEADER ] array (
  'host' => 'jfshopt.gxwdbg.com',
  'connection' => 'keep-alive',
  'upgrade-insecure-requests' => '1',
  'user-agent' => 'Mozilla/5.0 (Macintosh; Intel Mac OS X 10_14_2) AppleWebKit/537.36 (KHTML, like Gecko) Chrome/71.0.3578.98 Safari/537.36',
  'accept' => 'text/html,application/xhtml+xml,application/xml;q=0.9,image/webp,image/apng,*/*;q=0.8',
  'referer' => 'http://jfshopt.gxwdbg.com/mobile/',
  'accept-encoding' => 'gzip, deflate',
  'accept-language' => 'zh-CN,zh;q=0.9,ja;q=0.8',
  'cookie' => 'PHPSESSID=abe32ea2fd065cc51e50c9573ab13fb4; Hm_lvt_32e3cb4cf7e5c6772c4dc1f5d496b6af=1548402070,1548750583,1548812865,1548916789; osc_jump_url=http%3A%2F%2Fjfshopt.gxwdbg.com%2Fmobile%2F; Hm_lvt_920c9eb6c337fe682f18b68f6d2b2464=1548402085,1548750593,1548812871,1548916799; Hm_lpvt_920c9eb6c337fe682f18b68f6d2b2464=1548916799; Hm_lpvt_32e3cb4cf7e5c6772c4dc1f5d496b6af=1548916800',
)
[ info ] [ PARAM ] array (
)
[ info ] [ CACHE ] INIT File
[ info ] [ LOG ] INIT File
---------------------------------------------------------------
[ 2019-01-31T14:40:04+08:00 ] 127.0.0.1 127.0.0.1 GET /mobile/login/login
[ info ] jfshopt.gxwdbg.com/mobile/login/login [运行时间：0.270023s][吞吐率：3.70req/s] [内存消耗：1,658.30kb] [文件加载：46]
[ info ] [ LANG ] /Library/WebServer/Documents/jfshop.gxwdbg.com/thinkphp/lang/zh-cn.php
[ info ] [ ROUTE ] array (
  'type' => 'module',
  'module' => 
  array (
    0 => 'mobile',
    1 => 'login',
    2 => 'login',
  ),
)
[ info ] [ HEADER ] array (
  'host' => 'jfshopt.gxwdbg.com',
  'connection' => 'keep-alive',
  'upgrade-insecure-requests' => '1',
  'user-agent' => 'Mozilla/5.0 (Macintosh; Intel Mac OS X 10_14_2) AppleWebKit/537.36 (KHTML, like Gecko) Chrome/71.0.3578.98 Safari/537.36',
  'accept' => 'text/html,application/xhtml+xml,application/xml;q=0.9,image/webp,image/apng,*/*;q=0.8',
  'referer' => 'http://jfshopt.gxwdbg.com/mobile/',
  'accept-encoding' => 'gzip, deflate',
  'accept-language' => 'zh-CN,zh;q=0.9,ja;q=0.8',
  'cookie' => 'PHPSESSID=abe32ea2fd065cc51e50c9573ab13fb4; Hm_lvt_32e3cb4cf7e5c6772c4dc1f5d496b6af=1548402070,1548750583,1548812865,1548916789; osc_jump_url=http%3A%2F%2Fjfshopt.gxwdbg.com%2Fmobile%2F; Hm_lvt_920c9eb6c337fe682f18b68f6d2b2464=1548402085,1548750593,1548812871,1548916799; Hm_lpvt_920c9eb6c337fe682f18b68f6d2b2464=1548916799; Hm_lpvt_32e3cb4cf7e5c6772c4dc1f5d496b6af=1548916800',
)
[ info ] [ PARAM ] array (
)
[ info ] [ CACHE ] INIT File
[ info ] [ RUN ] osc\mobile\controller\Login->login[ /Library/WebServer/Documents/jfshop.gxwdbg.com/oscshop/mobile/controller/Login.php ]
[ info ] [ VIEW ] ./oscshop/mobile/view/login/login.html [ array (
  0 => 'SEO',
  1 => 'top_title',
) ]
[ info ] [ LOG ] INIT File
---------------------------------------------------------------
[ 2019-01-31T14:40:06+08:00 ] 127.0.0.1 127.0.0.1 POST /mobile/login/login
[ info ] jfshopt.gxwdbg.com/mobile/login/login [运行时间：0.308023s][吞吐率：3.25req/s] [内存消耗：2,385.91kb] [文件加载：54]
[ info ] [ LANG ] /Library/WebServer/Documents/jfshop.gxwdbg.com/thinkphp/lang/zh-cn.php
[ info ] [ ROUTE ] array (
  'type' => 'module',
  'module' => 
  array (
    0 => 'mobile',
    1 => 'login',
    2 => 'login',
  ),
)
[ info ] [ HEADER ] array (
  'host' => 'jfshopt.gxwdbg.com',
  'connection' => 'keep-alive',
  'content-length' => '38',
  'accept' => '*/*',
  'origin' => 'http://jfshopt.gxwdbg.com',
  'x-requested-with' => 'XMLHttpRequest',
  'user-agent' => 'Mozilla/5.0 (Macintosh; Intel Mac OS X 10_14_2) AppleWebKit/537.36 (KHTML, like Gecko) Chrome/71.0.3578.98 Safari/537.36',
  'content-type' => 'application/x-www-form-urlencoded; charset=UTF-8',
  'referer' => 'http://jfshopt.gxwdbg.com/mobile/login/login',
  'accept-encoding' => 'gzip, deflate',
  'accept-language' => 'zh-CN,zh;q=0.9,ja;q=0.8',
  'cookie' => 'PHPSESSID=abe32ea2fd065cc51e50c9573ab13fb4; Hm_lvt_32e3cb4cf7e5c6772c4dc1f5d496b6af=1548402070,1548750583,1548812865,1548916789; osc_jump_url=http%3A%2F%2Fjfshopt.gxwdbg.com%2Fmobile%2F; Hm_lvt_920c9eb6c337fe682f18b68f6d2b2464=1548402085,1548750593,1548812871,1548916799; Hm_lpvt_920c9eb6c337fe682f18b68f6d2b2464=1548916805; Hm_lpvt_32e3cb4cf7e5c6772c4dc1f5d496b6af=1548916805',
)
[ info ] [ PARAM ] array (
  'username' => 's1223s',
  'password' => 'qinjiajun1103',
)
[ info ] [ CACHE ] INIT File
[ info ] [ RUN ] osc\mobile\controller\Login->login[ /Library/WebServer/Documents/jfshop.gxwdbg.com/oscshop/mobile/controller/Login.php ]
[ info ] [ DB ] INIT mysql
[ info ] [ SESSION ] INIT array (
  'type' => '',
  'auto_start' => true,
)
[ info ] [ LOG ] INIT File
---------------------------------------------------------------
[ 2019-01-31T14:40:08+08:00 ] 127.0.0.1 127.0.0.1 GET /mobile/
[ info ] jfshopt.gxwdbg.com/mobile/ [运行时间：0.430300s][吞吐率：2.32req/s] [内存消耗：2,491.92kb] [文件加载：56]
[ info ] [ LANG ] /Library/WebServer/Documents/jfshop.gxwdbg.com/thinkphp/lang/zh-cn.php
[ info ] [ ROUTE ] array (
  'type' => 'module',
  'module' => 
  array (
    0 => 'mobile',
    1 => 'index',
    2 => 'index',
  ),
  'convert' => false,
)
[ info ] [ HEADER ] array (
  'host' => 'jfshopt.gxwdbg.com',
  'connection' => 'keep-alive',
  'upgrade-insecure-requests' => '1',
  'user-agent' => 'Mozilla/5.0 (Macintosh; Intel Mac OS X 10_14_2) AppleWebKit/537.36 (KHTML, like Gecko) Chrome/71.0.3578.98 Safari/537.36',
  'accept' => 'text/html,application/xhtml+xml,application/xml;q=0.9,image/webp,image/apng,*/*;q=0.8',
  'referer' => 'http://jfshopt.gxwdbg.com/mobile/login/login',
  'accept-encoding' => 'gzip, deflate',
  'accept-language' => 'zh-CN,zh;q=0.9,ja;q=0.8',
  'cookie' => 'PHPSESSID=abe32ea2fd065cc51e50c9573ab13fb4; Hm_lvt_32e3cb4cf7e5c6772c4dc1f5d496b6af=1548402070,1548750583,1548812865,1548916789; osc_jump_url=http%3A%2F%2Fjfshopt.gxwdbg.com%2Fmobile%2F; Hm_lvt_920c9eb6c337fe682f18b68f6d2b2464=1548402085,1548750593,1548812871,1548916799; Hm_lpvt_920c9eb6c337fe682f18b68f6d2b2464=1548916805; Hm_lpvt_32e3cb4cf7e5c6772c4dc1f5d496b6af=1548916805; osc_mobile_user_info=think%3A%7B%22uid%22%3A%221%22%2C%22username%22%3A%22s1223s%22%2C%22nickname%22%3A%22s1223s%22%2C%22group_id%22%3A%222%22%7D',
)
[ info ] [ PARAM ] array (
)
[ info ] [ CACHE ] INIT File
[ info ] [ RUN ] osc\mobile\controller\Index->index[ /Library/WebServer/Documents/jfshop.gxwdbg.com/oscshop/mobile/controller/Index.php ]
[ info ] [ DB ] INIT mysql
[ info ] [ VIEW ] ./oscshop/mobile/view/index/index.html [ array (
  0 => 'goods',
  1 => 'timeoff',
  2 => 'list',
  3 => 'SEO',
  4 => 'flag',
  5 => 'userinfo',
) ]
[ info ] [ LOG ] INIT File
[ error ] [8]Use of undefined constant UID - assumed 'UID'[/Library/WebServer/Documents/jfshop.gxwdbg.com/oscshop/mobile/controller/Index.php:53]
---------------------------------------------------------------
[ 2019-01-31T14:40:08+08:00 ] 127.0.0.1 127.0.0.1 GET /mobile/index/ajax_goods_list/page/0
[ info ] jfshopt.gxwdbg.com/mobile/index/ajax_goods_list/page/0 [运行时间：0.199796s][吞吐率：5.01req/s] [内存消耗：1,809.14kb] [文件加载：49]
[ info ] [ LANG ] /Library/WebServer/Documents/jfshop.gxwdbg.com/thinkphp/lang/zh-cn.php
[ info ] [ ROUTE ] array (
  'type' => 'module',
  'module' => 
  array (
    0 => 'mobile',
    1 => 'index',
    2 => 'ajax_goods_list',
  ),
)
[ info ] [ HEADER ] array (
  'host' => 'jfshopt.gxwdbg.com',
  'connection' => 'keep-alive',
  'accept' => '*/*',
  'x-requested-with' => 'XMLHttpRequest',
  'user-agent' => 'Mozilla/5.0 (Macintosh; Intel Mac OS X 10_14_2) AppleWebKit/537.36 (KHTML, like Gecko) Chrome/71.0.3578.98 Safari/537.36',
  'referer' => 'http://jfshopt.gxwdbg.com/mobile/',
  'accept-encoding' => 'gzip, deflate',
  'accept-language' => 'zh-CN,zh;q=0.9,ja;q=0.8',
  'cookie' => 'PHPSESSID=abe32ea2fd065cc51e50c9573ab13fb4; Hm_lvt_32e3cb4cf7e5c6772c4dc1f5d496b6af=1548402070,1548750583,1548812865,1548916789; osc_jump_url=http%3A%2F%2Fjfshopt.gxwdbg.com%2Fmobile%2F; Hm_lvt_920c9eb6c337fe682f18b68f6d2b2464=1548402085,1548750593,1548812871,1548916799; Hm_lpvt_920c9eb6c337fe682f18b68f6d2b2464=1548916805; Hm_lpvt_32e3cb4cf7e5c6772c4dc1f5d496b6af=1548916805; osc_mobile_user_info=think%3A%7B%22uid%22%3A%221%22%2C%22username%22%3A%22s1223s%22%2C%22nickname%22%3A%22s1223s%22%2C%22group_id%22%3A%222%22%7D',
)
[ info ] [ PARAM ] array (
  'page' => '0',
)
[ info ] [ CACHE ] INIT File
[ info ] [ RUN ] osc\mobile\controller\Index->ajax_goods_list[ /Library/WebServer/Documents/jfshop.gxwdbg.com/oscshop/mobile/controller/Index.php ]
[ info ] [ DB ] INIT mysql
[ info ] [ LOG ] INIT File
---------------------------------------------------------------
[ 2019-01-31T14:48:30+08:00 ] 127.0.0.1 127.0.0.1 GET /mobile/user/index
[ info ] jfshopt.gxwdbg.com/mobile/user/index [运行时间：0.287948s][吞吐率：3.47req/s] [内存消耗：2,575.24kb] [文件加载：56]
[ info ] [ LANG ] /Library/WebServer/Documents/jfshop.gxwdbg.com/thinkphp/lang/zh-cn.php
[ info ] [ ROUTE ] array (
  'type' => 'module',
  'module' => 
  array (
    0 => 'mobile',
    1 => 'user',
    2 => 'index',
  ),
)
[ info ] [ HEADER ] array (
  'host' => 'jfshopt.gxwdbg.com',
  'connection' => 'keep-alive',
  'upgrade-insecure-requests' => '1',
  'user-agent' => 'Mozilla/5.0 (Macintosh; Intel Mac OS X 10_14_2) AppleWebKit/537.36 (KHTML, like Gecko) Chrome/71.0.3578.98 Safari/537.36',
  'accept' => 'text/html,application/xhtml+xml,application/xml;q=0.9,image/webp,image/apng,*/*;q=0.8',
  'referer' => 'http://jfshopt.gxwdbg.com/mobile/',
  'accept-encoding' => 'gzip, deflate',
  'accept-language' => 'zh-CN,zh;q=0.9,ja;q=0.8',
  'cookie' => 'PHPSESSID=abe32ea2fd065cc51e50c9573ab13fb4; Hm_lvt_32e3cb4cf7e5c6772c4dc1f5d496b6af=1548402070,1548750583,1548812865,1548916789; osc_jump_url=http%3A%2F%2Fjfshopt.gxwdbg.com%2Fmobile%2F; Hm_lvt_920c9eb6c337fe682f18b68f6d2b2464=1548402085,1548750593,1548812871,1548916799; osc_mobile_user_info=think%3A%7B%22uid%22%3A%221%22%2C%22username%22%3A%22s1223s%22%2C%22nickname%22%3A%22s1223s%22%2C%22group_id%22%3A%222%22%7D; Hm_lpvt_920c9eb6c337fe682f18b68f6d2b2464=1548916809; Hm_lpvt_32e3cb4cf7e5c6772c4dc1f5d496b6af=1548916809',
)
[ info ] [ PARAM ] array (
)
[ info ] [ CACHE ] INIT File
[ info ] [ RUN ] osc\mobile\controller\User->index[ /Library/WebServer/Documents/jfshop.gxwdbg.com/oscshop/mobile/controller/User.php ]
[ info ] [ DB ] INIT mysql
[ info ] [ VIEW ] ./oscshop/mobile/view/user/index.html [ array (
  0 => 'no_pay',
  1 => 'paid',
  2 => 'userinfo',
  3 => 'SEO',
  4 => 'uid',
  5 => 'flag',
) ]
[ info ] [ LOG ] INIT File
