---------------------------------------------------------------
[ 2019-02-03T09:15:07+08:00 ] 127.0.0.1 127.0.0.1 GET /mobile/
[ info ] jfshopt.gxwdbg.com/mobile/ [运行时间：0.473058s][吞吐率：2.11req/s] [内存消耗：2,474.04kb] [文件加载：56]
[ info ] [ LANG ] /Library/WebServer/Documents/jfshop.gxwdbg.com/thinkphp/lang/zh-cn.php
[ info ] [ ROUTE ] array (
  'type' => 'module',
  'module' => 
  array (
    0 => 'mobile',
    1 => 'index',
    2 => 'index',
  ),
  'convert' => false,
)
[ info ] [ HEADER ] array (
  'host' => 'jfshopt.gxwdbg.com',
  'connection' => 'keep-alive',
  'upgrade-insecure-requests' => '1',
  'user-agent' => 'Mozilla/5.0 (Macintosh; Intel Mac OS X 10_14_2) AppleWebKit/537.36 (KHTML, like Gecko) Chrome/71.0.3578.98 Safari/537.36',
  'accept' => 'text/html,application/xhtml+xml,application/xml;q=0.9,image/webp,image/apng,*/*;q=0.8',
  'accept-encoding' => 'gzip, deflate',
  'accept-language' => 'zh-CN,zh;q=0.9,ja;q=0.8',
  'cookie' => 'Hm_lvt_32e3cb4cf7e5c6772c4dc1f5d496b6af=1548750583,1548812865,1548916789,1549097412; Hm_lvt_920c9eb6c337fe682f18b68f6d2b2464=1548750593,1548812871,1548916799,1549097418',
)
[ info ] [ PARAM ] array (
)
[ info ] [ CACHE ] INIT File
[ info ] [ RUN ] osc\mobile\controller\Index->index[ /Library/WebServer/Documents/jfshop.gxwdbg.com/oscshop/mobile/controller/Index.php ]
[ info ] [ DB ] INIT mysql
[ info ] [ VIEW ] ./oscshop/mobile/view/index/index.html [ array (
  0 => 'goods',
  1 => 'timeoff',
  2 => 'list',
  3 => 'SEO',
  4 => 'flag',
  5 => 'userinfo',
) ]
[ info ] [ LOG ] INIT File
[ error ] [8]Use of undefined constant UID - assumed 'UID'[/Library/WebServer/Documents/jfshop.gxwdbg.com/oscshop/mobile/controller/Index.php:53]
---------------------------------------------------------------
[ 2019-02-03T09:15:08+08:00 ] 127.0.0.1 127.0.0.1 GET /mobile/index/ajax_goods_list/page/0
[ info ] jfshopt.gxwdbg.com/mobile/index/ajax_goods_list/page/0 [运行时间：0.148848s][吞吐率：6.72req/s] [内存消耗：1,807.27kb] [文件加载：49]
[ info ] [ LANG ] /Library/WebServer/Documents/jfshop.gxwdbg.com/thinkphp/lang/zh-cn.php
[ info ] [ ROUTE ] array (
  'type' => 'module',
  'module' => 
  array (
    0 => 'mobile',
    1 => 'index',
    2 => 'ajax_goods_list',
  ),
)
[ info ] [ HEADER ] array (
  'host' => 'jfshopt.gxwdbg.com',
  'connection' => 'keep-alive',
  'accept' => '*/*',
  'x-requested-with' => 'XMLHttpRequest',
  'user-agent' => 'Mozilla/5.0 (Macintosh; Intel Mac OS X 10_14_2) AppleWebKit/537.36 (KHTML, like Gecko) Chrome/71.0.3578.98 Safari/537.36',
  'referer' => 'http://jfshopt.gxwdbg.com/mobile/',
  'accept-encoding' => 'gzip, deflate',
  'accept-language' => 'zh-CN,zh;q=0.9,ja;q=0.8',
  'cookie' => 'Hm_lvt_32e3cb4cf7e5c6772c4dc1f5d496b6af=1548750583,1548812865,1548916789,1549097412; Hm_lvt_920c9eb6c337fe682f18b68f6d2b2464=1548750593,1548812871,1548916799,1549097418; osc_jump_url=http%3A%2F%2Fjfshopt.gxwdbg.com%2Fmobile%2F',
)
[ info ] [ PARAM ] array (
  'page' => '0',
)
[ info ] [ CACHE ] INIT File
[ info ] [ RUN ] osc\mobile\controller\Index->ajax_goods_list[ /Library/WebServer/Documents/jfshop.gxwdbg.com/oscshop/mobile/controller/Index.php ]
[ info ] [ DB ] INIT mysql
[ info ] [ LOG ] INIT File
---------------------------------------------------------------
[ 2019-02-03T09:15:09+08:00 ] 127.0.0.1 127.0.0.1 GET /favicon.ico
[ info ] jfshopt.gxwdbg.com/favicon.ico [运行时间：0.039041s][吞吐率：25.61req/s] [内存消耗：1,222.10kb] [文件加载：33]
[ info ] [ LANG ] /Library/WebServer/Documents/jfshop.gxwdbg.com/thinkphp/lang/zh-cn.php
[ info ] [ ROUTE ] array (
  'type' => 'module',
  'module' => 
  array (
    0 => 'favicon',
    1 => NULL,
    2 => NULL,
  ),
)
[ info ] [ HEADER ] array (
  'host' => 'jfshopt.gxwdbg.com',
  'connection' => 'keep-alive',
  'user-agent' => 'Mozilla/5.0 (Macintosh; Intel Mac OS X 10_14_2) AppleWebKit/537.36 (KHTML, like Gecko) Chrome/71.0.3578.98 Safari/537.36',
  'accept' => 'image/webp,image/apng,image/*,*/*;q=0.8',
  'referer' => 'http://jfshopt.gxwdbg.com/mobile/',
  'accept-encoding' => 'gzip, deflate',
  'accept-language' => 'zh-CN,zh;q=0.9,ja;q=0.8',
  'cookie' => 'osc_jump_url=http%3A%2F%2Fjfshopt.gxwdbg.com%2Fmobile%2F; Hm_lvt_920c9eb6c337fe682f18b68f6d2b2464=1548812871,1548916799,1549097418,1549156508; Hm_lpvt_920c9eb6c337fe682f18b68f6d2b2464=1549156508; Hm_lvt_32e3cb4cf7e5c6772c4dc1f5d496b6af=1548812865,1548916789,1549097412,1549156508; Hm_lpvt_32e3cb4cf7e5c6772c4dc1f5d496b6af=1549156508',
)
[ info ] [ PARAM ] array (
)
[ info ] [ LOG ] INIT File
---------------------------------------------------------------
[ 2019-02-03T09:15:24+08:00 ] 127.0.0.1 127.0.0.1 GET /mobile/
[ info ] jfshopt.gxwdbg.com/mobile/ [运行时间：0.084105s][吞吐率：11.89req/s] [内存消耗：2,475.41kb] [文件加载：56]
[ info ] [ LANG ] /Library/WebServer/Documents/jfshop.gxwdbg.com/thinkphp/lang/zh-cn.php
[ info ] [ ROUTE ] array (
  'type' => 'module',
  'module' => 
  array (
    0 => 'mobile',
    1 => 'index',
    2 => 'index',
  ),
  'convert' => false,
)
[ info ] [ HEADER ] array (
  'host' => 'jfshopt.gxwdbg.com',
  'connection' => 'keep-alive',
  'cache-control' => 'max-age=0',
  'upgrade-insecure-requests' => '1',
  'user-agent' => 'Mozilla/5.0 (Linux; Android 5.0; SM-G900P Build/LRX21T) AppleWebKit/537.36 (KHTML, like Gecko) Chrome/71.0.3578.98 Mobile Safari/537.36',
  'accept' => 'text/html,application/xhtml+xml,application/xml;q=0.9,image/webp,image/apng,*/*;q=0.8',
  'accept-encoding' => 'gzip, deflate',
  'accept-language' => 'zh-CN,zh;q=0.9,ja;q=0.8',
  'cookie' => 'osc_jump_url=http%3A%2F%2Fjfshopt.gxwdbg.com%2Fmobile%2F; Hm_lvt_920c9eb6c337fe682f18b68f6d2b2464=1548812871,1548916799,1549097418,1549156508; Hm_lpvt_920c9eb6c337fe682f18b68f6d2b2464=1549156508; Hm_lvt_32e3cb4cf7e5c6772c4dc1f5d496b6af=1548812865,1548916789,1549097412,1549156508; Hm_lpvt_32e3cb4cf7e5c6772c4dc1f5d496b6af=1549156508',
)
[ info ] [ PARAM ] array (
)
[ info ] [ CACHE ] INIT File
[ info ] [ RUN ] osc\mobile\controller\Index->index[ /Library/WebServer/Documents/jfshop.gxwdbg.com/oscshop/mobile/controller/Index.php ]
[ info ] [ DB ] INIT mysql
[ info ] [ VIEW ] ./oscshop/mobile/view/index/index.html [ array (
  0 => 'goods',
  1 => 'timeoff',
  2 => 'list',
  3 => 'SEO',
  4 => 'flag',
  5 => 'userinfo',
) ]
[ info ] [ LOG ] INIT File
[ error ] [8]Use of undefined constant UID - assumed 'UID'[/Library/WebServer/Documents/jfshop.gxwdbg.com/oscshop/mobile/controller/Index.php:53]
---------------------------------------------------------------
[ 2019-02-03T09:15:25+08:00 ] 127.0.0.1 127.0.0.1 GET /mobile/index/ajax_goods_list/page/0
[ info ] jfshopt.gxwdbg.com/mobile/index/ajax_goods_list/page/0 [运行时间：0.041451s][吞吐率：24.12req/s] [内存消耗：1,808.27kb] [文件加载：49]
[ info ] [ LANG ] /Library/WebServer/Documents/jfshop.gxwdbg.com/thinkphp/lang/zh-cn.php
[ info ] [ ROUTE ] array (
  'type' => 'module',
  'module' => 
  array (
    0 => 'mobile',
    1 => 'index',
    2 => 'ajax_goods_list',
  ),
)
[ info ] [ HEADER ] array (
  'host' => 'jfshopt.gxwdbg.com',
  'connection' => 'keep-alive',
  'accept' => '*/*',
  'x-requested-with' => 'XMLHttpRequest',
  'user-agent' => 'Mozilla/5.0 (Linux; Android 5.0; SM-G900P Build/LRX21T) AppleWebKit/537.36 (KHTML, like Gecko) Chrome/71.0.3578.98 Mobile Safari/537.36',
  'referer' => 'http://jfshopt.gxwdbg.com/mobile/',
  'accept-encoding' => 'gzip, deflate',
  'accept-language' => 'zh-CN,zh;q=0.9,ja;q=0.8',
  'cookie' => 'osc_jump_url=http%3A%2F%2Fjfshopt.gxwdbg.com%2Fmobile%2F; Hm_lvt_920c9eb6c337fe682f18b68f6d2b2464=1548812871,1548916799,1549097418,1549156508; Hm_lpvt_920c9eb6c337fe682f18b68f6d2b2464=1549156508; Hm_lvt_32e3cb4cf7e5c6772c4dc1f5d496b6af=1548812865,1548916789,1549097412,1549156508; Hm_lpvt_32e3cb4cf7e5c6772c4dc1f5d496b6af=1549156508',
)
[ info ] [ PARAM ] array (
  'page' => '0',
)
[ info ] [ CACHE ] INIT File
[ info ] [ RUN ] osc\mobile\controller\Index->ajax_goods_list[ /Library/WebServer/Documents/jfshop.gxwdbg.com/oscshop/mobile/controller/Index.php ]
[ info ] [ DB ] INIT mysql
[ info ] [ LOG ] INIT File
