---------------------------------------------------------------
[ 2019-02-14T16:37:06+08:00 ] 127.0.0.1 127.0.0.1 GET /
[ info ] jfshopt.gxwdbg.com/ [运行时间：0.220448s][吞吐率：4.54req/s] [内存消耗：1,772.76kb] [文件加载：46]
[ info ] [ LANG ] /Library/WebServer/Documents/jfshop.gxwdbg.com/thinkphp/lang/zh-cn.php
[ info ] [ ROUTE ] array (
  'type' => 'module',
  'module' => 
  array (
    0 => '',
    1 => NULL,
    2 => NULL,
  ),
)
[ info ] [ HEADER ] array (
  'host' => 'jfshopt.gxwdbg.com',
  'connection' => 'keep-alive',
  'upgrade-insecure-requests' => '1',
  'user-agent' => 'Mozilla/5.0 (Macintosh; Intel Mac OS X 10_14_3) AppleWebKit/537.36 (KHTML, like Gecko) Chrome/71.0.3578.98 Safari/537.36',
  'accept' => 'text/html,application/xhtml+xml,application/xml;q=0.9,image/webp,image/apng,*/*;q=0.8',
  'accept-encoding' => 'gzip, deflate',
  'accept-language' => 'zh-CN,zh;q=0.9,ja;q=0.8',
  'cookie' => 'Hm_lvt_920c9eb6c337fe682f18b68f6d2b2464=1548812871,1548916799,1549097418,1549156508; Hm_lvt_32e3cb4cf7e5c6772c4dc1f5d496b6af=1548812865,1548916789,1549097412,1549156508',
)
[ info ] [ PARAM ] array (
)
[ info ] [ CACHE ] INIT File
[ info ] [ RUN ] osc\index\controller\Index->index[ /Library/WebServer/Documents/jfshop.gxwdbg.com/oscshop/index/controller/Index.php ]
[ info ] [ VIEW ] ./oscshop/index/view/index/index.html [ array (
  0 => 'top_nav',
  1 => 'empty',
  2 => 'list',
  3 => 'SEO',
) ]
[ info ] [ SESSION ] INIT array (
  'type' => '',
  'auto_start' => true,
)
[ info ] [ LOG ] INIT File
---------------------------------------------------------------
[ 2019-02-14T16:37:07+08:00 ] 127.0.0.1 127.0.0.1 GET /favicon.ico
[ info ] jfshopt.gxwdbg.com/favicon.ico [运行时间：0.061852s][吞吐率：16.17req/s] [内存消耗：1,221.27kb] [文件加载：33]
[ info ] [ LANG ] /Library/WebServer/Documents/jfshop.gxwdbg.com/thinkphp/lang/zh-cn.php
[ info ] [ ROUTE ] array (
  'type' => 'module',
  'module' => 
  array (
    0 => 'favicon',
    1 => NULL,
    2 => NULL,
  ),
)
[ info ] [ HEADER ] array (
  'host' => 'jfshopt.gxwdbg.com',
  'connection' => 'keep-alive',
  'user-agent' => 'Mozilla/5.0 (Macintosh; Intel Mac OS X 10_14_3) AppleWebKit/537.36 (KHTML, like Gecko) Chrome/71.0.3578.98 Safari/537.36',
  'accept' => 'image/webp,image/apng,image/*,*/*;q=0.8',
  'referer' => 'http://jfshopt.gxwdbg.com/',
  'accept-encoding' => 'gzip, deflate',
  'accept-language' => 'zh-CN,zh;q=0.9,ja;q=0.8',
  'cookie' => 'Hm_lvt_920c9eb6c337fe682f18b68f6d2b2464=1548812871,1548916799,1549097418,1549156508; PHPSESSID=4b0a2424e828e5b60c3fc3cc1b7896f6; Hm_lvt_32e3cb4cf7e5c6772c4dc1f5d496b6af=1548916789,1549097412,1549156508,1550133428; Hm_lpvt_32e3cb4cf7e5c6772c4dc1f5d496b6af=1550133428',
)
[ info ] [ PARAM ] array (
)
[ info ] [ LOG ] INIT File
---------------------------------------------------------------
[ 2019-02-14T16:37:14+08:00 ] 127.0.0.1 127.0.0.1 GET /mobile
[ info ] jfshopt.gxwdbg.com/mobile [运行时间：0.459529s][吞吐率：2.18req/s] [内存消耗：2,474.49kb] [文件加载：56]
[ info ] [ LANG ] /Library/WebServer/Documents/jfshop.gxwdbg.com/thinkphp/lang/zh-cn.php
[ info ] [ ROUTE ] array (
  'type' => 'module',
  'module' => 
  array (
    0 => 'mobile',
    1 => 'index',
    2 => 'index',
  ),
  'convert' => false,
)
[ info ] [ HEADER ] array (
  'host' => 'jfshopt.gxwdbg.com',
  'connection' => 'keep-alive',
  'upgrade-insecure-requests' => '1',
  'user-agent' => 'Mozilla/5.0 (Macintosh; Intel Mac OS X 10_14_3) AppleWebKit/537.36 (KHTML, like Gecko) Chrome/71.0.3578.98 Safari/537.36',
  'accept' => 'text/html,application/xhtml+xml,application/xml;q=0.9,image/webp,image/apng,*/*;q=0.8',
  'accept-encoding' => 'gzip, deflate',
  'accept-language' => 'zh-CN,zh;q=0.9,ja;q=0.8',
  'cookie' => 'Hm_lvt_920c9eb6c337fe682f18b68f6d2b2464=1548812871,1548916799,1549097418,1549156508; PHPSESSID=4b0a2424e828e5b60c3fc3cc1b7896f6; Hm_lvt_32e3cb4cf7e5c6772c4dc1f5d496b6af=1548916789,1549097412,1549156508,1550133428; Hm_lpvt_32e3cb4cf7e5c6772c4dc1f5d496b6af=1550133428',
)
[ info ] [ PARAM ] array (
)
[ info ] [ CACHE ] INIT File
[ info ] [ RUN ] osc\mobile\controller\Index->index[ /Library/WebServer/Documents/jfshop.gxwdbg.com/oscshop/mobile/controller/Index.php ]
[ info ] [ DB ] INIT mysql
[ info ] [ VIEW ] ./oscshop/mobile/view/index/index.html [ array (
  0 => 'goods',
  1 => 'timeoff',
  2 => 'list',
  3 => 'SEO',
  4 => 'flag',
  5 => 'userinfo',
) ]
[ info ] [ LOG ] INIT File
[ error ] [8]Use of undefined constant UID - assumed 'UID'[/Library/WebServer/Documents/jfshop.gxwdbg.com/oscshop/mobile/controller/Index.php:53]
---------------------------------------------------------------
[ 2019-02-14T16:37:15+08:00 ] 127.0.0.1 127.0.0.1 GET /mobile/index/ajax_goods_list/page/0
[ info ] jfshopt.gxwdbg.com/mobile/index/ajax_goods_list/page/0 [运行时间：0.059388s][吞吐率：16.84req/s] [内存消耗：1,808.27kb] [文件加载：49]
[ info ] [ LANG ] /Library/WebServer/Documents/jfshop.gxwdbg.com/thinkphp/lang/zh-cn.php
[ info ] [ ROUTE ] array (
  'type' => 'module',
  'module' => 
  array (
    0 => 'mobile',
    1 => 'index',
    2 => 'ajax_goods_list',
  ),
)
[ info ] [ HEADER ] array (
  'host' => 'jfshopt.gxwdbg.com',
  'connection' => 'keep-alive',
  'accept' => '*/*',
  'x-requested-with' => 'XMLHttpRequest',
  'user-agent' => 'Mozilla/5.0 (Macintosh; Intel Mac OS X 10_14_3) AppleWebKit/537.36 (KHTML, like Gecko) Chrome/71.0.3578.98 Safari/537.36',
  'referer' => 'http://jfshopt.gxwdbg.com/mobile',
  'accept-encoding' => 'gzip, deflate',
  'accept-language' => 'zh-CN,zh;q=0.9,ja;q=0.8',
  'cookie' => 'Hm_lvt_920c9eb6c337fe682f18b68f6d2b2464=1548812871,1548916799,1549097418,1549156508; PHPSESSID=4b0a2424e828e5b60c3fc3cc1b7896f6; Hm_lvt_32e3cb4cf7e5c6772c4dc1f5d496b6af=1548916789,1549097412,1549156508,1550133428; Hm_lpvt_32e3cb4cf7e5c6772c4dc1f5d496b6af=1550133428; osc_jump_url=http%3A%2F%2Fjfshopt.gxwdbg.com%2Fmobile',
)
[ info ] [ PARAM ] array (
  'page' => '0',
)
[ info ] [ CACHE ] INIT File
[ info ] [ RUN ] osc\mobile\controller\Index->ajax_goods_list[ /Library/WebServer/Documents/jfshop.gxwdbg.com/oscshop/mobile/controller/Index.php ]
[ info ] [ DB ] INIT mysql
[ info ] [ LOG ] INIT File
---------------------------------------------------------------
[ 2019-02-14T16:37:23+08:00 ] 127.0.0.1 127.0.0.1 GET /mobile
[ info ] jfshopt.gxwdbg.com/mobile [运行时间：0.105935s][吞吐率：9.44req/s] [内存消耗：2,475.64kb] [文件加载：56]
[ info ] [ LANG ] /Library/WebServer/Documents/jfshop.gxwdbg.com/thinkphp/lang/zh-cn.php
[ info ] [ ROUTE ] array (
  'type' => 'module',
  'module' => 
  array (
    0 => 'mobile',
    1 => 'index',
    2 => 'index',
  ),
  'convert' => false,
)
[ info ] [ HEADER ] array (
  'host' => 'jfshopt.gxwdbg.com',
  'connection' => 'keep-alive',
  'cache-control' => 'max-age=0',
  'upgrade-insecure-requests' => '1',
  'user-agent' => 'Mozilla/5.0 (iPhone; CPU iPhone OS 11_0 like Mac OS X) AppleWebKit/604.1.38 (KHTML, like Gecko) Version/11.0 Mobile/15A372 Safari/604.1',
  'accept' => 'text/html,application/xhtml+xml,application/xml;q=0.9,image/webp,image/apng,*/*;q=0.8',
  'accept-encoding' => 'gzip, deflate',
  'accept-language' => 'zh-CN,zh;q=0.9,ja;q=0.8',
  'cookie' => 'PHPSESSID=4b0a2424e828e5b60c3fc3cc1b7896f6; Hm_lvt_32e3cb4cf7e5c6772c4dc1f5d496b6af=1548916789,1549097412,1549156508,1550133428; osc_jump_url=http%3A%2F%2Fjfshopt.gxwdbg.com%2Fmobile; Hm_lvt_920c9eb6c337fe682f18b68f6d2b2464=1548916799,1549097418,1549156508,1550133435; Hm_lpvt_920c9eb6c337fe682f18b68f6d2b2464=1550133435; Hm_lpvt_32e3cb4cf7e5c6772c4dc1f5d496b6af=1550133435',
)
[ info ] [ PARAM ] array (
)
[ info ] [ CACHE ] INIT File
[ info ] [ RUN ] osc\mobile\controller\Index->index[ /Library/WebServer/Documents/jfshop.gxwdbg.com/oscshop/mobile/controller/Index.php ]
[ info ] [ DB ] INIT mysql
[ info ] [ VIEW ] ./oscshop/mobile/view/index/index.html [ array (
  0 => 'goods',
  1 => 'timeoff',
  2 => 'list',
  3 => 'SEO',
  4 => 'flag',
  5 => 'userinfo',
) ]
[ info ] [ LOG ] INIT File
[ error ] [8]Use of undefined constant UID - assumed 'UID'[/Library/WebServer/Documents/jfshop.gxwdbg.com/oscshop/mobile/controller/Index.php:53]
---------------------------------------------------------------
[ 2019-02-14T16:37:23+08:00 ] 127.0.0.1 127.0.0.1 GET /mobile/index/ajax_goods_list/page/0
[ info ] jfshopt.gxwdbg.com/mobile/index/ajax_goods_list/page/0 [运行时间：0.041985s][吞吐率：23.82req/s] [内存消耗：1,808.45kb] [文件加载：49]
[ info ] [ LANG ] /Library/WebServer/Documents/jfshop.gxwdbg.com/thinkphp/lang/zh-cn.php
[ info ] [ ROUTE ] array (
  'type' => 'module',
  'module' => 
  array (
    0 => 'mobile',
    1 => 'index',
    2 => 'ajax_goods_list',
  ),
)
[ info ] [ HEADER ] array (
  'host' => 'jfshopt.gxwdbg.com',
  'connection' => 'keep-alive',
  'accept' => '*/*',
  'x-requested-with' => 'XMLHttpRequest',
  'user-agent' => 'Mozilla/5.0 (iPhone; CPU iPhone OS 11_0 like Mac OS X) AppleWebKit/604.1.38 (KHTML, like Gecko) Version/11.0 Mobile/15A372 Safari/604.1',
  'referer' => 'http://jfshopt.gxwdbg.com/mobile',
  'accept-encoding' => 'gzip, deflate',
  'accept-language' => 'zh-CN,zh;q=0.9,ja;q=0.8',
  'cookie' => 'PHPSESSID=4b0a2424e828e5b60c3fc3cc1b7896f6; Hm_lvt_32e3cb4cf7e5c6772c4dc1f5d496b6af=1548916789,1549097412,1549156508,1550133428; osc_jump_url=http%3A%2F%2Fjfshopt.gxwdbg.com%2Fmobile; Hm_lvt_920c9eb6c337fe682f18b68f6d2b2464=1548916799,1549097418,1549156508,1550133435; Hm_lpvt_920c9eb6c337fe682f18b68f6d2b2464=1550133435; Hm_lpvt_32e3cb4cf7e5c6772c4dc1f5d496b6af=1550133435',
)
[ info ] [ PARAM ] array (
  'page' => '0',
)
[ info ] [ CACHE ] INIT File
[ info ] [ RUN ] osc\mobile\controller\Index->ajax_goods_list[ /Library/WebServer/Documents/jfshop.gxwdbg.com/oscshop/mobile/controller/Index.php ]
[ info ] [ DB ] INIT mysql
[ info ] [ LOG ] INIT File
---------------------------------------------------------------
[ 2019-02-14T16:37:25+08:00 ] 127.0.0.1 127.0.0.1 GET /mobile/index/ajax_goods_list/page/1
[ info ] jfshopt.gxwdbg.com/mobile/index/ajax_goods_list/page/1 [运行时间：0.308283s][吞吐率：3.24req/s] [内存消耗：1,808.30kb] [文件加载：49]
[ info ] [ LANG ] /Library/WebServer/Documents/jfshop.gxwdbg.com/thinkphp/lang/zh-cn.php
[ info ] [ ROUTE ] array (
  'type' => 'module',
  'module' => 
  array (
    0 => 'mobile',
    1 => 'index',
    2 => 'ajax_goods_list',
  ),
)
[ info ] [ HEADER ] array (
  'host' => 'jfshopt.gxwdbg.com',
  'connection' => 'keep-alive',
  'accept' => '*/*',
  'x-requested-with' => 'XMLHttpRequest',
  'user-agent' => 'Mozilla/5.0 (iPhone; CPU iPhone OS 11_0 like Mac OS X) AppleWebKit/604.1.38 (KHTML, like Gecko) Version/11.0 Mobile/15A372 Safari/604.1',
  'referer' => 'http://jfshopt.gxwdbg.com/mobile',
  'accept-encoding' => 'gzip, deflate',
  'accept-language' => 'zh-CN,zh;q=0.9,ja;q=0.8',
  'cookie' => 'PHPSESSID=4b0a2424e828e5b60c3fc3cc1b7896f6; Hm_lvt_32e3cb4cf7e5c6772c4dc1f5d496b6af=1548916789,1549097412,1549156508,1550133428; osc_jump_url=http%3A%2F%2Fjfshopt.gxwdbg.com%2Fmobile; Hm_lvt_920c9eb6c337fe682f18b68f6d2b2464=1548916799,1549097418,1549156508,1550133435; Hm_lpvt_920c9eb6c337fe682f18b68f6d2b2464=1550133444; Hm_lpvt_32e3cb4cf7e5c6772c4dc1f5d496b6af=1550133444',
)
[ info ] [ PARAM ] array (
  'page' => '1',
)
[ info ] [ CACHE ] INIT File
[ info ] [ RUN ] osc\mobile\controller\Index->ajax_goods_list[ /Library/WebServer/Documents/jfshop.gxwdbg.com/oscshop/mobile/controller/Index.php ]
[ info ] [ DB ] INIT mysql
[ info ] [ LOG ] INIT File
---------------------------------------------------------------
[ 2019-02-14T16:37:27+08:00 ] 127.0.0.1 127.0.0.1 GET /mobile/index/ajax_goods_list/page/2
[ info ] jfshopt.gxwdbg.com/mobile/index/ajax_goods_list/page/2 [运行时间：0.261830s][吞吐率：3.82req/s] [内存消耗：1,808.22kb] [文件加载：49]
[ info ] [ LANG ] /Library/WebServer/Documents/jfshop.gxwdbg.com/thinkphp/lang/zh-cn.php
[ info ] [ ROUTE ] array (
  'type' => 'module',
  'module' => 
  array (
    0 => 'mobile',
    1 => 'index',
    2 => 'ajax_goods_list',
  ),
)
[ info ] [ HEADER ] array (
  'host' => 'jfshopt.gxwdbg.com',
  'connection' => 'keep-alive',
  'accept' => '*/*',
  'x-requested-with' => 'XMLHttpRequest',
  'user-agent' => 'Mozilla/5.0 (iPhone; CPU iPhone OS 11_0 like Mac OS X) AppleWebKit/604.1.38 (KHTML, like Gecko) Version/11.0 Mobile/15A372 Safari/604.1',
  'referer' => 'http://jfshopt.gxwdbg.com/mobile',
  'accept-encoding' => 'gzip, deflate',
  'accept-language' => 'zh-CN,zh;q=0.9,ja;q=0.8',
  'cookie' => 'PHPSESSID=4b0a2424e828e5b60c3fc3cc1b7896f6; Hm_lvt_32e3cb4cf7e5c6772c4dc1f5d496b6af=1548916789,1549097412,1549156508,1550133428; osc_jump_url=http%3A%2F%2Fjfshopt.gxwdbg.com%2Fmobile; Hm_lvt_920c9eb6c337fe682f18b68f6d2b2464=1548916799,1549097418,1549156508,1550133435; Hm_lpvt_920c9eb6c337fe682f18b68f6d2b2464=1550133444; Hm_lpvt_32e3cb4cf7e5c6772c4dc1f5d496b6af=1550133444',
)
[ info ] [ PARAM ] array (
  'page' => '2',
)
[ info ] [ CACHE ] INIT File
[ info ] [ RUN ] osc\mobile\controller\Index->ajax_goods_list[ /Library/WebServer/Documents/jfshop.gxwdbg.com/oscshop/mobile/controller/Index.php ]
[ info ] [ DB ] INIT mysql
[ info ] [ LOG ] INIT File
---------------------------------------------------------------
[ 2019-02-14T16:37:34+08:00 ] 127.0.0.1 127.0.0.1 GET /mobile
[ info ] jfshopt.gxwdbg.com/mobile [运行时间：0.138086s][吞吐率：7.24req/s] [内存消耗：2,474.95kb] [文件加载：56]
[ info ] [ LANG ] /Library/WebServer/Documents/jfshop.gxwdbg.com/thinkphp/lang/zh-cn.php
[ info ] [ ROUTE ] array (
  'type' => 'module',
  'module' => 
  array (
    0 => 'mobile',
    1 => 'index',
    2 => 'index',
  ),
  'convert' => false,
)
[ info ] [ HEADER ] array (
  'host' => 'jfshopt.gxwdbg.com',
  'connection' => 'keep-alive',
  'upgrade-insecure-requests' => '1',
  'user-agent' => 'Mozilla/5.0 (Macintosh; Intel Mac OS X 10_14_3) AppleWebKit/537.36 (KHTML, like Gecko) Chrome/71.0.3578.98 Safari/537.36',
  'accept' => 'text/html,application/xhtml+xml,application/xml;q=0.9,image/webp,image/apng,*/*;q=0.8',
  'accept-encoding' => 'gzip, deflate',
  'accept-language' => 'zh-CN,zh;q=0.9,ja;q=0.8',
  'cookie' => 'PHPSESSID=4b0a2424e828e5b60c3fc3cc1b7896f6; Hm_lvt_32e3cb4cf7e5c6772c4dc1f5d496b6af=1548916789,1549097412,1549156508,1550133428; osc_jump_url=http%3A%2F%2Fjfshopt.gxwdbg.com%2Fmobile; Hm_lvt_920c9eb6c337fe682f18b68f6d2b2464=1548916799,1549097418,1549156508,1550133435; Hm_lpvt_920c9eb6c337fe682f18b68f6d2b2464=1550133444; Hm_lpvt_32e3cb4cf7e5c6772c4dc1f5d496b6af=1550133444',
)
[ info ] [ PARAM ] array (
)
[ info ] [ CACHE ] INIT File
[ info ] [ RUN ] osc\mobile\controller\Index->index[ /Library/WebServer/Documents/jfshop.gxwdbg.com/oscshop/mobile/controller/Index.php ]
[ info ] [ DB ] INIT mysql
[ info ] [ VIEW ] ./oscshop/mobile/view/index/index.html [ array (
  0 => 'goods',
  1 => 'timeoff',
  2 => 'list',
  3 => 'SEO',
  4 => 'flag',
  5 => 'userinfo',
) ]
[ info ] [ LOG ] INIT File
[ error ] [8]Use of undefined constant UID - assumed 'UID'[/Library/WebServer/Documents/jfshop.gxwdbg.com/oscshop/mobile/controller/Index.php:53]
---------------------------------------------------------------
[ 2019-02-14T16:37:36+08:00 ] 127.0.0.1 127.0.0.1 GET /mobile/index/ajax_goods_list/page/0
[ info ] jfshopt.gxwdbg.com/mobile/index/ajax_goods_list/page/0 [运行时间：0.090028s][吞吐率：11.11req/s] [内存消耗：1,808.45kb] [文件加载：49]
[ info ] [ LANG ] /Library/WebServer/Documents/jfshop.gxwdbg.com/thinkphp/lang/zh-cn.php
[ info ] [ ROUTE ] array (
  'type' => 'module',
  'module' => 
  array (
    0 => 'mobile',
    1 => 'index',
    2 => 'ajax_goods_list',
  ),
)
[ info ] [ HEADER ] array (
  'host' => 'jfshopt.gxwdbg.com',
  'connection' => 'keep-alive',
  'accept' => '*/*',
  'x-requested-with' => 'XMLHttpRequest',
  'user-agent' => 'Mozilla/5.0 (Macintosh; Intel Mac OS X 10_14_3) AppleWebKit/537.36 (KHTML, like Gecko) Chrome/71.0.3578.98 Safari/537.36',
  'referer' => 'http://jfshopt.gxwdbg.com/mobile',
  'accept-encoding' => 'gzip, deflate',
  'accept-language' => 'zh-CN,zh;q=0.9,ja;q=0.8',
  'cookie' => 'PHPSESSID=4b0a2424e828e5b60c3fc3cc1b7896f6; Hm_lvt_32e3cb4cf7e5c6772c4dc1f5d496b6af=1548916789,1549097412,1549156508,1550133428; osc_jump_url=http%3A%2F%2Fjfshopt.gxwdbg.com%2Fmobile; Hm_lvt_920c9eb6c337fe682f18b68f6d2b2464=1548916799,1549097418,1549156508,1550133435; Hm_lpvt_920c9eb6c337fe682f18b68f6d2b2464=1550133444; Hm_lpvt_32e3cb4cf7e5c6772c4dc1f5d496b6af=1550133444',
)
[ info ] [ PARAM ] array (
  'page' => '0',
)
[ info ] [ CACHE ] INIT File
[ info ] [ RUN ] osc\mobile\controller\Index->ajax_goods_list[ /Library/WebServer/Documents/jfshop.gxwdbg.com/oscshop/mobile/controller/Index.php ]
[ info ] [ DB ] INIT mysql
[ info ] [ LOG ] INIT File
---------------------------------------------------------------
[ 2019-02-14T16:37:39+08:00 ] 127.0.0.1 127.0.0.1 GET /admin
[ info ] jfshopt.gxwdbg.com/admin [运行时间：0.584548s][吞吐率：1.71req/s] [内存消耗：1,669.04kb] [文件加载：46]
[ info ] [ LANG ] /Library/WebServer/Documents/jfshop.gxwdbg.com/thinkphp/lang/zh-cn.php
[ info ] [ ROUTE ] array (
  'type' => 'module',
  'module' => 
  array (
    0 => 'admin',
    1 => NULL,
    2 => NULL,
  ),
)
[ info ] [ HEADER ] array (
  'host' => 'jfshopt.gxwdbg.com',
  'connection' => 'keep-alive',
  'upgrade-insecure-requests' => '1',
  'user-agent' => 'Mozilla/5.0 (Macintosh; Intel Mac OS X 10_14_3) AppleWebKit/537.36 (KHTML, like Gecko) Chrome/71.0.3578.98 Safari/537.36',
  'accept' => 'text/html,application/xhtml+xml,application/xml;q=0.9,image/webp,image/apng,*/*;q=0.8',
  'accept-encoding' => 'gzip, deflate',
  'accept-language' => 'zh-CN,zh;q=0.9,ja;q=0.8',
  'cookie' => 'PHPSESSID=4b0a2424e828e5b60c3fc3cc1b7896f6; Hm_lvt_32e3cb4cf7e5c6772c4dc1f5d496b6af=1548916789,1549097412,1549156508,1550133428; osc_jump_url=http%3A%2F%2Fjfshopt.gxwdbg.com%2Fmobile; Hm_lvt_920c9eb6c337fe682f18b68f6d2b2464=1548916799,1549097418,1549156508,1550133435; Hm_lpvt_920c9eb6c337fe682f18b68f6d2b2464=1550133456; Hm_lpvt_32e3cb4cf7e5c6772c4dc1f5d496b6af=1550133456',
)
[ info ] [ PARAM ] array (
)
[ info ] [ CACHE ] INIT File
[ info ] [ SESSION ] INIT array (
  'type' => '',
  'auto_start' => true,
)
[ info ] [ LOG ] INIT File
---------------------------------------------------------------
[ 2019-02-14T16:37:39+08:00 ] 127.0.0.1 127.0.0.1 GET /admin/Login/login
[ info ] jfshopt.gxwdbg.com/admin/Login/login [运行时间：0.154154s][吞吐率：6.49req/s] [内存消耗：1,628.43kb] [文件加载：44]
[ info ] [ LANG ] /Library/WebServer/Documents/jfshop.gxwdbg.com/thinkphp/lang/zh-cn.php
[ info ] [ ROUTE ] array (
  'type' => 'module',
  'module' => 
  array (
    0 => 'admin',
    1 => 'Login',
    2 => 'login',
  ),
)
[ info ] [ HEADER ] array (
  'host' => 'jfshopt.gxwdbg.com',
  'connection' => 'keep-alive',
  'upgrade-insecure-requests' => '1',
  'user-agent' => 'Mozilla/5.0 (Macintosh; Intel Mac OS X 10_14_3) AppleWebKit/537.36 (KHTML, like Gecko) Chrome/71.0.3578.98 Safari/537.36',
  'accept' => 'text/html,application/xhtml+xml,application/xml;q=0.9,image/webp,image/apng,*/*;q=0.8',
  'accept-encoding' => 'gzip, deflate',
  'accept-language' => 'zh-CN,zh;q=0.9,ja;q=0.8',
  'cookie' => 'PHPSESSID=4b0a2424e828e5b60c3fc3cc1b7896f6; Hm_lvt_32e3cb4cf7e5c6772c4dc1f5d496b6af=1548916789,1549097412,1549156508,1550133428; osc_jump_url=http%3A%2F%2Fjfshopt.gxwdbg.com%2Fmobile; Hm_lvt_920c9eb6c337fe682f18b68f6d2b2464=1548916799,1549097418,1549156508,1550133435; Hm_lpvt_920c9eb6c337fe682f18b68f6d2b2464=1550133456; Hm_lpvt_32e3cb4cf7e5c6772c4dc1f5d496b6af=1550133456',
)
[ info ] [ PARAM ] array (
)
[ info ] [ CACHE ] INIT File
[ info ] [ RUN ] osc\admin\controller\Login->login[ /Library/WebServer/Documents/jfshop.gxwdbg.com/oscshop/admin/controller/Login.php ]
[ info ] [ SESSION ] INIT array (
  'type' => '',
  'auto_start' => true,
)
[ info ] [ VIEW ] ./oscshop/admin/view/public/login.html [ array (
) ]
[ info ] [ LOG ] INIT File
---------------------------------------------------------------
[ 2019-02-14T16:37:53+08:00 ] 127.0.0.1 127.0.0.1 POST /admin/Login/login
[ info ] jfshopt.gxwdbg.com/admin/Login/login [运行时间：3.596569s][吞吐率：0.28req/s] [内存消耗：2,276.47kb] [文件加载：50]
[ info ] [ LANG ] /Library/WebServer/Documents/jfshop.gxwdbg.com/thinkphp/lang/zh-cn.php
[ info ] [ ROUTE ] array (
  'type' => 'module',
  'module' => 
  array (
    0 => 'admin',
    1 => 'Login',
    2 => 'login',
  ),
)
[ info ] [ HEADER ] array (
  'host' => 'jfshopt.gxwdbg.com',
  'connection' => 'keep-alive',
  'content-length' => '38',
  'accept' => 'application/json, text/javascript, */*; q=0.01',
  'origin' => 'http://jfshopt.gxwdbg.com',
  'x-requested-with' => 'XMLHttpRequest',
  'user-agent' => 'Mozilla/5.0 (Macintosh; Intel Mac OS X 10_14_3) AppleWebKit/537.36 (KHTML, like Gecko) Chrome/71.0.3578.98 Safari/537.36',
  'content-type' => 'application/x-www-form-urlencoded; charset=UTF-8',
  'referer' => 'http://jfshopt.gxwdbg.com/admin/Login/login',
  'accept-encoding' => 'gzip, deflate',
  'accept-language' => 'zh-CN,zh;q=0.9,ja;q=0.8',
  'cookie' => 'PHPSESSID=4b0a2424e828e5b60c3fc3cc1b7896f6; Hm_lvt_32e3cb4cf7e5c6772c4dc1f5d496b6af=1548916789,1549097412,1549156508,1550133428; osc_jump_url=http%3A%2F%2Fjfshopt.gxwdbg.com%2Fmobile; Hm_lvt_920c9eb6c337fe682f18b68f6d2b2464=1548916799,1549097418,1549156508,1550133435; Hm_lpvt_920c9eb6c337fe682f18b68f6d2b2464=1550133456; Hm_lpvt_32e3cb4cf7e5c6772c4dc1f5d496b6af=1550133456',
)
[ info ] [ PARAM ] array (
  'username' => 'admin',
  'password' => 'WDBGWDBG?123',
)
[ info ] [ CACHE ] INIT File
[ info ] [ RUN ] osc\admin\controller\Login->login[ /Library/WebServer/Documents/jfshop.gxwdbg.com/oscshop/admin/controller/Login.php ]
[ info ] [ DB ] INIT mysql
[ info ] [ LOG ] INIT File
---------------------------------------------------------------
[ 2019-02-14T16:37:53+08:00 ] 127.0.0.1 127.0.0.1 POST /admin/Login/login
[ info ] jfshopt.gxwdbg.com/admin/Login/login [运行时间：1.821018s][吞吐率：0.55req/s] [内存消耗：2,276.47kb] [文件加载：50]
[ info ] [ LANG ] /Library/WebServer/Documents/jfshop.gxwdbg.com/thinkphp/lang/zh-cn.php
[ info ] [ ROUTE ] array (
  'type' => 'module',
  'module' => 
  array (
    0 => 'admin',
    1 => 'Login',
    2 => 'login',
  ),
)
[ info ] [ HEADER ] array (
  'host' => 'jfshopt.gxwdbg.com',
  'connection' => 'keep-alive',
  'content-length' => '38',
  'accept' => 'application/json, text/javascript, */*; q=0.01',
  'origin' => 'http://jfshopt.gxwdbg.com',
  'x-requested-with' => 'XMLHttpRequest',
  'user-agent' => 'Mozilla/5.0 (Macintosh; Intel Mac OS X 10_14_3) AppleWebKit/537.36 (KHTML, like Gecko) Chrome/71.0.3578.98 Safari/537.36',
  'content-type' => 'application/x-www-form-urlencoded; charset=UTF-8',
  'referer' => 'http://jfshopt.gxwdbg.com/admin/Login/login',
  'accept-encoding' => 'gzip, deflate',
  'accept-language' => 'zh-CN,zh;q=0.9,ja;q=0.8',
  'cookie' => 'PHPSESSID=4b0a2424e828e5b60c3fc3cc1b7896f6; Hm_lvt_32e3cb4cf7e5c6772c4dc1f5d496b6af=1548916789,1549097412,1549156508,1550133428; osc_jump_url=http%3A%2F%2Fjfshopt.gxwdbg.com%2Fmobile; Hm_lvt_920c9eb6c337fe682f18b68f6d2b2464=1548916799,1549097418,1549156508,1550133435; Hm_lpvt_920c9eb6c337fe682f18b68f6d2b2464=1550133456; Hm_lpvt_32e3cb4cf7e5c6772c4dc1f5d496b6af=1550133456',
)
[ info ] [ PARAM ] array (
  'username' => 'admin',
  'password' => 'WDBGWDBG?123',
)
[ info ] [ CACHE ] INIT File
[ info ] [ RUN ] osc\admin\controller\Login->login[ /Library/WebServer/Documents/jfshop.gxwdbg.com/oscshop/admin/controller/Login.php ]
[ info ] [ DB ] INIT mysql
[ info ] [ LOG ] INIT File
---------------------------------------------------------------
[ 2019-02-14T16:37:58+08:00 ] 127.0.0.1 127.0.0.1 POST /admin/Login/login
[ info ] jfshopt.gxwdbg.com/admin/Login/login [运行时间：0.253911s][吞吐率：3.94req/s] [内存消耗：2,294.92kb] [文件加载：51]
[ info ] [ LANG ] /Library/WebServer/Documents/jfshop.gxwdbg.com/thinkphp/lang/zh-cn.php
[ info ] [ ROUTE ] array (
  'type' => 'module',
  'module' => 
  array (
    0 => 'admin',
    1 => 'Login',
    2 => 'login',
  ),
)
[ info ] [ HEADER ] array (
  'host' => 'jfshopt.gxwdbg.com',
  'connection' => 'keep-alive',
  'content-length' => '38',
  'accept' => 'application/json, text/javascript, */*; q=0.01',
  'origin' => 'http://jfshopt.gxwdbg.com',
  'x-requested-with' => 'XMLHttpRequest',
  'user-agent' => 'Mozilla/5.0 (Macintosh; Intel Mac OS X 10_14_3) AppleWebKit/537.36 (KHTML, like Gecko) Chrome/71.0.3578.98 Safari/537.36',
  'content-type' => 'application/x-www-form-urlencoded; charset=UTF-8',
  'referer' => 'http://jfshopt.gxwdbg.com/admin/Login/login',
  'accept-encoding' => 'gzip, deflate',
  'accept-language' => 'zh-CN,zh;q=0.9,ja;q=0.8',
  'cookie' => 'PHPSESSID=4b0a2424e828e5b60c3fc3cc1b7896f6; Hm_lvt_32e3cb4cf7e5c6772c4dc1f5d496b6af=1548916789,1549097412,1549156508,1550133428; osc_jump_url=http%3A%2F%2Fjfshopt.gxwdbg.com%2Fmobile; Hm_lvt_920c9eb6c337fe682f18b68f6d2b2464=1548916799,1549097418,1549156508,1550133435; Hm_lpvt_920c9eb6c337fe682f18b68f6d2b2464=1550133456; Hm_lpvt_32e3cb4cf7e5c6772c4dc1f5d496b6af=1550133456',
)
[ info ] [ PARAM ] array (
  'username' => 'admin',
  'password' => 'WDBGwdbg?123',
)
[ info ] [ CACHE ] INIT File
[ info ] [ RUN ] osc\admin\controller\Login->login[ /Library/WebServer/Documents/jfshop.gxwdbg.com/oscshop/admin/controller/Login.php ]
[ info ] [ DB ] INIT mysql
[ info ] [ SESSION ] INIT array (
  'type' => '',
  'auto_start' => true,
)
[ info ] [ LOG ] INIT File
---------------------------------------------------------------
[ 2019-02-14T16:37:59+08:00 ] 127.0.0.1 127.0.0.1 GET /admin/Index/index
[ info ] jfshopt.gxwdbg.com/admin/Index/index [运行时间：1.419853s][吞吐率：0.70req/s] [内存消耗：2,673.60kb] [文件加载：55]
[ info ] [ LANG ] /Library/WebServer/Documents/jfshop.gxwdbg.com/thinkphp/lang/zh-cn.php
[ info ] [ ROUTE ] array (
  'type' => 'module',
  'module' => 
  array (
    0 => 'admin',
    1 => 'Index',
    2 => 'index',
  ),
)
[ info ] [ HEADER ] array (
  'host' => 'jfshopt.gxwdbg.com',
  'connection' => 'keep-alive',
  'upgrade-insecure-requests' => '1',
  'user-agent' => 'Mozilla/5.0 (Macintosh; Intel Mac OS X 10_14_3) AppleWebKit/537.36 (KHTML, like Gecko) Chrome/71.0.3578.98 Safari/537.36',
  'accept' => 'text/html,application/xhtml+xml,application/xml;q=0.9,image/webp,image/apng,*/*;q=0.8',
  'referer' => 'http://jfshopt.gxwdbg.com/admin/Login/login',
  'accept-encoding' => 'gzip, deflate',
  'accept-language' => 'zh-CN,zh;q=0.9,ja;q=0.8',
  'cookie' => 'PHPSESSID=4b0a2424e828e5b60c3fc3cc1b7896f6; Hm_lvt_32e3cb4cf7e5c6772c4dc1f5d496b6af=1548916789,1549097412,1549156508,1550133428; osc_jump_url=http%3A%2F%2Fjfshopt.gxwdbg.com%2Fmobile; Hm_lvt_920c9eb6c337fe682f18b68f6d2b2464=1548916799,1549097418,1549156508,1550133435; Hm_lpvt_920c9eb6c337fe682f18b68f6d2b2464=1550133456; Hm_lpvt_32e3cb4cf7e5c6772c4dc1f5d496b6af=1550133456',
)
[ info ] [ PARAM ] array (
)
[ info ] [ CACHE ] INIT File
[ info ] [ SESSION ] INIT array (
  'type' => '',
  'auto_start' => true,
)
[ info ] [ DB ] INIT mysql
[ info ] [ RUN ] osc\admin\controller\Index->index[ /Library/WebServer/Documents/jfshop.gxwdbg.com/oscshop/admin/controller/Index.php ]
[ info ] [ VIEW ] ./oscshop/admin/view/index/index.html [ array (
  0 => 'admin_menu',
  1 => 'total_order',
  2 => 'today_order',
  3 => 'total_money',
  4 => 'today_money',
  5 => 'user_action_total',
  6 => 'today_user_action',
  7 => 'today_member',
  8 => 'member_count',
  9 => 'user_action',
  10 => 'uc_empty',
  11 => 'order_list',
  12 => 'empty',
) ]
[ info ] [ LOG ] INIT File
---------------------------------------------------------------
[ 2019-02-14T16:38:05+08:00 ] 127.0.0.1 127.0.0.1 GET /admin/goods/index
[ info ] jfshopt.gxwdbg.com/admin/goods/index [运行时间：0.403057s][吞吐率：2.48req/s] [内存消耗：2,661.41kb] [文件加载：56]
[ info ] [ LANG ] /Library/WebServer/Documents/jfshop.gxwdbg.com/thinkphp/lang/zh-cn.php
[ info ] [ ROUTE ] array (
  'type' => 'module',
  'module' => 
  array (
    0 => 'admin',
    1 => 'goods',
    2 => 'index',
  ),
)
[ info ] [ HEADER ] array (
  'host' => 'jfshopt.gxwdbg.com',
  'connection' => 'keep-alive',
  'upgrade-insecure-requests' => '1',
  'user-agent' => 'Mozilla/5.0 (Macintosh; Intel Mac OS X 10_14_3) AppleWebKit/537.36 (KHTML, like Gecko) Chrome/71.0.3578.98 Safari/537.36',
  'accept' => 'text/html,application/xhtml+xml,application/xml;q=0.9,image/webp,image/apng,*/*;q=0.8',
  'referer' => 'http://jfshopt.gxwdbg.com/admin/Index/index',
  'accept-encoding' => 'gzip, deflate',
  'accept-language' => 'zh-CN,zh;q=0.9,ja;q=0.8',
  'cookie' => 'PHPSESSID=4b0a2424e828e5b60c3fc3cc1b7896f6; Hm_lvt_32e3cb4cf7e5c6772c4dc1f5d496b6af=1548916789,1549097412,1549156508,1550133428; osc_jump_url=http%3A%2F%2Fjfshopt.gxwdbg.com%2Fmobile; Hm_lvt_920c9eb6c337fe682f18b68f6d2b2464=1548916799,1549097418,1549156508,1550133435; Hm_lpvt_920c9eb6c337fe682f18b68f6d2b2464=1550133456; Hm_lpvt_32e3cb4cf7e5c6772c4dc1f5d496b6af=1550133456',
)
[ info ] [ PARAM ] array (
)
[ info ] [ CACHE ] INIT File
[ info ] [ SESSION ] INIT array (
  'type' => '',
  'auto_start' => true,
)
[ info ] [ DB ] INIT mysql
[ info ] [ RUN ] osc\admin\controller\Goods->index[ /Library/WebServer/Documents/jfshop.gxwdbg.com/oscshop/admin/controller/Goods.php ]
[ info ] [ VIEW ] ./oscshop/admin/view/goods/index.html [ array (
  0 => 'admin_menu',
  1 => 'breadcrumb1',
  2 => 'breadcrumb2',
  3 => 'empty',
  4 => 'category',
  5 => 'list',
) ]
[ info ] [ LOG ] INIT File
---------------------------------------------------------------
[ 2019-02-14T16:38:14+08:00 ] 127.0.0.1 127.0.0.1 POST /admin/Goods/update_sort
[ info ] jfshopt.gxwdbg.com/admin/Goods/update_sort [运行时间：1.371034s][吞吐率：0.73req/s] [内存消耗：2,358.58kb] [文件加载：50]
[ info ] [ LANG ] /Library/WebServer/Documents/jfshop.gxwdbg.com/thinkphp/lang/zh-cn.php
[ info ] [ ROUTE ] array (
  'type' => 'module',
  'module' => 
  array (
    0 => 'admin',
    1 => 'Goods',
    2 => 'update_sort',
  ),
)
[ info ] [ HEADER ] array (
  'host' => 'jfshopt.gxwdbg.com',
  'connection' => 'keep-alive',
  'content-length' => '21',
  'accept' => '*/*',
  'origin' => 'http://jfshopt.gxwdbg.com',
  'x-requested-with' => 'XMLHttpRequest',
  'user-agent' => 'Mozilla/5.0 (Macintosh; Intel Mac OS X 10_14_3) AppleWebKit/537.36 (KHTML, like Gecko) Chrome/71.0.3578.98 Safari/537.36',
  'content-type' => 'application/x-www-form-urlencoded; charset=UTF-8',
  'referer' => 'http://jfshopt.gxwdbg.com/admin/goods/index',
  'accept-encoding' => 'gzip, deflate',
  'accept-language' => 'zh-CN,zh;q=0.9,ja;q=0.8',
  'cookie' => 'PHPSESSID=4b0a2424e828e5b60c3fc3cc1b7896f6; Hm_lvt_32e3cb4cf7e5c6772c4dc1f5d496b6af=1548916789,1549097412,1549156508,1550133428; osc_jump_url=http%3A%2F%2Fjfshopt.gxwdbg.com%2Fmobile; Hm_lvt_920c9eb6c337fe682f18b68f6d2b2464=1548916799,1549097418,1549156508,1550133435; Hm_lpvt_920c9eb6c337fe682f18b68f6d2b2464=1550133456; Hm_lpvt_32e3cb4cf7e5c6772c4dc1f5d496b6af=1550133456',
)
[ info ] [ PARAM ] array (
  'sort' => '100',
  'goods_id' => '118',
)
[ info ] [ CACHE ] INIT File
[ info ] [ SESSION ] INIT array (
  'type' => '',
  'auto_start' => true,
)
[ info ] [ DB ] INIT mysql
[ info ] [ RUN ] osc\admin\controller\Goods->update_sort[ /Library/WebServer/Documents/jfshop.gxwdbg.com/oscshop/admin/controller/Goods.php ]
[ info ] [ LOG ] INIT File
---------------------------------------------------------------
[ 2019-02-14T16:38:14+08:00 ] 127.0.0.1 127.0.0.1 GET /admin/goods/index
[ info ] jfshopt.gxwdbg.com/admin/goods/index [运行时间：0.144952s][吞吐率：6.90req/s] [内存消耗：2,661.66kb] [文件加载：56]
[ info ] [ LANG ] /Library/WebServer/Documents/jfshop.gxwdbg.com/thinkphp/lang/zh-cn.php
[ info ] [ ROUTE ] array (
  'type' => 'module',
  'module' => 
  array (
    0 => 'admin',
    1 => 'goods',
    2 => 'index',
  ),
)
[ info ] [ HEADER ] array (
  'host' => 'jfshopt.gxwdbg.com',
  'connection' => 'keep-alive',
  'cache-control' => 'max-age=0',
  'upgrade-insecure-requests' => '1',
  'user-agent' => 'Mozilla/5.0 (Macintosh; Intel Mac OS X 10_14_3) AppleWebKit/537.36 (KHTML, like Gecko) Chrome/71.0.3578.98 Safari/537.36',
  'accept' => 'text/html,application/xhtml+xml,application/xml;q=0.9,image/webp,image/apng,*/*;q=0.8',
  'referer' => 'http://jfshopt.gxwdbg.com/admin/goods/index',
  'accept-encoding' => 'gzip, deflate',
  'accept-language' => 'zh-CN,zh;q=0.9,ja;q=0.8',
  'cookie' => 'PHPSESSID=4b0a2424e828e5b60c3fc3cc1b7896f6; Hm_lvt_32e3cb4cf7e5c6772c4dc1f5d496b6af=1548916789,1549097412,1549156508,1550133428; osc_jump_url=http%3A%2F%2Fjfshopt.gxwdbg.com%2Fmobile; Hm_lvt_920c9eb6c337fe682f18b68f6d2b2464=1548916799,1549097418,1549156508,1550133435; Hm_lpvt_920c9eb6c337fe682f18b68f6d2b2464=1550133456; Hm_lpvt_32e3cb4cf7e5c6772c4dc1f5d496b6af=1550133456',
)
[ info ] [ PARAM ] array (
)
[ info ] [ CACHE ] INIT File
[ info ] [ SESSION ] INIT array (
  'type' => '',
  'auto_start' => true,
)
[ info ] [ DB ] INIT mysql
[ info ] [ RUN ] osc\admin\controller\Goods->index[ /Library/WebServer/Documents/jfshop.gxwdbg.com/oscshop/admin/controller/Goods.php ]
[ info ] [ VIEW ] ./oscshop/admin/view/goods/index.html [ array (
  0 => 'admin_menu',
  1 => 'breadcrumb1',
  2 => 'breadcrumb2',
  3 => 'empty',
  4 => 'category',
  5 => 'list',
) ]
[ info ] [ LOG ] INIT File
---------------------------------------------------------------
[ 2019-02-14T16:38:16+08:00 ] 127.0.0.1 127.0.0.1 GET /admin/Goods/index?type=search
[ info ] jfshopt.gxwdbg.com/admin/Goods/index?type=search [运行时间：0.062275s][吞吐率：16.06req/s] [内存消耗：2,662.07kb] [文件加载：56]
[ info ] [ LANG ] /Library/WebServer/Documents/jfshop.gxwdbg.com/thinkphp/lang/zh-cn.php
[ info ] [ ROUTE ] array (
  'type' => 'module',
  'module' => 
  array (
    0 => 'admin',
    1 => 'Goods',
    2 => 'index',
  ),
)
[ info ] [ HEADER ] array (
  'host' => 'jfshopt.gxwdbg.com',
  'connection' => 'keep-alive',
  'upgrade-insecure-requests' => '1',
  'user-agent' => 'Mozilla/5.0 (Macintosh; Intel Mac OS X 10_14_3) AppleWebKit/537.36 (KHTML, like Gecko) Chrome/71.0.3578.98 Safari/537.36',
  'accept' => 'text/html,application/xhtml+xml,application/xml;q=0.9,image/webp,image/apng,*/*;q=0.8',
  'referer' => 'http://jfshopt.gxwdbg.com/admin/goods/index',
  'accept-encoding' => 'gzip, deflate',
  'accept-language' => 'zh-CN,zh;q=0.9,ja;q=0.8',
  'cookie' => 'PHPSESSID=4b0a2424e828e5b60c3fc3cc1b7896f6; Hm_lvt_32e3cb4cf7e5c6772c4dc1f5d496b6af=1548916789,1549097412,1549156508,1550133428; osc_jump_url=http%3A%2F%2Fjfshopt.gxwdbg.com%2Fmobile; Hm_lvt_920c9eb6c337fe682f18b68f6d2b2464=1548916799,1549097418,1549156508,1550133435; Hm_lpvt_920c9eb6c337fe682f18b68f6d2b2464=1550133456; Hm_lpvt_32e3cb4cf7e5c6772c4dc1f5d496b6af=1550133456',
)
[ info ] [ PARAM ] array (
  'type' => 'search',
)
[ info ] [ CACHE ] INIT File
[ info ] [ SESSION ] INIT array (
  'type' => '',
  'auto_start' => true,
)
[ info ] [ DB ] INIT mysql
[ info ] [ RUN ] osc\admin\controller\Goods->index[ /Library/WebServer/Documents/jfshop.gxwdbg.com/oscshop/admin/controller/Goods.php ]
[ info ] [ VIEW ] ./oscshop/admin/view/goods/index.html [ array (
  0 => 'admin_menu',
  1 => 'breadcrumb1',
  2 => 'breadcrumb2',
  3 => 'empty',
  4 => 'category',
  5 => 'list',
) ]
[ info ] [ LOG ] INIT File
---------------------------------------------------------------
[ 2019-02-14T16:38:19+08:00 ] 127.0.0.1 127.0.0.1 GET /mobile
[ info ] jfshopt.gxwdbg.com/mobile [运行时间：0.189778s][吞吐率：5.27req/s] [内存消耗：2,475.64kb] [文件加载：56]
[ info ] [ LANG ] /Library/WebServer/Documents/jfshop.gxwdbg.com/thinkphp/lang/zh-cn.php
[ info ] [ ROUTE ] array (
  'type' => 'module',
  'module' => 
  array (
    0 => 'mobile',
    1 => 'index',
    2 => 'index',
  ),
  'convert' => false,
)
[ info ] [ HEADER ] array (
  'host' => 'jfshopt.gxwdbg.com',
  'connection' => 'keep-alive',
  'cache-control' => 'max-age=0',
  'upgrade-insecure-requests' => '1',
  'user-agent' => 'Mozilla/5.0 (iPhone; CPU iPhone OS 11_0 like Mac OS X) AppleWebKit/604.1.38 (KHTML, like Gecko) Version/11.0 Mobile/15A372 Safari/604.1',
  'accept' => 'text/html,application/xhtml+xml,application/xml;q=0.9,image/webp,image/apng,*/*;q=0.8',
  'accept-encoding' => 'gzip, deflate',
  'accept-language' => 'zh-CN,zh;q=0.9,ja;q=0.8',
  'cookie' => 'PHPSESSID=4b0a2424e828e5b60c3fc3cc1b7896f6; Hm_lvt_32e3cb4cf7e5c6772c4dc1f5d496b6af=1548916789,1549097412,1549156508,1550133428; osc_jump_url=http%3A%2F%2Fjfshopt.gxwdbg.com%2Fmobile; Hm_lvt_920c9eb6c337fe682f18b68f6d2b2464=1548916799,1549097418,1549156508,1550133435; Hm_lpvt_920c9eb6c337fe682f18b68f6d2b2464=1550133456; Hm_lpvt_32e3cb4cf7e5c6772c4dc1f5d496b6af=1550133456',
)
[ info ] [ PARAM ] array (
)
[ info ] [ CACHE ] INIT File
[ info ] [ RUN ] osc\mobile\controller\Index->index[ /Library/WebServer/Documents/jfshop.gxwdbg.com/oscshop/mobile/controller/Index.php ]
[ info ] [ DB ] INIT mysql
[ info ] [ VIEW ] ./oscshop/mobile/view/index/index.html [ array (
  0 => 'goods',
  1 => 'timeoff',
  2 => 'list',
  3 => 'SEO',
  4 => 'flag',
  5 => 'userinfo',
) ]
[ info ] [ LOG ] INIT File
[ error ] [8]Use of undefined constant UID - assumed 'UID'[/Library/WebServer/Documents/jfshop.gxwdbg.com/oscshop/mobile/controller/Index.php:53]
---------------------------------------------------------------
[ 2019-02-14T16:38:20+08:00 ] 127.0.0.1 127.0.0.1 GET /mobile/index/ajax_goods_list/page/0
[ info ] jfshopt.gxwdbg.com/mobile/index/ajax_goods_list/page/0 [运行时间：0.228319s][吞吐率：4.38req/s] [内存消耗：1,808.45kb] [文件加载：49]
[ info ] [ LANG ] /Library/WebServer/Documents/jfshop.gxwdbg.com/thinkphp/lang/zh-cn.php
[ info ] [ ROUTE ] array (
  'type' => 'module',
  'module' => 
  array (
    0 => 'mobile',
    1 => 'index',
    2 => 'ajax_goods_list',
  ),
)
[ info ] [ HEADER ] array (
  'host' => 'jfshopt.gxwdbg.com',
  'connection' => 'keep-alive',
  'accept' => '*/*',
  'x-requested-with' => 'XMLHttpRequest',
  'user-agent' => 'Mozilla/5.0 (iPhone; CPU iPhone OS 11_0 like Mac OS X) AppleWebKit/604.1.38 (KHTML, like Gecko) Version/11.0 Mobile/15A372 Safari/604.1',
  'referer' => 'http://jfshopt.gxwdbg.com/mobile',
  'accept-encoding' => 'gzip, deflate',
  'accept-language' => 'zh-CN,zh;q=0.9,ja;q=0.8',
  'cookie' => 'PHPSESSID=4b0a2424e828e5b60c3fc3cc1b7896f6; Hm_lvt_32e3cb4cf7e5c6772c4dc1f5d496b6af=1548916789,1549097412,1549156508,1550133428; osc_jump_url=http%3A%2F%2Fjfshopt.gxwdbg.com%2Fmobile; Hm_lvt_920c9eb6c337fe682f18b68f6d2b2464=1548916799,1549097418,1549156508,1550133435; Hm_lpvt_920c9eb6c337fe682f18b68f6d2b2464=1550133456; Hm_lpvt_32e3cb4cf7e5c6772c4dc1f5d496b6af=1550133456',
)
[ info ] [ PARAM ] array (
  'page' => '0',
)
[ info ] [ CACHE ] INIT File
[ info ] [ RUN ] osc\mobile\controller\Index->ajax_goods_list[ /Library/WebServer/Documents/jfshop.gxwdbg.com/oscshop/mobile/controller/Index.php ]
[ info ] [ DB ] INIT mysql
[ info ] [ LOG ] INIT File
---------------------------------------------------------------
[ 2019-02-14T16:38:20+08:00 ] 127.0.0.1 127.0.0.1 GET /mobile/index/ajax_goods_list/page/1
[ info ] jfshopt.gxwdbg.com/mobile/index/ajax_goods_list/page/1 [运行时间：0.051103s][吞吐率：19.57req/s] [内存消耗：1,808.30kb] [文件加载：49]
[ info ] [ LANG ] /Library/WebServer/Documents/jfshop.gxwdbg.com/thinkphp/lang/zh-cn.php
[ info ] [ ROUTE ] array (
  'type' => 'module',
  'module' => 
  array (
    0 => 'mobile',
    1 => 'index',
    2 => 'ajax_goods_list',
  ),
)
[ info ] [ HEADER ] array (
  'host' => 'jfshopt.gxwdbg.com',
  'connection' => 'keep-alive',
  'accept' => '*/*',
  'x-requested-with' => 'XMLHttpRequest',
  'user-agent' => 'Mozilla/5.0 (iPhone; CPU iPhone OS 11_0 like Mac OS X) AppleWebKit/604.1.38 (KHTML, like Gecko) Version/11.0 Mobile/15A372 Safari/604.1',
  'referer' => 'http://jfshopt.gxwdbg.com/mobile',
  'accept-encoding' => 'gzip, deflate',
  'accept-language' => 'zh-CN,zh;q=0.9,ja;q=0.8',
  'cookie' => 'PHPSESSID=4b0a2424e828e5b60c3fc3cc1b7896f6; Hm_lvt_32e3cb4cf7e5c6772c4dc1f5d496b6af=1548916789,1549097412,1549156508,1550133428; osc_jump_url=http%3A%2F%2Fjfshopt.gxwdbg.com%2Fmobile; Hm_lvt_920c9eb6c337fe682f18b68f6d2b2464=1548916799,1549097418,1549156508,1550133435; Hm_lpvt_920c9eb6c337fe682f18b68f6d2b2464=1550133500; Hm_lpvt_32e3cb4cf7e5c6772c4dc1f5d496b6af=1550133500',
)
[ info ] [ PARAM ] array (
  'page' => '1',
)
[ info ] [ CACHE ] INIT File
[ info ] [ RUN ] osc\mobile\controller\Index->ajax_goods_list[ /Library/WebServer/Documents/jfshop.gxwdbg.com/oscshop/mobile/controller/Index.php ]
[ info ] [ DB ] INIT mysql
[ info ] [ LOG ] INIT File
---------------------------------------------------------------
[ 2019-02-14T16:38:22+08:00 ] 127.0.0.1 127.0.0.1 GET /mobile/index/ajax_goods_list/page/2
[ info ] jfshopt.gxwdbg.com/mobile/index/ajax_goods_list/page/2 [运行时间：0.041555s][吞吐率：24.06req/s] [内存消耗：1,808.22kb] [文件加载：49]
[ info ] [ LANG ] /Library/WebServer/Documents/jfshop.gxwdbg.com/thinkphp/lang/zh-cn.php
[ info ] [ ROUTE ] array (
  'type' => 'module',
  'module' => 
  array (
    0 => 'mobile',
    1 => 'index',
    2 => 'ajax_goods_list',
  ),
)
[ info ] [ HEADER ] array (
  'host' => 'jfshopt.gxwdbg.com',
  'connection' => 'keep-alive',
  'accept' => '*/*',
  'x-requested-with' => 'XMLHttpRequest',
  'user-agent' => 'Mozilla/5.0 (iPhone; CPU iPhone OS 11_0 like Mac OS X) AppleWebKit/604.1.38 (KHTML, like Gecko) Version/11.0 Mobile/15A372 Safari/604.1',
  'referer' => 'http://jfshopt.gxwdbg.com/mobile',
  'accept-encoding' => 'gzip, deflate',
  'accept-language' => 'zh-CN,zh;q=0.9,ja;q=0.8',
  'cookie' => 'PHPSESSID=4b0a2424e828e5b60c3fc3cc1b7896f6; Hm_lvt_32e3cb4cf7e5c6772c4dc1f5d496b6af=1548916789,1549097412,1549156508,1550133428; osc_jump_url=http%3A%2F%2Fjfshopt.gxwdbg.com%2Fmobile; Hm_lvt_920c9eb6c337fe682f18b68f6d2b2464=1548916799,1549097418,1549156508,1550133435; Hm_lpvt_920c9eb6c337fe682f18b68f6d2b2464=1550133500; Hm_lpvt_32e3cb4cf7e5c6772c4dc1f5d496b6af=1550133500',
)
[ info ] [ PARAM ] array (
  'page' => '2',
)
[ info ] [ CACHE ] INIT File
[ info ] [ RUN ] osc\mobile\controller\Index->ajax_goods_list[ /Library/WebServer/Documents/jfshop.gxwdbg.com/oscshop/mobile/controller/Index.php ]
[ info ] [ DB ] INIT mysql
[ info ] [ LOG ] INIT File
---------------------------------------------------------------
[ 2019-02-14T16:38:23+08:00 ] 127.0.0.1 127.0.0.1 GET /mobile/index/ajax_goods_list/page/3
[ info ] jfshopt.gxwdbg.com/mobile/index/ajax_goods_list/page/3 [运行时间：0.037590s][吞吐率：26.60req/s] [内存消耗：1,808.73kb] [文件加载：49]
[ info ] [ LANG ] /Library/WebServer/Documents/jfshop.gxwdbg.com/thinkphp/lang/zh-cn.php
[ info ] [ ROUTE ] array (
  'type' => 'module',
  'module' => 
  array (
    0 => 'mobile',
    1 => 'index',
    2 => 'ajax_goods_list',
  ),
)
[ info ] [ HEADER ] array (
  'host' => 'jfshopt.gxwdbg.com',
  'connection' => 'keep-alive',
  'accept' => '*/*',
  'x-requested-with' => 'XMLHttpRequest',
  'user-agent' => 'Mozilla/5.0 (iPhone; CPU iPhone OS 11_0 like Mac OS X) AppleWebKit/604.1.38 (KHTML, like Gecko) Version/11.0 Mobile/15A372 Safari/604.1',
  'referer' => 'http://jfshopt.gxwdbg.com/mobile',
  'accept-encoding' => 'gzip, deflate',
  'accept-language' => 'zh-CN,zh;q=0.9,ja;q=0.8',
  'cookie' => 'PHPSESSID=4b0a2424e828e5b60c3fc3cc1b7896f6; Hm_lvt_32e3cb4cf7e5c6772c4dc1f5d496b6af=1548916789,1549097412,1549156508,1550133428; osc_jump_url=http%3A%2F%2Fjfshopt.gxwdbg.com%2Fmobile; Hm_lvt_920c9eb6c337fe682f18b68f6d2b2464=1548916799,1549097418,1549156508,1550133435; Hm_lpvt_920c9eb6c337fe682f18b68f6d2b2464=1550133500; Hm_lpvt_32e3cb4cf7e5c6772c4dc1f5d496b6af=1550133500',
)
[ info ] [ PARAM ] array (
  'page' => '3',
)
[ info ] [ CACHE ] INIT File
[ info ] [ RUN ] osc\mobile\controller\Index->ajax_goods_list[ /Library/WebServer/Documents/jfshop.gxwdbg.com/oscshop/mobile/controller/Index.php ]
[ info ] [ DB ] INIT mysql
[ info ] [ LOG ] INIT File
---------------------------------------------------------------
[ 2019-02-14T16:38:24+08:00 ] 127.0.0.1 127.0.0.1 GET /mobile/index/ajax_goods_list/page/4
[ info ] jfshopt.gxwdbg.com/mobile/index/ajax_goods_list/page/4 [运行时间：0.049807s][吞吐率：20.08req/s] [内存消耗：1,807.55kb] [文件加载：49]
[ info ] [ LANG ] /Library/WebServer/Documents/jfshop.gxwdbg.com/thinkphp/lang/zh-cn.php
[ info ] [ ROUTE ] array (
  'type' => 'module',
  'module' => 
  array (
    0 => 'mobile',
    1 => 'index',
    2 => 'ajax_goods_list',
  ),
)
[ info ] [ HEADER ] array (
  'host' => 'jfshopt.gxwdbg.com',
  'connection' => 'keep-alive',
  'accept' => '*/*',
  'x-requested-with' => 'XMLHttpRequest',
  'user-agent' => 'Mozilla/5.0 (iPhone; CPU iPhone OS 11_0 like Mac OS X) AppleWebKit/604.1.38 (KHTML, like Gecko) Version/11.0 Mobile/15A372 Safari/604.1',
  'referer' => 'http://jfshopt.gxwdbg.com/mobile',
  'accept-encoding' => 'gzip, deflate',
  'accept-language' => 'zh-CN,zh;q=0.9,ja;q=0.8',
  'cookie' => 'PHPSESSID=4b0a2424e828e5b60c3fc3cc1b7896f6; Hm_lvt_32e3cb4cf7e5c6772c4dc1f5d496b6af=1548916789,1549097412,1549156508,1550133428; osc_jump_url=http%3A%2F%2Fjfshopt.gxwdbg.com%2Fmobile; Hm_lvt_920c9eb6c337fe682f18b68f6d2b2464=1548916799,1549097418,1549156508,1550133435; Hm_lpvt_920c9eb6c337fe682f18b68f6d2b2464=1550133500; Hm_lpvt_32e3cb4cf7e5c6772c4dc1f5d496b6af=1550133500',
)
[ info ] [ PARAM ] array (
  'page' => '4',
)
[ info ] [ CACHE ] INIT File
[ info ] [ RUN ] osc\mobile\controller\Index->ajax_goods_list[ /Library/WebServer/Documents/jfshop.gxwdbg.com/oscshop/mobile/controller/Index.php ]
[ info ] [ DB ] INIT mysql
[ info ] [ LOG ] INIT File
---------------------------------------------------------------
[ 2019-02-14T16:38:25+08:00 ] 127.0.0.1 127.0.0.1 GET /mobile/index/ajax_goods_list/page/5
[ info ] jfshopt.gxwdbg.com/mobile/index/ajax_goods_list/page/5 [运行时间：0.072224s][吞吐率：13.85req/s] [内存消耗：1,806.72kb] [文件加载：49]
[ info ] [ LANG ] /Library/WebServer/Documents/jfshop.gxwdbg.com/thinkphp/lang/zh-cn.php
[ info ] [ ROUTE ] array (
  'type' => 'module',
  'module' => 
  array (
    0 => 'mobile',
    1 => 'index',
    2 => 'ajax_goods_list',
  ),
)
[ info ] [ HEADER ] array (
  'host' => 'jfshopt.gxwdbg.com',
  'connection' => 'keep-alive',
  'accept' => '*/*',
  'x-requested-with' => 'XMLHttpRequest',
  'user-agent' => 'Mozilla/5.0 (iPhone; CPU iPhone OS 11_0 like Mac OS X) AppleWebKit/604.1.38 (KHTML, like Gecko) Version/11.0 Mobile/15A372 Safari/604.1',
  'referer' => 'http://jfshopt.gxwdbg.com/mobile',
  'accept-encoding' => 'gzip, deflate',
  'accept-language' => 'zh-CN,zh;q=0.9,ja;q=0.8',
  'cookie' => 'PHPSESSID=4b0a2424e828e5b60c3fc3cc1b7896f6; Hm_lvt_32e3cb4cf7e5c6772c4dc1f5d496b6af=1548916789,1549097412,1549156508,1550133428; osc_jump_url=http%3A%2F%2Fjfshopt.gxwdbg.com%2Fmobile; Hm_lvt_920c9eb6c337fe682f18b68f6d2b2464=1548916799,1549097418,1549156508,1550133435; Hm_lpvt_920c9eb6c337fe682f18b68f6d2b2464=1550133500; Hm_lpvt_32e3cb4cf7e5c6772c4dc1f5d496b6af=1550133500',
)
[ info ] [ PARAM ] array (
  'page' => '5',
)
[ info ] [ CACHE ] INIT File
[ info ] [ RUN ] osc\mobile\controller\Index->ajax_goods_list[ /Library/WebServer/Documents/jfshop.gxwdbg.com/oscshop/mobile/controller/Index.php ]
[ info ] [ DB ] INIT mysql
[ info ] [ LOG ] INIT File
---------------------------------------------------------------
[ 2019-02-14T16:57:41+08:00 ] 127.0.0.1 127.0.0.1 GET /admin/Goods/add
[ info ] jfshopt.gxwdbg.com/admin/Goods/add [运行时间：0.417086s][吞吐率：2.40req/s] [内存消耗：2,789.65kb] [文件加载：53]
[ info ] [ LANG ] /Library/WebServer/Documents/jfshop.gxwdbg.com/thinkphp/lang/zh-cn.php
[ info ] [ ROUTE ] array (
  'type' => 'module',
  'module' => 
  array (
    0 => 'admin',
    1 => 'Goods',
    2 => 'add',
  ),
)
[ info ] [ HEADER ] array (
  'host' => 'jfshopt.gxwdbg.com',
  'connection' => 'keep-alive',
  'upgrade-insecure-requests' => '1',
  'user-agent' => 'Mozilla/5.0 (Macintosh; Intel Mac OS X 10_14_3) AppleWebKit/537.36 (KHTML, like Gecko) Chrome/71.0.3578.98 Safari/537.36',
  'accept' => 'text/html,application/xhtml+xml,application/xml;q=0.9,image/webp,image/apng,*/*;q=0.8',
  'referer' => 'http://jfshopt.gxwdbg.com/admin/Goods/index?type=search',
  'accept-encoding' => 'gzip, deflate',
  'accept-language' => 'zh-CN,zh;q=0.9,ja;q=0.8',
  'cookie' => 'PHPSESSID=4b0a2424e828e5b60c3fc3cc1b7896f6; Hm_lvt_32e3cb4cf7e5c6772c4dc1f5d496b6af=1548916789,1549097412,1549156508,1550133428; osc_jump_url=http%3A%2F%2Fjfshopt.gxwdbg.com%2Fmobile; Hm_lvt_920c9eb6c337fe682f18b68f6d2b2464=1548916799,1549097418,1549156508,1550133435; Hm_lpvt_920c9eb6c337fe682f18b68f6d2b2464=1550133500; Hm_lpvt_32e3cb4cf7e5c6772c4dc1f5d496b6af=1550133500',
)
[ info ] [ PARAM ] array (
)
[ info ] [ CACHE ] INIT File
[ info ] [ SESSION ] INIT array (
  'type' => '',
  'auto_start' => true,
)
[ info ] [ DB ] INIT mysql
[ info ] [ RUN ] osc\admin\controller\Goods->add[ /Library/WebServer/Documents/jfshop.gxwdbg.com/oscshop/admin/controller/Goods.php ]
[ info ] [ VIEW ] ./oscshop/admin/view/goods/edit.html [ array (
  0 => 'admin_menu',
  1 => 'breadcrumb1',
  2 => 'breadcrumb2',
  3 => 'merchants',
  4 => 'weight_class',
  5 => 'length_class',
  6 => 'crumbs',
  7 => 'action',
) ]
[ info ] [ LOG ] INIT File
---------------------------------------------------------------
[ 2019-02-14T17:02:25+08:00 ] 127.0.0.1 127.0.0.1 GET /admin/category/index
[ info ] jfshopt.gxwdbg.com/admin/category/index [运行时间：0.381732s][吞吐率：2.62req/s] [内存消耗：2,689.85kb] [文件加载：56]
[ info ] [ LANG ] /Library/WebServer/Documents/jfshop.gxwdbg.com/thinkphp/lang/zh-cn.php
[ info ] [ ROUTE ] array (
  'type' => 'module',
  'module' => 
  array (
    0 => 'admin',
    1 => 'category',
    2 => 'index',
  ),
)
[ info ] [ HEADER ] array (
  'host' => 'jfshopt.gxwdbg.com',
  'connection' => 'keep-alive',
  'upgrade-insecure-requests' => '1',
  'user-agent' => 'Mozilla/5.0 (Macintosh; Intel Mac OS X 10_14_3) AppleWebKit/537.36 (KHTML, like Gecko) Chrome/71.0.3578.98 Safari/537.36',
  'accept' => 'text/html,application/xhtml+xml,application/xml;q=0.9,image/webp,image/apng,*/*;q=0.8',
  'referer' => 'http://jfshopt.gxwdbg.com/admin/Goods/add',
  'accept-encoding' => 'gzip, deflate',
  'accept-language' => 'zh-CN,zh;q=0.9,ja;q=0.8',
  'cookie' => 'PHPSESSID=4b0a2424e828e5b60c3fc3cc1b7896f6; Hm_lvt_32e3cb4cf7e5c6772c4dc1f5d496b6af=1548916789,1549097412,1549156508,1550133428; osc_jump_url=http%3A%2F%2Fjfshopt.gxwdbg.com%2Fmobile; Hm_lvt_920c9eb6c337fe682f18b68f6d2b2464=1548916799,1549097418,1549156508,1550133435; Hm_lpvt_920c9eb6c337fe682f18b68f6d2b2464=1550133500; Hm_lpvt_32e3cb4cf7e5c6772c4dc1f5d496b6af=1550133500',
)
[ info ] [ PARAM ] array (
)
[ info ] [ CACHE ] INIT File
[ info ] [ SESSION ] INIT array (
  'type' => '',
  'auto_start' => true,
)
[ info ] [ DB ] INIT mysql
[ info ] [ RUN ] osc\admin\controller\Category->index[ /Library/WebServer/Documents/jfshop.gxwdbg.com/oscshop/admin/controller/Category.php ]
[ info ] [ VIEW ] ./oscshop/admin/view/category/index.html [ array (
  0 => 'admin_menu',
  1 => 'breadcrumb1',
  2 => 'breadcrumb2',
  3 => 'empty',
  4 => 'list',
) ]
[ info ] [ LOG ] INIT File
---------------------------------------------------------------
[ 2019-02-14T17:02:30+08:00 ] 127.0.0.1 127.0.0.1 GET /admin/Category/add
[ info ] jfshopt.gxwdbg.com/admin/Category/add [运行时间：0.259716s][吞吐率：3.85req/s] [内存消耗：2,677.68kb] [文件加载：55]
[ info ] [ LANG ] /Library/WebServer/Documents/jfshop.gxwdbg.com/thinkphp/lang/zh-cn.php
[ info ] [ ROUTE ] array (
  'type' => 'module',
  'module' => 
  array (
    0 => 'admin',
    1 => 'Category',
    2 => 'add',
  ),
)
[ info ] [ HEADER ] array (
  'host' => 'jfshopt.gxwdbg.com',
  'connection' => 'keep-alive',
  'upgrade-insecure-requests' => '1',
  'user-agent' => 'Mozilla/5.0 (Macintosh; Intel Mac OS X 10_14_3) AppleWebKit/537.36 (KHTML, like Gecko) Chrome/71.0.3578.98 Safari/537.36',
  'accept' => 'text/html,application/xhtml+xml,application/xml;q=0.9,image/webp,image/apng,*/*;q=0.8',
  'referer' => 'http://jfshopt.gxwdbg.com/admin/category/index',
  'accept-encoding' => 'gzip, deflate',
  'accept-language' => 'zh-CN,zh;q=0.9,ja;q=0.8',
  'cookie' => 'PHPSESSID=4b0a2424e828e5b60c3fc3cc1b7896f6; Hm_lvt_32e3cb4cf7e5c6772c4dc1f5d496b6af=1548916789,1549097412,1549156508,1550133428; osc_jump_url=http%3A%2F%2Fjfshopt.gxwdbg.com%2Fmobile; Hm_lvt_920c9eb6c337fe682f18b68f6d2b2464=1548916799,1549097418,1549156508,1550133435; Hm_lpvt_920c9eb6c337fe682f18b68f6d2b2464=1550133500; Hm_lpvt_32e3cb4cf7e5c6772c4dc1f5d496b6af=1550133500',
)
[ info ] [ PARAM ] array (
)
[ info ] [ CACHE ] INIT File
[ info ] [ SESSION ] INIT array (
  'type' => '',
  'auto_start' => true,
)
[ info ] [ DB ] INIT mysql
[ info ] [ RUN ] osc\admin\controller\Category->add[ /Library/WebServer/Documents/jfshop.gxwdbg.com/oscshop/admin/controller/Category.php ]
[ info ] [ VIEW ] ./oscshop/admin/view/category/edit.html [ array (
  0 => 'admin_menu',
  1 => 'breadcrumb1',
  2 => 'breadcrumb2',
  3 => 'category',
  4 => 'action',
  5 => 'crumbs',
) ]
[ info ] [ LOG ] INIT File
---------------------------------------------------------------
[ 2019-02-14T17:02:41+08:00 ] 127.0.0.1 127.0.0.1 POST /admin/Category/add
[ info ] jfshopt.gxwdbg.com/admin/Category/add [运行时间：0.535923s][吞吐率：1.87req/s] [内存消耗：2,574.06kb] [文件加载：53]
[ info ] [ LANG ] /Library/WebServer/Documents/jfshop.gxwdbg.com/thinkphp/lang/zh-cn.php
[ info ] [ ROUTE ] array (
  'type' => 'module',
  'module' => 
  array (
    0 => 'admin',
    1 => 'Category',
    2 => 'add',
  ),
)
[ info ] [ HEADER ] array (
  'host' => 'jfshopt.gxwdbg.com',
  'connection' => 'keep-alive',
  'content-length' => '104',
  'accept' => '*/*',
  'origin' => 'http://jfshopt.gxwdbg.com',
  'x-requested-with' => 'XMLHttpRequest',
  'user-agent' => 'Mozilla/5.0 (Macintosh; Intel Mac OS X 10_14_3) AppleWebKit/537.36 (KHTML, like Gecko) Chrome/71.0.3578.98 Safari/537.36',
  'content-type' => 'application/x-www-form-urlencoded; charset=UTF-8',
  'referer' => 'http://jfshopt.gxwdbg.com/admin/Category/add',
  'accept-encoding' => 'gzip, deflate',
  'accept-language' => 'zh-CN,zh;q=0.9,ja;q=0.8',
  'cookie' => 'PHPSESSID=4b0a2424e828e5b60c3fc3cc1b7896f6; Hm_lvt_32e3cb4cf7e5c6772c4dc1f5d496b6af=1548916789,1549097412,1549156508,1550133428; osc_jump_url=http%3A%2F%2Fjfshopt.gxwdbg.com%2Fmobile; Hm_lvt_920c9eb6c337fe682f18b68f6d2b2464=1548916799,1549097418,1549156508,1550133435; Hm_lpvt_920c9eb6c337fe682f18b68f6d2b2464=1550133500; Hm_lpvt_32e3cb4cf7e5c6772c4dc1f5d496b6af=1550133500',
)
[ info ] [ PARAM ] array (
  'image' => '',
  'pid' => '0',
  'name' => '充值业务',
  'meta_keyword' => '',
  'meta_description' => '',
  'attribute' => '',
  'brand' => '',
)
[ info ] [ CACHE ] INIT File
[ info ] [ SESSION ] INIT array (
  'type' => '',
  'auto_start' => true,
)
[ info ] [ DB ] INIT mysql
[ info ] [ RUN ] osc\admin\controller\Category->add[ /Library/WebServer/Documents/jfshop.gxwdbg.com/oscshop/admin/controller/Category.php ]
[ info ] [ LOG ] INIT File
---------------------------------------------------------------
[ 2019-02-14T17:02:42+08:00 ] 127.0.0.1 127.0.0.1 GET /admin/category/index
[ info ] jfshopt.gxwdbg.com/admin/category/index [运行时间：0.294076s][吞吐率：3.40req/s] [内存消耗：2,511.57kb] [文件加载：54]
[ info ] [ LANG ] /Library/WebServer/Documents/jfshop.gxwdbg.com/thinkphp/lang/zh-cn.php
[ info ] [ ROUTE ] array (
  'type' => 'module',
  'module' => 
  array (
    0 => 'admin',
    1 => 'category',
    2 => 'index',
  ),
)
[ info ] [ HEADER ] array (
  'host' => 'jfshopt.gxwdbg.com',
  'connection' => 'keep-alive',
  'upgrade-insecure-requests' => '1',
  'user-agent' => 'Mozilla/5.0 (Macintosh; Intel Mac OS X 10_14_3) AppleWebKit/537.36 (KHTML, like Gecko) Chrome/71.0.3578.98 Safari/537.36',
  'accept' => 'text/html,application/xhtml+xml,application/xml;q=0.9,image/webp,image/apng,*/*;q=0.8',
  'referer' => 'http://jfshopt.gxwdbg.com/admin/Category/add',
  'accept-encoding' => 'gzip, deflate',
  'accept-language' => 'zh-CN,zh;q=0.9,ja;q=0.8',
  'cookie' => 'PHPSESSID=4b0a2424e828e5b60c3fc3cc1b7896f6; Hm_lvt_32e3cb4cf7e5c6772c4dc1f5d496b6af=1548916789,1549097412,1549156508,1550133428; osc_jump_url=http%3A%2F%2Fjfshopt.gxwdbg.com%2Fmobile; Hm_lvt_920c9eb6c337fe682f18b68f6d2b2464=1548916799,1549097418,1549156508,1550133435; Hm_lpvt_920c9eb6c337fe682f18b68f6d2b2464=1550133500; Hm_lpvt_32e3cb4cf7e5c6772c4dc1f5d496b6af=1550133500',
)
[ info ] [ PARAM ] array (
)
[ info ] [ CACHE ] INIT File
[ info ] [ SESSION ] INIT array (
  'type' => '',
  'auto_start' => true,
)
[ info ] [ DB ] INIT mysql
[ info ] [ RUN ] osc\admin\controller\Category->index[ /Library/WebServer/Documents/jfshop.gxwdbg.com/oscshop/admin/controller/Category.php ]
[ info ] [ VIEW ] ./oscshop/admin/view/category/index.html [ array (
  0 => 'admin_menu',
  1 => 'breadcrumb1',
  2 => 'breadcrumb2',
  3 => 'empty',
  4 => 'list',
) ]
[ info ] [ LOG ] INIT File
---------------------------------------------------------------
[ 2019-02-14T17:03:47+08:00 ] 127.0.0.1 127.0.0.1 GET /admin/category/index
[ info ] jfshopt.gxwdbg.com/admin/category/index [运行时间：0.356767s][吞吐率：2.80req/s] [内存消耗：2,511.82kb] [文件加载：54]
[ info ] [ LANG ] /Library/WebServer/Documents/jfshop.gxwdbg.com/thinkphp/lang/zh-cn.php
[ info ] [ ROUTE ] array (
  'type' => 'module',
  'module' => 
  array (
    0 => 'admin',
    1 => 'category',
    2 => 'index',
  ),
)
[ info ] [ HEADER ] array (
  'host' => 'jfshopt.gxwdbg.com',
  'connection' => 'keep-alive',
  'cache-control' => 'max-age=0',
  'upgrade-insecure-requests' => '1',
  'user-agent' => 'Mozilla/5.0 (Macintosh; Intel Mac OS X 10_14_3) AppleWebKit/537.36 (KHTML, like Gecko) Chrome/71.0.3578.98 Safari/537.36',
  'accept' => 'text/html,application/xhtml+xml,application/xml;q=0.9,image/webp,image/apng,*/*;q=0.8',
  'referer' => 'http://jfshopt.gxwdbg.com/admin/Category/add',
  'accept-encoding' => 'gzip, deflate',
  'accept-language' => 'zh-CN,zh;q=0.9,ja;q=0.8',
  'cookie' => 'PHPSESSID=4b0a2424e828e5b60c3fc3cc1b7896f6; Hm_lvt_32e3cb4cf7e5c6772c4dc1f5d496b6af=1548916789,1549097412,1549156508,1550133428; osc_jump_url=http%3A%2F%2Fjfshopt.gxwdbg.com%2Fmobile; Hm_lvt_920c9eb6c337fe682f18b68f6d2b2464=1548916799,1549097418,1549156508,1550133435; Hm_lpvt_920c9eb6c337fe682f18b68f6d2b2464=1550133500; Hm_lpvt_32e3cb4cf7e5c6772c4dc1f5d496b6af=1550133500',
)
[ info ] [ PARAM ] array (
)
[ info ] [ CACHE ] INIT File
[ info ] [ SESSION ] INIT array (
  'type' => '',
  'auto_start' => true,
)
[ info ] [ DB ] INIT mysql
[ info ] [ RUN ] osc\admin\controller\Category->index[ /Library/WebServer/Documents/jfshop.gxwdbg.com/oscshop/admin/controller/Category.php ]
[ info ] [ VIEW ] ./oscshop/admin/view/category/index.html [ array (
  0 => 'admin_menu',
  1 => 'breadcrumb1',
  2 => 'breadcrumb2',
  3 => 'empty',
  4 => 'list',
) ]
[ info ] [ LOG ] INIT File
---------------------------------------------------------------
[ 2019-02-14T17:04:13+08:00 ] 127.0.0.1 127.0.0.1 GET /admin/category/index
[ info ] jfshopt.gxwdbg.com/admin/category/index [运行时间：0.435687s][吞吐率：2.30req/s] [内存消耗：2,511.82kb] [文件加载：54]
[ info ] [ LANG ] /Library/WebServer/Documents/jfshop.gxwdbg.com/thinkphp/lang/zh-cn.php
[ info ] [ ROUTE ] array (
  'type' => 'module',
  'module' => 
  array (
    0 => 'admin',
    1 => 'category',
    2 => 'index',
  ),
)
[ info ] [ HEADER ] array (
  'host' => 'jfshopt.gxwdbg.com',
  'connection' => 'keep-alive',
  'cache-control' => 'max-age=0',
  'upgrade-insecure-requests' => '1',
  'user-agent' => 'Mozilla/5.0 (Macintosh; Intel Mac OS X 10_14_3) AppleWebKit/537.36 (KHTML, like Gecko) Chrome/71.0.3578.98 Safari/537.36',
  'accept' => 'text/html,application/xhtml+xml,application/xml;q=0.9,image/webp,image/apng,*/*;q=0.8',
  'referer' => 'http://jfshopt.gxwdbg.com/admin/Category/add',
  'accept-encoding' => 'gzip, deflate',
  'accept-language' => 'zh-CN,zh;q=0.9,ja;q=0.8',
  'cookie' => 'PHPSESSID=4b0a2424e828e5b60c3fc3cc1b7896f6; Hm_lvt_32e3cb4cf7e5c6772c4dc1f5d496b6af=1548916789,1549097412,1549156508,1550133428; osc_jump_url=http%3A%2F%2Fjfshopt.gxwdbg.com%2Fmobile; Hm_lvt_920c9eb6c337fe682f18b68f6d2b2464=1548916799,1549097418,1549156508,1550133435; Hm_lpvt_920c9eb6c337fe682f18b68f6d2b2464=1550133500; Hm_lpvt_32e3cb4cf7e5c6772c4dc1f5d496b6af=1550133500',
)
[ info ] [ PARAM ] array (
)
[ info ] [ CACHE ] INIT File
[ info ] [ SESSION ] INIT array (
  'type' => '',
  'auto_start' => true,
)
[ info ] [ DB ] INIT mysql
[ info ] [ RUN ] osc\admin\controller\Category->index[ /Library/WebServer/Documents/jfshop.gxwdbg.com/oscshop/admin/controller/Category.php ]
[ info ] [ VIEW ] ./oscshop/admin/view/category/index.html [ array (
  0 => 'admin_menu',
  1 => 'breadcrumb1',
  2 => 'breadcrumb2',
  3 => 'empty',
  4 => 'list',
) ]
[ info ] [ LOG ] INIT File
---------------------------------------------------------------
[ 2019-02-14T17:04:20+08:00 ] 127.0.0.1 127.0.0.1 GET /admin/category/edit/id/38
[ info ] jfshopt.gxwdbg.com/admin/category/edit/id/38 [运行时间：0.305682s][吞吐率：3.27req/s] [内存消耗：2,739.41kb] [文件加载：55]
[ info ] [ LANG ] /Library/WebServer/Documents/jfshop.gxwdbg.com/thinkphp/lang/zh-cn.php
[ info ] [ ROUTE ] array (
  'type' => 'module',
  'module' => 
  array (
    0 => 'admin',
    1 => 'category',
    2 => 'edit',
  ),
)
[ info ] [ HEADER ] array (
  'host' => 'jfshopt.gxwdbg.com',
  'connection' => 'keep-alive',
  'upgrade-insecure-requests' => '1',
  'user-agent' => 'Mozilla/5.0 (Macintosh; Intel Mac OS X 10_14_3) AppleWebKit/537.36 (KHTML, like Gecko) Chrome/71.0.3578.98 Safari/537.36',
  'accept' => 'text/html,application/xhtml+xml,application/xml;q=0.9,image/webp,image/apng,*/*;q=0.8',
  'referer' => 'http://jfshopt.gxwdbg.com/admin/category/index',
  'accept-encoding' => 'gzip, deflate',
  'accept-language' => 'zh-CN,zh;q=0.9,ja;q=0.8',
  'cookie' => 'PHPSESSID=4b0a2424e828e5b60c3fc3cc1b7896f6; Hm_lvt_32e3cb4cf7e5c6772c4dc1f5d496b6af=1548916789,1549097412,1549156508,1550133428; osc_jump_url=http%3A%2F%2Fjfshopt.gxwdbg.com%2Fmobile; Hm_lvt_920c9eb6c337fe682f18b68f6d2b2464=1548916799,1549097418,1549156508,1550133435; Hm_lpvt_920c9eb6c337fe682f18b68f6d2b2464=1550133500; Hm_lpvt_32e3cb4cf7e5c6772c4dc1f5d496b6af=1550133500',
)
[ info ] [ PARAM ] array (
  'id' => '38',
)
[ info ] [ CACHE ] INIT File
[ info ] [ SESSION ] INIT array (
  'type' => '',
  'auto_start' => true,
)
[ info ] [ DB ] INIT mysql
[ info ] [ RUN ] osc\admin\controller\Category->edit[ /Library/WebServer/Documents/jfshop.gxwdbg.com/oscshop/admin/controller/Category.php ]
[ info ] [ VIEW ] ./oscshop/admin/view/category/edit.html [ array (
  0 => 'admin_menu',
  1 => 'breadcrumb1',
  2 => 'breadcrumb2',
  3 => 'category',
  4 => 'cat',
  5 => 'category_attribute',
  6 => 'category_brand',
  7 => 'action',
  8 => 'crumbs',
) ]
[ info ] [ LOG ] INIT File
---------------------------------------------------------------
[ 2019-02-14T17:04:24+08:00 ] 127.0.0.1 127.0.0.1 POST /admin/Category/edit
[ info ] jfshopt.gxwdbg.com/admin/Category/edit [运行时间：0.100387s][吞吐率：9.96req/s] [内存消耗：2,574.06kb] [文件加载：53]
[ info ] [ LANG ] /Library/WebServer/Documents/jfshop.gxwdbg.com/thinkphp/lang/zh-cn.php
[ info ] [ ROUTE ] array (
  'type' => 'module',
  'module' => 
  array (
    0 => 'admin',
    1 => 'Category',
    2 => 'edit',
  ),
)
[ info ] [ HEADER ] array (
  'host' => 'jfshopt.gxwdbg.com',
  'connection' => 'keep-alive',
  'content-length' => '110',
  'accept' => '*/*',
  'origin' => 'http://jfshopt.gxwdbg.com',
  'x-requested-with' => 'XMLHttpRequest',
  'user-agent' => 'Mozilla/5.0 (Macintosh; Intel Mac OS X 10_14_3) AppleWebKit/537.36 (KHTML, like Gecko) Chrome/71.0.3578.98 Safari/537.36',
  'content-type' => 'application/x-www-form-urlencoded; charset=UTF-8',
  'referer' => 'http://jfshopt.gxwdbg.com/admin/category/edit/id/38',
  'accept-encoding' => 'gzip, deflate',
  'accept-language' => 'zh-CN,zh;q=0.9,ja;q=0.8',
  'cookie' => 'PHPSESSID=4b0a2424e828e5b60c3fc3cc1b7896f6; Hm_lvt_32e3cb4cf7e5c6772c4dc1f5d496b6af=1548916789,1549097412,1549156508,1550133428; osc_jump_url=http%3A%2F%2Fjfshopt.gxwdbg.com%2Fmobile; Hm_lvt_920c9eb6c337fe682f18b68f6d2b2464=1548916799,1549097418,1549156508,1550133435; Hm_lpvt_920c9eb6c337fe682f18b68f6d2b2464=1550133500; Hm_lpvt_32e3cb4cf7e5c6772c4dc1f5d496b6af=1550133500',
)
[ info ] [ PARAM ] array (
  'id' => '38',
  'image' => '',
  'pid' => '0',
  'name' => '充值业务',
  'meta_keyword' => '',
  'meta_description' => '',
  'attribute' => '',
  'brand' => '',
)
[ info ] [ CACHE ] INIT File
[ info ] [ SESSION ] INIT array (
  'type' => '',
  'auto_start' => true,
)
[ info ] [ DB ] INIT mysql
[ info ] [ RUN ] osc\admin\controller\Category->edit[ /Library/WebServer/Documents/jfshop.gxwdbg.com/oscshop/admin/controller/Category.php ]
[ info ] [ LOG ] INIT File
---------------------------------------------------------------
[ 2019-02-14T17:04:26+08:00 ] 127.0.0.1 127.0.0.1 GET /admin/category/index
[ info ] jfshopt.gxwdbg.com/admin/category/index [运行时间：0.092468s][吞吐率：10.81req/s] [内存消耗：2,511.57kb] [文件加载：54]
[ info ] [ LANG ] /Library/WebServer/Documents/jfshop.gxwdbg.com/thinkphp/lang/zh-cn.php
[ info ] [ ROUTE ] array (
  'type' => 'module',
  'module' => 
  array (
    0 => 'admin',
    1 => 'category',
    2 => 'index',
  ),
)
[ info ] [ HEADER ] array (
  'host' => 'jfshopt.gxwdbg.com',
  'connection' => 'keep-alive',
  'upgrade-insecure-requests' => '1',
  'user-agent' => 'Mozilla/5.0 (Macintosh; Intel Mac OS X 10_14_3) AppleWebKit/537.36 (KHTML, like Gecko) Chrome/71.0.3578.98 Safari/537.36',
  'accept' => 'text/html,application/xhtml+xml,application/xml;q=0.9,image/webp,image/apng,*/*;q=0.8',
  'referer' => 'http://jfshopt.gxwdbg.com/admin/category/edit/id/38',
  'accept-encoding' => 'gzip, deflate',
  'accept-language' => 'zh-CN,zh;q=0.9,ja;q=0.8',
  'cookie' => 'PHPSESSID=4b0a2424e828e5b60c3fc3cc1b7896f6; Hm_lvt_32e3cb4cf7e5c6772c4dc1f5d496b6af=1548916789,1549097412,1549156508,1550133428; osc_jump_url=http%3A%2F%2Fjfshopt.gxwdbg.com%2Fmobile; Hm_lvt_920c9eb6c337fe682f18b68f6d2b2464=1548916799,1549097418,1549156508,1550133435; Hm_lpvt_920c9eb6c337fe682f18b68f6d2b2464=1550133500; Hm_lpvt_32e3cb4cf7e5c6772c4dc1f5d496b6af=1550133500',
)
[ info ] [ PARAM ] array (
)
[ info ] [ CACHE ] INIT File
[ info ] [ SESSION ] INIT array (
  'type' => '',
  'auto_start' => true,
)
[ info ] [ DB ] INIT mysql
[ info ] [ RUN ] osc\admin\controller\Category->index[ /Library/WebServer/Documents/jfshop.gxwdbg.com/oscshop/admin/controller/Category.php ]
[ info ] [ VIEW ] ./oscshop/admin/view/category/index.html [ array (
  0 => 'admin_menu',
  1 => 'breadcrumb1',
  2 => 'breadcrumb2',
  3 => 'empty',
  4 => 'list',
) ]
[ info ] [ LOG ] INIT File
