---------------------------------------------------------------
[ 2019-03-13T10:33:05+08:00 ] 127.0.0.1 127.0.0.1 GET /admin
[ info ] jfshopt.gxwdbg.com/admin [运行时间：0.305817s][吞吐率：3.27req/s] [内存消耗：1,668.36kb] [文件加载：46]
[ info ] [ LANG ] /Library/WebServer/Documents/jfshop.gxwdbg.com/thinkphp/lang/zh-cn.php
[ info ] [ ROUTE ] array (
  'type' => 'module',
  'module' => 
  array (
    0 => 'admin',
    1 => NULL,
    2 => NULL,
  ),
)
[ info ] [ HEADER ] array (
  'host' => 'jfshopt.gxwdbg.com',
  'connection' => 'keep-alive',
  'upgrade-insecure-requests' => '1',
  'user-agent' => 'Mozilla/5.0 (Macintosh; Intel Mac OS X 10_14_3) AppleWebKit/537.36 (KHTML, like Gecko) Chrome/72.0.3626.121 Safari/537.36',
  'accept' => 'text/html,application/xhtml+xml,application/xml;q=0.9,image/webp,image/apng,*/*;q=0.8',
  'accept-encoding' => 'gzip, deflate',
  'accept-language' => 'zh-CN,zh;q=0.9,ja;q=0.8',
  'cookie' => 'Hm_lvt_32e3cb4cf7e5c6772c4dc1f5d496b6af=1552306197; Hm_lvt_920c9eb6c337fe682f18b68f6d2b2464=1550133435,1550196710,1550541320,1552358521; Hm_lvt_32e3cb4cf7e5c6772c4dc1f5d496b6af=1552306197',
)
[ info ] [ PARAM ] array (
)
[ info ] [ CACHE ] INIT File
[ info ] [ SESSION ] INIT array (
  'type' => '',
  'auto_start' => true,
)
[ info ] [ LOG ] INIT File
---------------------------------------------------------------
[ 2019-03-13T10:33:05+08:00 ] 127.0.0.1 127.0.0.1 GET /admin/Login/login
[ info ] jfshopt.gxwdbg.com/admin/Login/login [运行时间：0.027998s][吞吐率：35.72req/s] [内存消耗：1,627.74kb] [文件加载：44]
[ info ] [ LANG ] /Library/WebServer/Documents/jfshop.gxwdbg.com/thinkphp/lang/zh-cn.php
[ info ] [ ROUTE ] array (
  'type' => 'module',
  'module' => 
  array (
    0 => 'admin',
    1 => 'Login',
    2 => 'login',
  ),
)
[ info ] [ HEADER ] array (
  'host' => 'jfshopt.gxwdbg.com',
  'connection' => 'keep-alive',
  'upgrade-insecure-requests' => '1',
  'user-agent' => 'Mozilla/5.0 (Macintosh; Intel Mac OS X 10_14_3) AppleWebKit/537.36 (KHTML, like Gecko) Chrome/72.0.3626.121 Safari/537.36',
  'accept' => 'text/html,application/xhtml+xml,application/xml;q=0.9,image/webp,image/apng,*/*;q=0.8',
  'accept-encoding' => 'gzip, deflate',
  'accept-language' => 'zh-CN,zh;q=0.9,ja;q=0.8',
  'cookie' => 'Hm_lvt_32e3cb4cf7e5c6772c4dc1f5d496b6af=1552306197; Hm_lvt_920c9eb6c337fe682f18b68f6d2b2464=1550133435,1550196710,1550541320,1552358521; Hm_lvt_32e3cb4cf7e5c6772c4dc1f5d496b6af=1552306197; PHPSESSID=e19494585477fb0a68505e656103288e',
)
[ info ] [ PARAM ] array (
)
[ info ] [ CACHE ] INIT File
[ info ] [ RUN ] osc\admin\controller\Login->login[ /Library/WebServer/Documents/jfshop.gxwdbg.com/oscshop/admin/controller/Login.php ]
[ info ] [ SESSION ] INIT array (
  'type' => '',
  'auto_start' => true,
)
[ info ] [ VIEW ] ./oscshop/admin/view/public/login.html [ array (
) ]
[ info ] [ LOG ] INIT File
---------------------------------------------------------------
[ 2019-03-13T10:33:08+08:00 ] 127.0.0.1 127.0.0.1 GET /favicon.ico
[ info ] jfshopt.gxwdbg.com/favicon.ico [运行时间：0.030307s][吞吐率：33.00req/s] [内存消耗：1,221.15kb] [文件加载：33]
[ info ] [ LANG ] /Library/WebServer/Documents/jfshop.gxwdbg.com/thinkphp/lang/zh-cn.php
[ info ] [ ROUTE ] array (
  'type' => 'module',
  'module' => 
  array (
    0 => 'favicon',
    1 => NULL,
    2 => NULL,
  ),
)
[ info ] [ HEADER ] array (
  'host' => 'jfshopt.gxwdbg.com',
  'connection' => 'keep-alive',
  'user-agent' => 'Mozilla/5.0 (Macintosh; Intel Mac OS X 10_14_3) AppleWebKit/537.36 (KHTML, like Gecko) Chrome/72.0.3626.121 Safari/537.36',
  'accept' => 'image/webp,image/apng,image/*,*/*;q=0.8',
  'referer' => 'http://jfshopt.gxwdbg.com/admin/Login/login',
  'accept-encoding' => 'gzip, deflate',
  'accept-language' => 'zh-CN,zh;q=0.9,ja;q=0.8',
  'cookie' => 'Hm_lvt_32e3cb4cf7e5c6772c4dc1f5d496b6af=1552306197; Hm_lvt_920c9eb6c337fe682f18b68f6d2b2464=1550133435,1550196710,1550541320,1552358521; Hm_lvt_32e3cb4cf7e5c6772c4dc1f5d496b6af=1552306197; PHPSESSID=e19494585477fb0a68505e656103288e',
)
[ info ] [ PARAM ] array (
)
[ info ] [ LOG ] INIT File
---------------------------------------------------------------
[ 2019-03-13T10:33:09+08:00 ] 127.0.0.1 127.0.0.1 POST /admin/Login/login
[ info ] jfshopt.gxwdbg.com/admin/Login/login [运行时间：0.292078s][吞吐率：3.42req/s] [内存消耗：2,293.61kb] [文件加载：51]
[ info ] [ LANG ] /Library/WebServer/Documents/jfshop.gxwdbg.com/thinkphp/lang/zh-cn.php
[ info ] [ ROUTE ] array (
  'type' => 'module',
  'module' => 
  array (
    0 => 'admin',
    1 => 'Login',
    2 => 'login',
  ),
)
[ info ] [ HEADER ] array (
  'host' => 'jfshopt.gxwdbg.com',
  'connection' => 'keep-alive',
  'content-length' => '38',
  'accept' => 'application/json, text/javascript, */*; q=0.01',
  'origin' => 'http://jfshopt.gxwdbg.com',
  'x-requested-with' => 'XMLHttpRequest',
  'user-agent' => 'Mozilla/5.0 (Macintosh; Intel Mac OS X 10_14_3) AppleWebKit/537.36 (KHTML, like Gecko) Chrome/72.0.3626.121 Safari/537.36',
  'content-type' => 'application/x-www-form-urlencoded; charset=UTF-8',
  'referer' => 'http://jfshopt.gxwdbg.com/admin/Login/login',
  'accept-encoding' => 'gzip, deflate',
  'accept-language' => 'zh-CN,zh;q=0.9,ja;q=0.8',
  'cookie' => 'Hm_lvt_32e3cb4cf7e5c6772c4dc1f5d496b6af=1552306197; Hm_lvt_920c9eb6c337fe682f18b68f6d2b2464=1550133435,1550196710,1550541320,1552358521; Hm_lvt_32e3cb4cf7e5c6772c4dc1f5d496b6af=1552306197; PHPSESSID=e19494585477fb0a68505e656103288e',
)
[ info ] [ PARAM ] array (
  'username' => 'admin',
  'password' => 'WDBGwdbg?123',
)
[ info ] [ CACHE ] INIT File
[ info ] [ RUN ] osc\admin\controller\Login->login[ /Library/WebServer/Documents/jfshop.gxwdbg.com/oscshop/admin/controller/Login.php ]
[ info ] [ DB ] INIT mysql
[ info ] [ SESSION ] INIT array (
  'type' => '',
  'auto_start' => true,
)
[ info ] [ LOG ] INIT File
---------------------------------------------------------------
[ 2019-03-13T10:33:10+08:00 ] 127.0.0.1 127.0.0.1 GET /admin/Index/index
[ info ] jfshopt.gxwdbg.com/admin/Index/index [运行时间：0.264858s][吞吐率：3.78req/s] [内存消耗：2,672.40kb] [文件加载：55]
[ info ] [ LANG ] /Library/WebServer/Documents/jfshop.gxwdbg.com/thinkphp/lang/zh-cn.php
[ info ] [ ROUTE ] array (
  'type' => 'module',
  'module' => 
  array (
    0 => 'admin',
    1 => 'Index',
    2 => 'index',
  ),
)
[ info ] [ HEADER ] array (
  'host' => 'jfshopt.gxwdbg.com',
  'connection' => 'keep-alive',
  'upgrade-insecure-requests' => '1',
  'user-agent' => 'Mozilla/5.0 (Macintosh; Intel Mac OS X 10_14_3) AppleWebKit/537.36 (KHTML, like Gecko) Chrome/72.0.3626.121 Safari/537.36',
  'accept' => 'text/html,application/xhtml+xml,application/xml;q=0.9,image/webp,image/apng,*/*;q=0.8',
  'referer' => 'http://jfshopt.gxwdbg.com/admin/Login/login',
  'accept-encoding' => 'gzip, deflate',
  'accept-language' => 'zh-CN,zh;q=0.9,ja;q=0.8',
  'cookie' => 'Hm_lvt_32e3cb4cf7e5c6772c4dc1f5d496b6af=1552306197; Hm_lvt_920c9eb6c337fe682f18b68f6d2b2464=1550133435,1550196710,1550541320,1552358521; Hm_lvt_32e3cb4cf7e5c6772c4dc1f5d496b6af=1552306197; PHPSESSID=e19494585477fb0a68505e656103288e',
)
[ info ] [ PARAM ] array (
)
[ info ] [ CACHE ] INIT File
[ info ] [ SESSION ] INIT array (
  'type' => '',
  'auto_start' => true,
)
[ info ] [ DB ] INIT mysql
[ info ] [ RUN ] osc\admin\controller\Index->index[ /Library/WebServer/Documents/jfshop.gxwdbg.com/oscshop/admin/controller/Index.php ]
[ info ] [ VIEW ] ./oscshop/admin/view/index/index.html [ array (
  0 => 'admin_menu',
  1 => 'total_order',
  2 => 'today_order',
  3 => 'total_money',
  4 => 'today_money',
  5 => 'user_action_total',
  6 => 'today_user_action',
  7 => 'today_member',
  8 => 'member_count',
  9 => 'user_action',
  10 => 'uc_empty',
  11 => 'order_list',
  12 => 'empty',
) ]
[ info ] [ LOG ] INIT File
---------------------------------------------------------------
[ 2019-03-13T10:33:19+08:00 ] 127.0.0.1 127.0.0.1 GET /
[ info ] jfshopt.gxwdbg.com/ [运行时间：0.090347s][吞吐率：11.07req/s] [内存消耗：1,773.91kb] [文件加载：46]
[ info ] [ LANG ] /Library/WebServer/Documents/jfshop.gxwdbg.com/thinkphp/lang/zh-cn.php
[ info ] [ ROUTE ] array (
  'type' => 'module',
  'module' => 
  array (
    0 => '',
    1 => NULL,
    2 => NULL,
  ),
)
[ info ] [ HEADER ] array (
  'host' => 'jfshopt.gxwdbg.com',
  'connection' => 'keep-alive',
  'upgrade-insecure-requests' => '1',
  'user-agent' => 'Mozilla/5.0 (Macintosh; Intel Mac OS X 10_14_3) AppleWebKit/537.36 (KHTML, like Gecko) Chrome/72.0.3626.121 Safari/537.36',
  'accept' => 'text/html,application/xhtml+xml,application/xml;q=0.9,image/webp,image/apng,*/*;q=0.8',
  'accept-encoding' => 'gzip, deflate',
  'accept-language' => 'zh-CN,zh;q=0.9,ja;q=0.8',
  'cookie' => 'Hm_lvt_32e3cb4cf7e5c6772c4dc1f5d496b6af=1552306197; Hm_lvt_920c9eb6c337fe682f18b68f6d2b2464=1550133435,1550196710,1550541320,1552358521; Hm_lvt_32e3cb4cf7e5c6772c4dc1f5d496b6af=1552306197; PHPSESSID=e19494585477fb0a68505e656103288e',
)
[ info ] [ PARAM ] array (
)
[ info ] [ CACHE ] INIT File
[ info ] [ RUN ] osc\index\controller\Index->index[ /Library/WebServer/Documents/jfshop.gxwdbg.com/oscshop/index/controller/Index.php ]
[ info ] [ VIEW ] ./oscshop/index/view/index/index.html [ array (
  0 => 'top_nav',
  1 => 'empty',
  2 => 'list',
  3 => 'SEO',
) ]
[ info ] [ SESSION ] INIT array (
  'type' => '',
  'auto_start' => true,
)
[ info ] [ LOG ] INIT File
---------------------------------------------------------------
[ 2019-03-13T10:33:26+08:00 ] 127.0.0.1 127.0.0.1 GET /
[ info ] jfshopt.gxwdbg.com/ [运行时间：0.049926s][吞吐率：20.03req/s] [内存消耗：1,500.64kb] [文件加载：40]
[ info ] [ LANG ] /Library/WebServer/Documents/jfshop.gxwdbg.com/thinkphp/lang/zh-cn.php
[ info ] [ ROUTE ] array (
  'type' => 'module',
  'module' => 
  array (
    0 => '',
    1 => NULL,
    2 => NULL,
  ),
)
[ info ] [ HEADER ] array (
  'host' => 'jfshopt.gxwdbg.com',
  'connection' => 'keep-alive',
  'cache-control' => 'max-age=0',
  'upgrade-insecure-requests' => '1',
  'user-agent' => 'Mozilla/5.0 (iPhone; CPU iPhone OS 11_0 like Mac OS X) AppleWebKit/604.1.38 (KHTML, like Gecko) Version/11.0 Mobile/15A372 Safari/604.1',
  'accept' => 'text/html,application/xhtml+xml,application/xml;q=0.9,image/webp,image/apng,*/*;q=0.8',
  'accept-encoding' => 'gzip, deflate',
  'accept-language' => 'zh-CN,zh;q=0.9,ja;q=0.8',
  'cookie' => 'Hm_lvt_32e3cb4cf7e5c6772c4dc1f5d496b6af=1552306197; Hm_lvt_920c9eb6c337fe682f18b68f6d2b2464=1550133435,1550196710,1550541320,1552358521; PHPSESSID=e19494585477fb0a68505e656103288e; Hm_lvt_32e3cb4cf7e5c6772c4dc1f5d496b6af=1552306197,1552444400; Hm_lpvt_32e3cb4cf7e5c6772c4dc1f5d496b6af=1552444400',
)
[ info ] [ PARAM ] array (
)
[ info ] [ CACHE ] INIT File
[ info ] [ LOG ] INIT File
---------------------------------------------------------------
[ 2019-03-13T10:33:27+08:00 ] 127.0.0.1 127.0.0.1 GET /mobile/
[ info ] jfshopt.gxwdbg.com/mobile/ [运行时间：0.631429s][吞吐率：1.58req/s] [内存消耗：2,470.96kb] [文件加载：56]
[ info ] [ LANG ] /Library/WebServer/Documents/jfshop.gxwdbg.com/thinkphp/lang/zh-cn.php
[ info ] [ ROUTE ] array (
  'type' => 'module',
  'module' => 
  array (
    0 => 'mobile',
    1 => 'index',
    2 => 'index',
  ),
  'convert' => false,
)
[ info ] [ HEADER ] array (
  'host' => 'jfshopt.gxwdbg.com',
  'connection' => 'keep-alive',
  'cache-control' => 'max-age=0',
  'upgrade-insecure-requests' => '1',
  'user-agent' => 'Mozilla/5.0 (iPhone; CPU iPhone OS 11_0 like Mac OS X) AppleWebKit/604.1.38 (KHTML, like Gecko) Version/11.0 Mobile/15A372 Safari/604.1',
  'accept' => 'text/html,application/xhtml+xml,application/xml;q=0.9,image/webp,image/apng,*/*;q=0.8',
  'accept-encoding' => 'gzip, deflate',
  'accept-language' => 'zh-CN,zh;q=0.9,ja;q=0.8',
  'cookie' => 'Hm_lvt_32e3cb4cf7e5c6772c4dc1f5d496b6af=1552306197; Hm_lvt_920c9eb6c337fe682f18b68f6d2b2464=1550133435,1550196710,1550541320,1552358521; PHPSESSID=e19494585477fb0a68505e656103288e; Hm_lvt_32e3cb4cf7e5c6772c4dc1f5d496b6af=1552306197,1552444400; Hm_lpvt_32e3cb4cf7e5c6772c4dc1f5d496b6af=1552444400',
)
[ info ] [ PARAM ] array (
)
[ info ] [ CACHE ] INIT File
[ info ] [ RUN ] osc\mobile\controller\Index->index[ /Library/WebServer/Documents/jfshop.gxwdbg.com/oscshop/mobile/controller/Index.php ]
[ info ] [ DB ] INIT mysql
[ info ] [ VIEW ] ./oscshop/mobile/view/index/index.html [ array (
  0 => 'goods',
  1 => 'timeoff',
  2 => 'list',
  3 => 'SEO',
  4 => 'flag',
  5 => 'userinfo',
) ]
[ info ] [ LOG ] INIT File
[ error ] [8]未定义数组下标: 0[/Library/WebServer/Documents/jfshop.gxwdbg.com/oscshop/mobile/controller/Index.php:24]
[ error ] [8]未定义数组下标: 0[/Library/WebServer/Documents/jfshop.gxwdbg.com/oscshop/mobile/controller/Index.php:25]
[ error ] [8]Use of undefined constant UID - assumed 'UID'[/Library/WebServer/Documents/jfshop.gxwdbg.com/oscshop/mobile/controller/Index.php:54]
---------------------------------------------------------------
[ 2019-03-13T10:33:28+08:00 ] 127.0.0.1 127.0.0.1 GET /mobile/index/ajax_goods_list/page/0
[ info ] jfshopt.gxwdbg.com/mobile/index/ajax_goods_list/page/0 [运行时间：0.476602s][吞吐率：2.10req/s] [内存消耗：1,808.23kb] [文件加载：49]
[ info ] [ LANG ] /Library/WebServer/Documents/jfshop.gxwdbg.com/thinkphp/lang/zh-cn.php
[ info ] [ ROUTE ] array (
  'type' => 'module',
  'module' => 
  array (
    0 => 'mobile',
    1 => 'index',
    2 => 'ajax_goods_list',
  ),
)
[ info ] [ HEADER ] array (
  'host' => 'jfshopt.gxwdbg.com',
  'connection' => 'keep-alive',
  'accept' => '*/*',
  'x-requested-with' => 'XMLHttpRequest',
  'user-agent' => 'Mozilla/5.0 (iPhone; CPU iPhone OS 11_0 like Mac OS X) AppleWebKit/604.1.38 (KHTML, like Gecko) Version/11.0 Mobile/15A372 Safari/604.1',
  'referer' => 'http://jfshopt.gxwdbg.com/mobile/',
  'accept-encoding' => 'gzip, deflate',
  'accept-language' => 'zh-CN,zh;q=0.9,ja;q=0.8',
  'cookie' => 'Hm_lvt_32e3cb4cf7e5c6772c4dc1f5d496b6af=1552306197; Hm_lvt_920c9eb6c337fe682f18b68f6d2b2464=1550133435,1550196710,1550541320,1552358521; PHPSESSID=e19494585477fb0a68505e656103288e; Hm_lvt_32e3cb4cf7e5c6772c4dc1f5d496b6af=1552306197,1552444400; Hm_lpvt_32e3cb4cf7e5c6772c4dc1f5d496b6af=1552444400; osc_jump_url=http%3A%2F%2Fjfshopt.gxwdbg.com%2Fmobile%2F',
)
[ info ] [ PARAM ] array (
  'page' => '0',
)
[ info ] [ CACHE ] INIT File
[ info ] [ RUN ] osc\mobile\controller\Index->ajax_goods_list[ /Library/WebServer/Documents/jfshop.gxwdbg.com/oscshop/mobile/controller/Index.php ]
[ info ] [ DB ] INIT mysql
[ info ] [ LOG ] INIT File
---------------------------------------------------------------
[ 2019-03-13T10:33:32+08:00 ] 127.0.0.1 127.0.0.1 GET /mobile/index/ajax_goods_list/page/1
[ info ] jfshopt.gxwdbg.com/mobile/index/ajax_goods_list/page/1 [运行时间：0.104885s][吞吐率：9.53req/s] [内存消耗：1,808.63kb] [文件加载：49]
[ info ] [ LANG ] /Library/WebServer/Documents/jfshop.gxwdbg.com/thinkphp/lang/zh-cn.php
[ info ] [ ROUTE ] array (
  'type' => 'module',
  'module' => 
  array (
    0 => 'mobile',
    1 => 'index',
    2 => 'ajax_goods_list',
  ),
)
[ info ] [ HEADER ] array (
  'host' => 'jfshopt.gxwdbg.com',
  'connection' => 'keep-alive',
  'accept' => '*/*',
  'x-requested-with' => 'XMLHttpRequest',
  'user-agent' => 'Mozilla/5.0 (iPhone; CPU iPhone OS 11_0 like Mac OS X) AppleWebKit/604.1.38 (KHTML, like Gecko) Version/11.0 Mobile/15A372 Safari/604.1',
  'referer' => 'http://jfshopt.gxwdbg.com/mobile/',
  'accept-encoding' => 'gzip, deflate',
  'accept-language' => 'zh-CN,zh;q=0.9,ja;q=0.8',
  'cookie' => 'Hm_lvt_32e3cb4cf7e5c6772c4dc1f5d496b6af=1552306197; PHPSESSID=e19494585477fb0a68505e656103288e; osc_jump_url=http%3A%2F%2Fjfshopt.gxwdbg.com%2Fmobile%2F; Hm_lvt_920c9eb6c337fe682f18b68f6d2b2464=1550196710,1550541320,1552358521,1552444408; Hm_lpvt_920c9eb6c337fe682f18b68f6d2b2464=1552444408; Hm_lvt_32e3cb4cf7e5c6772c4dc1f5d496b6af=1552306197; Hm_lpvt_32e3cb4cf7e5c6772c4dc1f5d496b6af=1552444408',
)
[ info ] [ PARAM ] array (
  'page' => '1',
)
[ info ] [ CACHE ] INIT File
[ info ] [ RUN ] osc\mobile\controller\Index->ajax_goods_list[ /Library/WebServer/Documents/jfshop.gxwdbg.com/oscshop/mobile/controller/Index.php ]
[ info ] [ DB ] INIT mysql
[ info ] [ LOG ] INIT File
---------------------------------------------------------------
[ 2019-03-13T10:33:33+08:00 ] 127.0.0.1 127.0.0.1 GET /mobile/index/ajax_goods_list/page/2
[ info ] jfshopt.gxwdbg.com/mobile/index/ajax_goods_list/page/2 [运行时间：0.085782s][吞吐率：11.66req/s] [内存消耗：1,808.01kb] [文件加载：49]
[ info ] [ LANG ] /Library/WebServer/Documents/jfshop.gxwdbg.com/thinkphp/lang/zh-cn.php
[ info ] [ ROUTE ] array (
  'type' => 'module',
  'module' => 
  array (
    0 => 'mobile',
    1 => 'index',
    2 => 'ajax_goods_list',
  ),
)
[ info ] [ HEADER ] array (
  'host' => 'jfshopt.gxwdbg.com',
  'connection' => 'keep-alive',
  'accept' => '*/*',
  'x-requested-with' => 'XMLHttpRequest',
  'user-agent' => 'Mozilla/5.0 (iPhone; CPU iPhone OS 11_0 like Mac OS X) AppleWebKit/604.1.38 (KHTML, like Gecko) Version/11.0 Mobile/15A372 Safari/604.1',
  'referer' => 'http://jfshopt.gxwdbg.com/mobile/',
  'accept-encoding' => 'gzip, deflate',
  'accept-language' => 'zh-CN,zh;q=0.9,ja;q=0.8',
  'cookie' => 'Hm_lvt_32e3cb4cf7e5c6772c4dc1f5d496b6af=1552306197; PHPSESSID=e19494585477fb0a68505e656103288e; osc_jump_url=http%3A%2F%2Fjfshopt.gxwdbg.com%2Fmobile%2F; Hm_lvt_920c9eb6c337fe682f18b68f6d2b2464=1550196710,1550541320,1552358521,1552444408; Hm_lpvt_920c9eb6c337fe682f18b68f6d2b2464=1552444408; Hm_lvt_32e3cb4cf7e5c6772c4dc1f5d496b6af=1552306197; Hm_lpvt_32e3cb4cf7e5c6772c4dc1f5d496b6af=1552444408',
)
[ info ] [ PARAM ] array (
  'page' => '2',
)
[ info ] [ CACHE ] INIT File
[ info ] [ RUN ] osc\mobile\controller\Index->ajax_goods_list[ /Library/WebServer/Documents/jfshop.gxwdbg.com/oscshop/mobile/controller/Index.php ]
[ info ] [ DB ] INIT mysql
[ info ] [ LOG ] INIT File
---------------------------------------------------------------
[ 2019-03-13T10:33:34+08:00 ] 127.0.0.1 127.0.0.1 GET /mobile/index/ajax_goods_list/page/3
[ info ] jfshopt.gxwdbg.com/mobile/index/ajax_goods_list/page/3 [运行时间：0.205543s][吞吐率：4.87req/s] [内存消耗：1,808.35kb] [文件加载：49]
[ info ] [ LANG ] /Library/WebServer/Documents/jfshop.gxwdbg.com/thinkphp/lang/zh-cn.php
[ info ] [ ROUTE ] array (
  'type' => 'module',
  'module' => 
  array (
    0 => 'mobile',
    1 => 'index',
    2 => 'ajax_goods_list',
  ),
)
[ info ] [ HEADER ] array (
  'host' => 'jfshopt.gxwdbg.com',
  'connection' => 'keep-alive',
  'accept' => '*/*',
  'x-requested-with' => 'XMLHttpRequest',
  'user-agent' => 'Mozilla/5.0 (iPhone; CPU iPhone OS 11_0 like Mac OS X) AppleWebKit/604.1.38 (KHTML, like Gecko) Version/11.0 Mobile/15A372 Safari/604.1',
  'referer' => 'http://jfshopt.gxwdbg.com/mobile/',
  'accept-encoding' => 'gzip, deflate',
  'accept-language' => 'zh-CN,zh;q=0.9,ja;q=0.8',
  'cookie' => 'Hm_lvt_32e3cb4cf7e5c6772c4dc1f5d496b6af=1552306197; PHPSESSID=e19494585477fb0a68505e656103288e; osc_jump_url=http%3A%2F%2Fjfshopt.gxwdbg.com%2Fmobile%2F; Hm_lvt_920c9eb6c337fe682f18b68f6d2b2464=1550196710,1550541320,1552358521,1552444408; Hm_lpvt_920c9eb6c337fe682f18b68f6d2b2464=1552444408; Hm_lvt_32e3cb4cf7e5c6772c4dc1f5d496b6af=1552306197; Hm_lpvt_32e3cb4cf7e5c6772c4dc1f5d496b6af=1552444408',
)
[ info ] [ PARAM ] array (
  'page' => '3',
)
[ info ] [ CACHE ] INIT File
[ info ] [ RUN ] osc\mobile\controller\Index->ajax_goods_list[ /Library/WebServer/Documents/jfshop.gxwdbg.com/oscshop/mobile/controller/Index.php ]
[ info ] [ DB ] INIT mysql
[ info ] [ LOG ] INIT File
---------------------------------------------------------------
[ 2019-03-13T10:33:35+08:00 ] 127.0.0.1 127.0.0.1 GET /mobile/index/ajax_goods_list/page/4
[ info ] jfshopt.gxwdbg.com/mobile/index/ajax_goods_list/page/4 [运行时间：0.336276s][吞吐率：2.97req/s] [内存消耗：1,807.96kb] [文件加载：49]
[ info ] [ LANG ] /Library/WebServer/Documents/jfshop.gxwdbg.com/thinkphp/lang/zh-cn.php
[ info ] [ ROUTE ] array (
  'type' => 'module',
  'module' => 
  array (
    0 => 'mobile',
    1 => 'index',
    2 => 'ajax_goods_list',
  ),
)
[ info ] [ HEADER ] array (
  'host' => 'jfshopt.gxwdbg.com',
  'connection' => 'keep-alive',
  'accept' => '*/*',
  'x-requested-with' => 'XMLHttpRequest',
  'user-agent' => 'Mozilla/5.0 (iPhone; CPU iPhone OS 11_0 like Mac OS X) AppleWebKit/604.1.38 (KHTML, like Gecko) Version/11.0 Mobile/15A372 Safari/604.1',
  'referer' => 'http://jfshopt.gxwdbg.com/mobile/',
  'accept-encoding' => 'gzip, deflate',
  'accept-language' => 'zh-CN,zh;q=0.9,ja;q=0.8',
  'cookie' => 'Hm_lvt_32e3cb4cf7e5c6772c4dc1f5d496b6af=1552306197; PHPSESSID=e19494585477fb0a68505e656103288e; osc_jump_url=http%3A%2F%2Fjfshopt.gxwdbg.com%2Fmobile%2F; Hm_lvt_920c9eb6c337fe682f18b68f6d2b2464=1550196710,1550541320,1552358521,1552444408; Hm_lpvt_920c9eb6c337fe682f18b68f6d2b2464=1552444408; Hm_lvt_32e3cb4cf7e5c6772c4dc1f5d496b6af=1552306197; Hm_lpvt_32e3cb4cf7e5c6772c4dc1f5d496b6af=1552444408',
)
[ info ] [ PARAM ] array (
  'page' => '4',
)
[ info ] [ CACHE ] INIT File
[ info ] [ RUN ] osc\mobile\controller\Index->ajax_goods_list[ /Library/WebServer/Documents/jfshop.gxwdbg.com/oscshop/mobile/controller/Index.php ]
[ info ] [ DB ] INIT mysql
[ info ] [ LOG ] INIT File
---------------------------------------------------------------
[ 2019-03-13T10:33:35+08:00 ] 127.0.0.1 127.0.0.1 GET /mobile/index/ajax_goods_list/page/5
[ info ] jfshopt.gxwdbg.com/mobile/index/ajax_goods_list/page/5 [运行时间：0.072747s][吞吐率：13.75req/s] [内存消耗：1,806.73kb] [文件加载：49]
[ info ] [ LANG ] /Library/WebServer/Documents/jfshop.gxwdbg.com/thinkphp/lang/zh-cn.php
[ info ] [ ROUTE ] array (
  'type' => 'module',
  'module' => 
  array (
    0 => 'mobile',
    1 => 'index',
    2 => 'ajax_goods_list',
  ),
)
[ info ] [ HEADER ] array (
  'host' => 'jfshopt.gxwdbg.com',
  'connection' => 'keep-alive',
  'accept' => '*/*',
  'x-requested-with' => 'XMLHttpRequest',
  'user-agent' => 'Mozilla/5.0 (iPhone; CPU iPhone OS 11_0 like Mac OS X) AppleWebKit/604.1.38 (KHTML, like Gecko) Version/11.0 Mobile/15A372 Safari/604.1',
  'referer' => 'http://jfshopt.gxwdbg.com/mobile/',
  'accept-encoding' => 'gzip, deflate',
  'accept-language' => 'zh-CN,zh;q=0.9,ja;q=0.8',
  'cookie' => 'Hm_lvt_32e3cb4cf7e5c6772c4dc1f5d496b6af=1552306197; PHPSESSID=e19494585477fb0a68505e656103288e; osc_jump_url=http%3A%2F%2Fjfshopt.gxwdbg.com%2Fmobile%2F; Hm_lvt_920c9eb6c337fe682f18b68f6d2b2464=1550196710,1550541320,1552358521,1552444408; Hm_lpvt_920c9eb6c337fe682f18b68f6d2b2464=1552444408; Hm_lvt_32e3cb4cf7e5c6772c4dc1f5d496b6af=1552306197; Hm_lpvt_32e3cb4cf7e5c6772c4dc1f5d496b6af=1552444408',
)
[ info ] [ PARAM ] array (
  'page' => '5',
)
[ info ] [ CACHE ] INIT File
[ info ] [ RUN ] osc\mobile\controller\Index->ajax_goods_list[ /Library/WebServer/Documents/jfshop.gxwdbg.com/oscshop/mobile/controller/Index.php ]
[ info ] [ DB ] INIT mysql
[ info ] [ LOG ] INIT File
---------------------------------------------------------------
[ 2019-03-13T10:34:35+08:00 ] 127.0.0.1 127.0.0.1 GET /mobile/user/index
[ info ] jfshopt.gxwdbg.com/mobile/user/index [运行时间：0.224556s][吞吐率：4.45req/s] [内存消耗：1,653.39kb] [文件加载：48]
[ info ] [ LANG ] /Library/WebServer/Documents/jfshop.gxwdbg.com/thinkphp/lang/zh-cn.php
[ info ] [ ROUTE ] array (
  'type' => 'module',
  'module' => 
  array (
    0 => 'mobile',
    1 => 'user',
    2 => 'index',
  ),
)
[ info ] [ HEADER ] array (
  'host' => 'jfshopt.gxwdbg.com',
  'connection' => 'keep-alive',
  'upgrade-insecure-requests' => '1',
  'user-agent' => 'Mozilla/5.0 (iPhone; CPU iPhone OS 11_0 like Mac OS X) AppleWebKit/604.1.38 (KHTML, like Gecko) Version/11.0 Mobile/15A372 Safari/604.1',
  'accept' => 'text/html,application/xhtml+xml,application/xml;q=0.9,image/webp,image/apng,*/*;q=0.8',
  'referer' => 'http://jfshopt.gxwdbg.com/mobile/',
  'accept-encoding' => 'gzip, deflate',
  'accept-language' => 'zh-CN,zh;q=0.9,ja;q=0.8',
  'cookie' => 'Hm_lvt_32e3cb4cf7e5c6772c4dc1f5d496b6af=1552306197; PHPSESSID=e19494585477fb0a68505e656103288e; osc_jump_url=http%3A%2F%2Fjfshopt.gxwdbg.com%2Fmobile%2F; Hm_lvt_920c9eb6c337fe682f18b68f6d2b2464=1550196710,1550541320,1552358521,1552444408; Hm_lpvt_920c9eb6c337fe682f18b68f6d2b2464=1552444408; Hm_lvt_32e3cb4cf7e5c6772c4dc1f5d496b6af=1552306197; Hm_lpvt_32e3cb4cf7e5c6772c4dc1f5d496b6af=1552444408',
)
[ info ] [ PARAM ] array (
)
[ info ] [ CACHE ] INIT File
[ info ] [ LOG ] INIT File
---------------------------------------------------------------
[ 2019-03-13T10:34:35+08:00 ] 127.0.0.1 127.0.0.1 GET /mobile/login/login
[ info ] jfshopt.gxwdbg.com/mobile/login/login [运行时间：0.024417s][吞吐率：40.96req/s] [内存消耗：1,658.30kb] [文件加载：46]
[ info ] [ LANG ] /Library/WebServer/Documents/jfshop.gxwdbg.com/thinkphp/lang/zh-cn.php
[ info ] [ ROUTE ] array (
  'type' => 'module',
  'module' => 
  array (
    0 => 'mobile',
    1 => 'login',
    2 => 'login',
  ),
)
[ info ] [ HEADER ] array (
  'host' => 'jfshopt.gxwdbg.com',
  'connection' => 'keep-alive',
  'upgrade-insecure-requests' => '1',
  'user-agent' => 'Mozilla/5.0 (iPhone; CPU iPhone OS 11_0 like Mac OS X) AppleWebKit/604.1.38 (KHTML, like Gecko) Version/11.0 Mobile/15A372 Safari/604.1',
  'accept' => 'text/html,application/xhtml+xml,application/xml;q=0.9,image/webp,image/apng,*/*;q=0.8',
  'referer' => 'http://jfshopt.gxwdbg.com/mobile/',
  'accept-encoding' => 'gzip, deflate',
  'accept-language' => 'zh-CN,zh;q=0.9,ja;q=0.8',
  'cookie' => 'Hm_lvt_32e3cb4cf7e5c6772c4dc1f5d496b6af=1552306197; PHPSESSID=e19494585477fb0a68505e656103288e; osc_jump_url=http%3A%2F%2Fjfshopt.gxwdbg.com%2Fmobile%2F; Hm_lvt_920c9eb6c337fe682f18b68f6d2b2464=1550196710,1550541320,1552358521,1552444408; Hm_lpvt_920c9eb6c337fe682f18b68f6d2b2464=1552444408; Hm_lvt_32e3cb4cf7e5c6772c4dc1f5d496b6af=1552306197; Hm_lpvt_32e3cb4cf7e5c6772c4dc1f5d496b6af=1552444408',
)
[ info ] [ PARAM ] array (
)
[ info ] [ CACHE ] INIT File
[ info ] [ RUN ] osc\mobile\controller\Login->login[ /Library/WebServer/Documents/jfshop.gxwdbg.com/oscshop/mobile/controller/Login.php ]
[ info ] [ VIEW ] ./oscshop/mobile/view/login/login.html [ array (
  0 => 'SEO',
  1 => 'top_title',
) ]
[ info ] [ LOG ] INIT File
---------------------------------------------------------------
[ 2019-03-13T10:34:47+08:00 ] 127.0.0.1 127.0.0.1 POST /mobile/login/login
[ info ] jfshopt.gxwdbg.com/mobile/login/login [运行时间：0.361569s][吞吐率：2.77req/s] [内存消耗：2,387.02kb] [文件加载：54]
[ info ] [ LANG ] /Library/WebServer/Documents/jfshop.gxwdbg.com/thinkphp/lang/zh-cn.php
[ info ] [ ROUTE ] array (
  'type' => 'module',
  'module' => 
  array (
    0 => 'mobile',
    1 => 'login',
    2 => 'login',
  ),
)
[ info ] [ HEADER ] array (
  'host' => 'jfshopt.gxwdbg.com',
  'connection' => 'keep-alive',
  'content-length' => '38',
  'accept' => '*/*',
  'origin' => 'http://jfshopt.gxwdbg.com',
  'x-requested-with' => 'XMLHttpRequest',
  'user-agent' => 'Mozilla/5.0 (iPhone; CPU iPhone OS 11_0 like Mac OS X) AppleWebKit/604.1.38 (KHTML, like Gecko) Version/11.0 Mobile/15A372 Safari/604.1',
  'content-type' => 'application/x-www-form-urlencoded; charset=UTF-8',
  'referer' => 'http://jfshopt.gxwdbg.com/mobile/login/login',
  'accept-encoding' => 'gzip, deflate',
  'accept-language' => 'zh-CN,zh;q=0.9,ja;q=0.8',
  'cookie' => 'Hm_lvt_32e3cb4cf7e5c6772c4dc1f5d496b6af=1552306197; PHPSESSID=e19494585477fb0a68505e656103288e; osc_jump_url=http%3A%2F%2Fjfshopt.gxwdbg.com%2Fmobile%2F; Hm_lvt_920c9eb6c337fe682f18b68f6d2b2464=1550196710,1550541320,1552358521,1552444408; Hm_lvt_32e3cb4cf7e5c6772c4dc1f5d496b6af=1552306197; Hm_lpvt_920c9eb6c337fe682f18b68f6d2b2464=1552444476; Hm_lpvt_32e3cb4cf7e5c6772c4dc1f5d496b6af=1552444476',
)
[ info ] [ PARAM ] array (
  'username' => 's1223s',
  'password' => 'qinjiajun1103',
)
[ info ] [ CACHE ] INIT File
[ info ] [ RUN ] osc\mobile\controller\Login->login[ /Library/WebServer/Documents/jfshop.gxwdbg.com/oscshop/mobile/controller/Login.php ]
[ info ] [ DB ] INIT mysql
[ info ] [ SESSION ] INIT array (
  'type' => '',
  'auto_start' => true,
)
[ info ] [ LOG ] INIT File
---------------------------------------------------------------
[ 2019-03-13T10:34:48+08:00 ] 127.0.0.1 127.0.0.1 GET /mobile/
[ info ] jfshopt.gxwdbg.com/mobile/ [运行时间：0.140807s][吞吐率：7.10req/s] [内存消耗：2,472.83kb] [文件加载：56]
[ info ] [ LANG ] /Library/WebServer/Documents/jfshop.gxwdbg.com/thinkphp/lang/zh-cn.php
[ info ] [ ROUTE ] array (
  'type' => 'module',
  'module' => 
  array (
    0 => 'mobile',
    1 => 'index',
    2 => 'index',
  ),
  'convert' => false,
)
[ info ] [ HEADER ] array (
  'host' => 'jfshopt.gxwdbg.com',
  'connection' => 'keep-alive',
  'upgrade-insecure-requests' => '1',
  'user-agent' => 'Mozilla/5.0 (iPhone; CPU iPhone OS 11_0 like Mac OS X) AppleWebKit/604.1.38 (KHTML, like Gecko) Version/11.0 Mobile/15A372 Safari/604.1',
  'accept' => 'text/html,application/xhtml+xml,application/xml;q=0.9,image/webp,image/apng,*/*;q=0.8',
  'referer' => 'http://jfshopt.gxwdbg.com/mobile/login/login',
  'accept-encoding' => 'gzip, deflate',
  'accept-language' => 'zh-CN,zh;q=0.9,ja;q=0.8',
  'cookie' => 'Hm_lvt_32e3cb4cf7e5c6772c4dc1f5d496b6af=1552306197; PHPSESSID=e19494585477fb0a68505e656103288e; osc_jump_url=http%3A%2F%2Fjfshopt.gxwdbg.com%2Fmobile%2F; Hm_lvt_920c9eb6c337fe682f18b68f6d2b2464=1550196710,1550541320,1552358521,1552444408; Hm_lvt_32e3cb4cf7e5c6772c4dc1f5d496b6af=1552306197; Hm_lpvt_920c9eb6c337fe682f18b68f6d2b2464=1552444476; Hm_lpvt_32e3cb4cf7e5c6772c4dc1f5d496b6af=1552444476; osc_mobile_user_info=think%3A%7B%22uid%22%3A%221%22%2C%22username%22%3A%22s1223s%22%2C%22nickname%22%3A%22s1223s%22%2C%22group_id%22%3A%222%22%7D',
)
[ info ] [ PARAM ] array (
)
[ info ] [ CACHE ] INIT File
[ info ] [ RUN ] osc\mobile\controller\Index->index[ /Library/WebServer/Documents/jfshop.gxwdbg.com/oscshop/mobile/controller/Index.php ]
[ info ] [ DB ] INIT mysql
[ info ] [ VIEW ] ./oscshop/mobile/view/index/index.html [ array (
  0 => 'goods',
  1 => 'timeoff',
  2 => 'list',
  3 => 'SEO',
  4 => 'flag',
  5 => 'userinfo',
) ]
[ info ] [ LOG ] INIT File
[ error ] [8]未定义数组下标: 0[/Library/WebServer/Documents/jfshop.gxwdbg.com/oscshop/mobile/controller/Index.php:24]
[ error ] [8]未定义数组下标: 0[/Library/WebServer/Documents/jfshop.gxwdbg.com/oscshop/mobile/controller/Index.php:25]
[ error ] [8]Use of undefined constant UID - assumed 'UID'[/Library/WebServer/Documents/jfshop.gxwdbg.com/oscshop/mobile/controller/Index.php:54]
---------------------------------------------------------------
[ 2019-03-13T10:34:48+08:00 ] 127.0.0.1 127.0.0.1 GET /mobile/index/ajax_goods_list/page/0
[ info ] jfshopt.gxwdbg.com/mobile/index/ajax_goods_list/page/0 [运行时间：0.050903s][吞吐率：19.65req/s] [内存消耗：1,809.85kb] [文件加载：49]
[ info ] [ LANG ] /Library/WebServer/Documents/jfshop.gxwdbg.com/thinkphp/lang/zh-cn.php
[ info ] [ ROUTE ] array (
  'type' => 'module',
  'module' => 
  array (
    0 => 'mobile',
    1 => 'index',
    2 => 'ajax_goods_list',
  ),
)
[ info ] [ HEADER ] array (
  'host' => 'jfshopt.gxwdbg.com',
  'connection' => 'keep-alive',
  'accept' => '*/*',
  'x-requested-with' => 'XMLHttpRequest',
  'user-agent' => 'Mozilla/5.0 (iPhone; CPU iPhone OS 11_0 like Mac OS X) AppleWebKit/604.1.38 (KHTML, like Gecko) Version/11.0 Mobile/15A372 Safari/604.1',
  'referer' => 'http://jfshopt.gxwdbg.com/mobile/',
  'accept-encoding' => 'gzip, deflate',
  'accept-language' => 'zh-CN,zh;q=0.9,ja;q=0.8',
  'cookie' => 'Hm_lvt_32e3cb4cf7e5c6772c4dc1f5d496b6af=1552306197; PHPSESSID=e19494585477fb0a68505e656103288e; osc_jump_url=http%3A%2F%2Fjfshopt.gxwdbg.com%2Fmobile%2F; Hm_lvt_920c9eb6c337fe682f18b68f6d2b2464=1550196710,1550541320,1552358521,1552444408; Hm_lvt_32e3cb4cf7e5c6772c4dc1f5d496b6af=1552306197; Hm_lpvt_920c9eb6c337fe682f18b68f6d2b2464=1552444476; Hm_lpvt_32e3cb4cf7e5c6772c4dc1f5d496b6af=1552444476; osc_mobile_user_info=think%3A%7B%22uid%22%3A%221%22%2C%22username%22%3A%22s1223s%22%2C%22nickname%22%3A%22s1223s%22%2C%22group_id%22%3A%222%22%7D',
)
[ info ] [ PARAM ] array (
  'page' => '0',
)
[ info ] [ CACHE ] INIT File
[ info ] [ RUN ] osc\mobile\controller\Index->ajax_goods_list[ /Library/WebServer/Documents/jfshop.gxwdbg.com/oscshop/mobile/controller/Index.php ]
[ info ] [ DB ] INIT mysql
[ info ] [ LOG ] INIT File
---------------------------------------------------------------
[ 2019-03-13T10:37:56+08:00 ] 127.0.0.1 127.0.0.1 GET /mobile/category/index
[ info ] jfshopt.gxwdbg.com/mobile/category/index [运行时间：0.291110s][吞吐率：3.44req/s] [内存消耗：2,345.95kb] [文件加载：53]
[ info ] [ LANG ] /Library/WebServer/Documents/jfshop.gxwdbg.com/thinkphp/lang/zh-cn.php
[ info ] [ ROUTE ] array (
  'type' => 'module',
  'module' => 
  array (
    0 => 'mobile',
    1 => 'category',
    2 => 'index',
  ),
)
[ info ] [ HEADER ] array (
  'host' => 'jfshopt.gxwdbg.com',
  'connection' => 'keep-alive',
  'upgrade-insecure-requests' => '1',
  'user-agent' => 'Mozilla/5.0 (iPhone; CPU iPhone OS 11_0 like Mac OS X) AppleWebKit/604.1.38 (KHTML, like Gecko) Version/11.0 Mobile/15A372 Safari/604.1',
  'accept' => 'text/html,application/xhtml+xml,application/xml;q=0.9,image/webp,image/apng,*/*;q=0.8',
  'referer' => 'http://jfshopt.gxwdbg.com/mobile/',
  'accept-encoding' => 'gzip, deflate',
  'accept-language' => 'zh-CN,zh;q=0.9,ja;q=0.8',
  'cookie' => 'Hm_lvt_32e3cb4cf7e5c6772c4dc1f5d496b6af=1552306197; PHPSESSID=e19494585477fb0a68505e656103288e; osc_jump_url=http%3A%2F%2Fjfshopt.gxwdbg.com%2Fmobile%2F; Hm_lvt_920c9eb6c337fe682f18b68f6d2b2464=1550196710,1550541320,1552358521,1552444408; Hm_lvt_32e3cb4cf7e5c6772c4dc1f5d496b6af=1552306197; osc_mobile_user_info=think%3A%7B%22uid%22%3A%221%22%2C%22username%22%3A%22s1223s%22%2C%22nickname%22%3A%22s1223s%22%2C%22group_id%22%3A%222%22%7D; Hm_lpvt_32e3cb4cf7e5c6772c4dc1f5d496b6af=1552444489; Hm_lpvt_920c9eb6c337fe682f18b68f6d2b2464=1552444489',
)
[ info ] [ PARAM ] array (
)
[ info ] [ CACHE ] INIT File
[ info ] [ RUN ] osc\mobile\controller\Category->index[ /Library/WebServer/Documents/jfshop.gxwdbg.com/oscshop/mobile/controller/Category.php ]
[ info ] [ DB ] INIT mysql
[ info ] [ VIEW ] ./oscshop/mobile/view/category/index.html [ array (
  0 => 'category',
  1 => 'SEO',
  2 => 'top_title',
  3 => 'flag',
) ]
[ info ] [ LOG ] INIT File
---------------------------------------------------------------
[ 2019-03-13T10:37:57+08:00 ] 127.0.0.1 127.0.0.1 GET /mobile/category/get_goods/id/38
[ info ] jfshopt.gxwdbg.com/mobile/category/get_goods/id/38 [运行时间：0.118077s][吞吐率：8.47req/s] [内存消耗：2,282.83kb] [文件加载：50]
[ info ] [ LANG ] /Library/WebServer/Documents/jfshop.gxwdbg.com/thinkphp/lang/zh-cn.php
[ info ] [ ROUTE ] array (
  'type' => 'module',
  'module' => 
  array (
    0 => 'mobile',
    1 => 'category',
    2 => 'get_goods',
  ),
)
[ info ] [ HEADER ] array (
  'host' => 'jfshopt.gxwdbg.com',
  'connection' => 'keep-alive',
  'accept' => 'text/html, */*; q=0.01',
  'x-requested-with' => 'XMLHttpRequest',
  'user-agent' => 'Mozilla/5.0 (iPhone; CPU iPhone OS 11_0 like Mac OS X) AppleWebKit/604.1.38 (KHTML, like Gecko) Version/11.0 Mobile/15A372 Safari/604.1',
  'referer' => 'http://jfshopt.gxwdbg.com/mobile/category/index',
  'accept-encoding' => 'gzip, deflate',
  'accept-language' => 'zh-CN,zh;q=0.9,ja;q=0.8',
  'cookie' => 'Hm_lvt_32e3cb4cf7e5c6772c4dc1f5d496b6af=1552306197; PHPSESSID=e19494585477fb0a68505e656103288e; osc_jump_url=http%3A%2F%2Fjfshopt.gxwdbg.com%2Fmobile%2F; Hm_lvt_920c9eb6c337fe682f18b68f6d2b2464=1550196710,1550541320,1552358521,1552444408; Hm_lvt_32e3cb4cf7e5c6772c4dc1f5d496b6af=1552306197; osc_mobile_user_info=think%3A%7B%22uid%22%3A%221%22%2C%22username%22%3A%22s1223s%22%2C%22nickname%22%3A%22s1223s%22%2C%22group_id%22%3A%222%22%7D; Hm_lpvt_32e3cb4cf7e5c6772c4dc1f5d496b6af=1552444489; Hm_lpvt_920c9eb6c337fe682f18b68f6d2b2464=1552444489',
)
[ info ] [ PARAM ] array (
  'id' => '38',
)
[ info ] [ CACHE ] INIT File
[ info ] [ RUN ] osc\mobile\controller\Category->get_goods[ /Library/WebServer/Documents/jfshop.gxwdbg.com/oscshop/mobile/controller/Category.php ]
[ info ] [ DB ] INIT mysql
[ info ] [ VIEW ] ./oscshop/mobile/view/category/goods.html [ array (
  0 => 'goods',
) ]
[ info ] [ LOG ] INIT File
---------------------------------------------------------------
[ 2019-03-13T10:39:58+08:00 ] 127.0.0.1 127.0.0.1 GET /mobile
[ info ] jfshopt.gxwdbg.com/mobile [运行时间：0.443308s][吞吐率：2.26req/s] [内存消耗：2,472.75kb] [文件加载：56]
[ info ] [ LANG ] /Library/WebServer/Documents/jfshop.gxwdbg.com/thinkphp/lang/zh-cn.php
[ info ] [ ROUTE ] array (
  'type' => 'module',
  'module' => 
  array (
    0 => 'mobile',
    1 => 'index',
    2 => 'index',
  ),
  'convert' => false,
)
[ info ] [ HEADER ] array (
  'host' => 'jfshopt.gxwdbg.com',
  'connection' => 'keep-alive',
  'upgrade-insecure-requests' => '1',
  'user-agent' => 'Mozilla/5.0 (iPhone; CPU iPhone OS 11_0 like Mac OS X) AppleWebKit/604.1.38 (KHTML, like Gecko) Version/11.0 Mobile/15A372 Safari/604.1',
  'accept' => 'text/html,application/xhtml+xml,application/xml;q=0.9,image/webp,image/apng,*/*;q=0.8',
  'referer' => 'http://jfshopt.gxwdbg.com/mobile/category/index',
  'accept-encoding' => 'gzip, deflate',
  'accept-language' => 'zh-CN,zh;q=0.9,ja;q=0.8',
  'cookie' => 'Hm_lvt_32e3cb4cf7e5c6772c4dc1f5d496b6af=1552306197; PHPSESSID=e19494585477fb0a68505e656103288e; osc_jump_url=http%3A%2F%2Fjfshopt.gxwdbg.com%2Fmobile%2F; Hm_lvt_920c9eb6c337fe682f18b68f6d2b2464=1550196710,1550541320,1552358521,1552444408; Hm_lvt_32e3cb4cf7e5c6772c4dc1f5d496b6af=1552306197; osc_mobile_user_info=think%3A%7B%22uid%22%3A%221%22%2C%22username%22%3A%22s1223s%22%2C%22nickname%22%3A%22s1223s%22%2C%22group_id%22%3A%222%22%7D; Hm_lpvt_32e3cb4cf7e5c6772c4dc1f5d496b6af=1552444677; Hm_lpvt_920c9eb6c337fe682f18b68f6d2b2464=1552444677',
)
[ info ] [ PARAM ] array (
)
[ info ] [ CACHE ] INIT File
[ info ] [ RUN ] osc\mobile\controller\Index->index[ /Library/WebServer/Documents/jfshop.gxwdbg.com/oscshop/mobile/controller/Index.php ]
[ info ] [ DB ] INIT mysql
[ info ] [ VIEW ] ./oscshop/mobile/view/index/index.html [ array (
  0 => 'goods',
  1 => 'timeoff',
  2 => 'list',
  3 => 'SEO',
  4 => 'flag',
  5 => 'userinfo',
) ]
[ info ] [ LOG ] INIT File
[ error ] [8]未定义数组下标: 0[/Library/WebServer/Documents/jfshop.gxwdbg.com/oscshop/mobile/controller/Index.php:24]
[ error ] [8]未定义数组下标: 0[/Library/WebServer/Documents/jfshop.gxwdbg.com/oscshop/mobile/controller/Index.php:25]
[ error ] [8]Use of undefined constant UID - assumed 'UID'[/Library/WebServer/Documents/jfshop.gxwdbg.com/oscshop/mobile/controller/Index.php:54]
---------------------------------------------------------------
[ 2019-03-13T10:39:58+08:00 ] 127.0.0.1 127.0.0.1 GET /mobile/index/ajax_goods_list/page/0
[ info ] jfshopt.gxwdbg.com/mobile/index/ajax_goods_list/page/0 [运行时间：0.046848s][吞吐率：21.35req/s] [内存消耗：1,809.85kb] [文件加载：49]
[ info ] [ LANG ] /Library/WebServer/Documents/jfshop.gxwdbg.com/thinkphp/lang/zh-cn.php
[ info ] [ ROUTE ] array (
  'type' => 'module',
  'module' => 
  array (
    0 => 'mobile',
    1 => 'index',
    2 => 'ajax_goods_list',
  ),
)
[ info ] [ HEADER ] array (
  'host' => 'jfshopt.gxwdbg.com',
  'connection' => 'keep-alive',
  'accept' => '*/*',
  'x-requested-with' => 'XMLHttpRequest',
  'user-agent' => 'Mozilla/5.0 (iPhone; CPU iPhone OS 11_0 like Mac OS X) AppleWebKit/604.1.38 (KHTML, like Gecko) Version/11.0 Mobile/15A372 Safari/604.1',
  'referer' => 'http://jfshopt.gxwdbg.com/mobile',
  'accept-encoding' => 'gzip, deflate',
  'accept-language' => 'zh-CN,zh;q=0.9,ja;q=0.8',
  'cookie' => 'Hm_lvt_32e3cb4cf7e5c6772c4dc1f5d496b6af=1552306197; PHPSESSID=e19494585477fb0a68505e656103288e; Hm_lvt_920c9eb6c337fe682f18b68f6d2b2464=1550196710,1550541320,1552358521,1552444408; Hm_lvt_32e3cb4cf7e5c6772c4dc1f5d496b6af=1552306197; osc_mobile_user_info=think%3A%7B%22uid%22%3A%221%22%2C%22username%22%3A%22s1223s%22%2C%22nickname%22%3A%22s1223s%22%2C%22group_id%22%3A%222%22%7D; Hm_lpvt_32e3cb4cf7e5c6772c4dc1f5d496b6af=1552444677; Hm_lpvt_920c9eb6c337fe682f18b68f6d2b2464=1552444677; osc_jump_url=http%3A%2F%2Fjfshopt.gxwdbg.com%2Fmobile',
)
[ info ] [ PARAM ] array (
  'page' => '0',
)
[ info ] [ CACHE ] INIT File
[ info ] [ RUN ] osc\mobile\controller\Index->ajax_goods_list[ /Library/WebServer/Documents/jfshop.gxwdbg.com/oscshop/mobile/controller/Index.php ]
[ info ] [ DB ] INIT mysql
[ info ] [ LOG ] INIT File
---------------------------------------------------------------
[ 2019-03-13T10:40:05+08:00 ] 127.0.0.1 127.0.0.1 GET /mobile/user/index
[ info ] jfshopt.gxwdbg.com/mobile/user/index [运行时间：0.257058s][吞吐率：3.89req/s] [内存消耗：2,415.91kb] [文件加载：54]
[ info ] [ LANG ] /Library/WebServer/Documents/jfshop.gxwdbg.com/thinkphp/lang/zh-cn.php
[ info ] [ ROUTE ] array (
  'type' => 'module',
  'module' => 
  array (
    0 => 'mobile',
    1 => 'user',
    2 => 'index',
  ),
)
[ info ] [ HEADER ] array (
  'host' => 'jfshopt.gxwdbg.com',
  'connection' => 'keep-alive',
  'upgrade-insecure-requests' => '1',
  'user-agent' => 'Mozilla/5.0 (iPhone; CPU iPhone OS 11_0 like Mac OS X) AppleWebKit/604.1.38 (KHTML, like Gecko) Version/11.0 Mobile/15A372 Safari/604.1',
  'accept' => 'text/html,application/xhtml+xml,application/xml;q=0.9,image/webp,image/apng,*/*;q=0.8',
  'referer' => 'http://jfshopt.gxwdbg.com/mobile',
  'accept-encoding' => 'gzip, deflate',
  'accept-language' => 'zh-CN,zh;q=0.9,ja;q=0.8',
  'cookie' => 'Hm_lvt_32e3cb4cf7e5c6772c4dc1f5d496b6af=1552306197; PHPSESSID=e19494585477fb0a68505e656103288e; Hm_lvt_920c9eb6c337fe682f18b68f6d2b2464=1550196710,1550541320,1552358521,1552444408; Hm_lvt_32e3cb4cf7e5c6772c4dc1f5d496b6af=1552306197; osc_mobile_user_info=think%3A%7B%22uid%22%3A%221%22%2C%22username%22%3A%22s1223s%22%2C%22nickname%22%3A%22s1223s%22%2C%22group_id%22%3A%222%22%7D; osc_jump_url=http%3A%2F%2Fjfshopt.gxwdbg.com%2Fmobile; Hm_lpvt_920c9eb6c337fe682f18b68f6d2b2464=1552444798; Hm_lpvt_32e3cb4cf7e5c6772c4dc1f5d496b6af=1552444798',
)
[ info ] [ PARAM ] array (
)
[ info ] [ CACHE ] INIT File
[ info ] [ RUN ] osc\mobile\controller\User->index[ /Library/WebServer/Documents/jfshop.gxwdbg.com/oscshop/mobile/controller/User.php ]
[ info ] [ DB ] INIT mysql
[ info ] [ VIEW ] ./oscshop/mobile/view/user/index.html [ array (
  0 => 'no_pay',
  1 => 'paid',
  2 => 'userinfo',
  3 => 'SEO',
  4 => 'uid',
  5 => 'flag',
) ]
[ info ] [ LOG ] INIT File
---------------------------------------------------------------
[ 2019-03-13T14:38:38+08:00 ] 127.0.0.1 127.0.0.1 GET /admin/daliyreport/index
[ info ] jfshopt.gxwdbg.com/admin/daliyreport/index [运行时间：0.503686s][吞吐率：1.99req/s] [内存消耗：1,884.20kb] [文件加载：50]
[ info ] [ LANG ] /Library/WebServer/Documents/jfshop.gxwdbg.com/thinkphp/lang/zh-cn.php
[ info ] [ ROUTE ] array (
  'type' => 'module',
  'module' => 
  array (
    0 => 'admin',
    1 => 'daliyreport',
    2 => 'index',
  ),
)
[ info ] [ HEADER ] array (
  'host' => 'jfshopt.gxwdbg.com',
  'connection' => 'keep-alive',
  'upgrade-insecure-requests' => '1',
  'user-agent' => 'Mozilla/5.0 (Macintosh; Intel Mac OS X 10_14_3) AppleWebKit/537.36 (KHTML, like Gecko) Chrome/72.0.3626.121 Safari/537.36',
  'accept' => 'text/html,application/xhtml+xml,application/xml;q=0.9,image/webp,image/apng,*/*;q=0.8',
  'referer' => 'http://jfshopt.gxwdbg.com/admin/Index/index',
  'accept-encoding' => 'gzip, deflate',
  'accept-language' => 'zh-CN,zh;q=0.9,ja;q=0.8',
  'cookie' => 'Hm_lvt_32e3cb4cf7e5c6772c4dc1f5d496b6af=1552306197; PHPSESSID=e19494585477fb0a68505e656103288e; Hm_lvt_920c9eb6c337fe682f18b68f6d2b2464=1550196710,1550541320,1552358521,1552444408; Hm_lvt_32e3cb4cf7e5c6772c4dc1f5d496b6af=1552306197; osc_mobile_user_info=think%3A%7B%22uid%22%3A%221%22%2C%22username%22%3A%22s1223s%22%2C%22nickname%22%3A%22s1223s%22%2C%22group_id%22%3A%222%22%7D; osc_jump_url=http%3A%2F%2Fjfshopt.gxwdbg.com%2Fmobile; Hm_lpvt_920c9eb6c337fe682f18b68f6d2b2464=1552444806; Hm_lpvt_32e3cb4cf7e5c6772c4dc1f5d496b6af=1552444806',
)
[ info ] [ PARAM ] array (
)
[ info ] [ CACHE ] INIT File
[ info ] [ SESSION ] INIT array (
  'type' => '',
  'auto_start' => true,
)
[ info ] [ DB ] INIT mysql
[ info ] [ RUN ] osc\admin\controller\daliyreport->index[ /Library/WebServer/Documents/jfshop.gxwdbg.com/oscshop/admin/controller/Daliyreport.php ]
[ info ] [ LOG ] INIT File
[ error ] [2]mysqli_connect(): (HY000/2002): No such file or directory[/Library/WebServer/Documents/jfshop.gxwdbg.com/oscshop/admin/controller/Daliyreport.php:10]
---------------------------------------------------------------
[ 2019-03-13T14:39:17+08:00 ] 127.0.0.1 127.0.0.1 GET /admin/Index/index
[ info ] jfshopt.gxwdbg.com/admin/Index/index [运行时间：7.710344s][吞吐率：0.13req/s] [内存消耗：2,674.44kb] [文件加载：55]
[ info ] [ LANG ] /Library/WebServer/Documents/jfshop.gxwdbg.com/thinkphp/lang/zh-cn.php
[ info ] [ ROUTE ] array (
  'type' => 'module',
  'module' => 
  array (
    0 => 'admin',
    1 => 'Index',
    2 => 'index',
  ),
)
[ info ] [ HEADER ] array (
  'host' => 'jfshopt.gxwdbg.com',
  'connection' => 'keep-alive',
  'upgrade-insecure-requests' => '1',
  'user-agent' => 'Mozilla/5.0 (Macintosh; Intel Mac OS X 10_14_3) AppleWebKit/537.36 (KHTML, like Gecko) Chrome/72.0.3626.121 Safari/537.36',
  'accept' => 'text/html,application/xhtml+xml,application/xml;q=0.9,image/webp,image/apng,*/*;q=0.8',
  'referer' => 'http://jfshopt.gxwdbg.com/admin/Login/login',
  'accept-encoding' => 'gzip, deflate',
  'accept-language' => 'zh-CN,zh;q=0.9,ja;q=0.8',
  'cookie' => 'Hm_lvt_32e3cb4cf7e5c6772c4dc1f5d496b6af=1552306197; PHPSESSID=e19494585477fb0a68505e656103288e; Hm_lvt_920c9eb6c337fe682f18b68f6d2b2464=1550196710,1550541320,1552358521,1552444408; Hm_lvt_32e3cb4cf7e5c6772c4dc1f5d496b6af=1552306197; osc_mobile_user_info=think%3A%7B%22uid%22%3A%221%22%2C%22username%22%3A%22s1223s%22%2C%22nickname%22%3A%22s1223s%22%2C%22group_id%22%3A%222%22%7D; osc_jump_url=http%3A%2F%2Fjfshopt.gxwdbg.com%2Fmobile; Hm_lpvt_920c9eb6c337fe682f18b68f6d2b2464=1552444806; Hm_lpvt_32e3cb4cf7e5c6772c4dc1f5d496b6af=1552444806',
)
[ info ] [ PARAM ] array (
)
[ info ] [ CACHE ] INIT File
[ info ] [ SESSION ] INIT array (
  'type' => '',
  'auto_start' => true,
)
[ info ] [ DB ] INIT mysql
[ info ] [ RUN ] osc\admin\controller\Index->index[ /Library/WebServer/Documents/jfshop.gxwdbg.com/oscshop/admin/controller/Index.php ]
[ info ] [ VIEW ] ./oscshop/admin/view/index/index.html [ array (
  0 => 'admin_menu',
  1 => 'total_order',
  2 => 'today_order',
  3 => 'total_money',
  4 => 'today_money',
  5 => 'user_action_total',
  6 => 'today_user_action',
  7 => 'today_member',
  8 => 'member_count',
  9 => 'user_action',
  10 => 'uc_empty',
  11 => 'order_list',
  12 => 'empty',
) ]
[ info ] [ LOG ] INIT File
